2023-07-17 15:34:40 [queue.INFO] [yii\db\Connection::open] Opening DB connection: mysql:host=127.0.0.1;dbname=whitenoise;port=8889 {"memory":765200} 
2023-07-17 15:34:40 [queue.INFO] [yii\web\Session::open] Session started {"memory":1054760} 
2023-07-17 15:34:40 [queue.INFO] [adigital\cookieconsentbanner\CookieConsentBanner::init] Cookie Consent Banner plugin loaded {"memory":1178160} 
2023-07-17 15:34:40 [queue.INFO] [nystudio107\cookies\Cookies::init] Cookies plugin loaded {"memory":1197592} 
2023-07-17 15:34:40 [queue.INFO] [craft\queue\QueueLogBehavior::beforeExec]  [2] t9n:["app","Updating search indexes"] (attempt: 1, pid: 19303) - Started {"memory":1678616} 
2023-07-17 15:34:40 [queue.INFO] [craft\queue\QueueLogBehavior::afterExec]  [2] t9n:["app","Updating search indexes"] (attempt: 1, pid: 19303) - Done (time: 0.034s) {"memory":1975584} 
2023-07-17 15:34:40 [queue.INFO] [craft\queue\QueueLogBehavior::beforeExec]  [4] t9n:["app","Updating search indexes"] (attempt: 1, pid: 19303) - Started {"memory":1979032} 
2023-07-17 15:34:40 [queue.INFO] [craft\queue\QueueLogBehavior::afterExec]  [4] t9n:["app","Updating search indexes"] (attempt: 1, pid: 19303) - Done (time: 0.007s) {"memory":2022184} 
2023-07-17 15:34:40 [queue.INFO] [craft\queue\QueueLogBehavior::beforeExec]  [1] t9n:["app","Pruning extra revisions"] (attempt: 1, pid: 19303) - Started {"memory":2025952} 
2023-07-17 15:34:40 [queue.INFO] [craft\queue\QueueLogBehavior::afterExec]  [1] t9n:["app","Pruning extra revisions"] (attempt: 1, pid: 19303) - Done (time: 0.003s) {"memory":2050488} 
2023-07-17 15:34:40 [queue.INFO] [craft\queue\QueueLogBehavior::beforeExec]  [3] t9n:["app","Pruning extra revisions"] (attempt: 1, pid: 19303) - Started {"memory":2053936} 
2023-07-17 15:34:40 [queue.INFO] [craft\queue\QueueLogBehavior::afterExec]  [3] t9n:["app","Pruning extra revisions"] (attempt: 1, pid: 19303) - Done (time: 0.003s) {"memory":2077960} 
2023-07-17 15:34:40 [queue.INFO] [application] Request context:
$_GET = [
    'p' => 'admin/actions/queue/run'
    'v' => '1689608079859'
]

$_POST = []

$_FILES = []

$_COOKIE = [
    '8f2c3cf96b939295061eb13a81ccc27a_username' => 'c756a378f9ad4b95b39abb629ac78d6924bfe5af5bf71406651b02291bd6276ba:2:{i:0;s:41:\"8f2c3cf96b939295061eb13a81ccc27a_username\";i:1;s:5:\"admin\";}'
    'cookieconsent_status' => 'allow'
    'CraftSessionId' => 'o4qsiq2q62828f0rrs7evtgc5f'
    'CRAFT_CSRF_TOKEN' => '••••••••••••••••••••••••••••••••••••••••••••••••••••••••••••••••••••••••••••••••••••••••••••••••••••••••••••••••••••••••••••••••••••••••••••••••••••••••••••••••••••••••••••••••••••••••••••••••••••••••••••••••••••••••••••••••••••••••••••••••••••••••••••••••••'
    '8f2c3cf96b939295061eb13a81ccc27a_identity' => 'b55cb2671ece2ba83a7d014161fc10938873e1680bca1d7cdf6010d71ba5fd63a:2:{i:0;s:41:\"8f2c3cf96b939295061eb13a81ccc27a_identity\";i:1;s:159:\"[1,\"[\\\"FkDxjfIAp91ysv1aLJUsQFalzbflWoyeyeihOLuKwfDS0ZHJ4aH1Gqj4mSqgj0axFjmwI3UelvXTTLsgGEkAhTgoY8mBGFGzFdZu\\\",null,\\\"38a19dfe5bc5c11e9bd9b90544eff8a9\\\"]\",3600]\";}'
]

$_SESSION = [
    '0d86b8e7ffa267616a3ade71e3baf37d__flash' => []
    '0d86b8e7ffa267616a3ade71e3baf37d__auth_access' => [
        0 => 'saveAssets:56f30d52-cee5-4f1a-b135-27ad8bbe2ad9'
        1 => 'editStructure:1'
        2 => 'previewDraft:1'
        3 => 'previewDraft:2'
        4 => 'previewDraft:3'
    ]
    '0d288d4e658c316633fd8e56f46f25d4__flash' => []
    '6701f3021676bf2012f61bab1ab43a87__flash' => []
    '8f2c3cf96b939295061eb13a81ccc27a__token' => '••••••••••••••••••••••••••••••••••••••••••••••••••••••••••••••••••••••••••••••••••••••••••••••••••••'
    '8f2c3cf96b939295061eb13a81ccc27a__id' => 1
    '__authKey' => '••••••••••••••••••••••••••••••••••••••••••••••••••••••••••••••••••••••••••••••••••••••••••••••••••••••••••••••••••••••••••••••••••••••••••••••••'
    '8f2c3cf96b939295061eb13a81ccc27a__expire' => 1689611679
    '__duration' => 3600
]

$_SERVER = [
    'HTTP_HOST' => 'local.whitenoise.com'
    'HTTP_USER_AGENT' => 'Mozilla/5.0 (Macintosh; Intel Mac OS X 10.15; rv:109.0) Gecko/20100101 Firefox/115.0'
    'HTTP_ACCEPT' => 'application/json, text/plain, */*'
    'HTTP_ACCEPT_LANGUAGE' => 'en-GB,en;q=0.5'
    'HTTP_ACCEPT_ENCODING' => 'gzip, deflate'
    'HTTP_REFERER' => 'http://local.whitenoise.com/admin/settings/sections/3/entrytypes'
    'HTTP_X_REQUESTED_WITH' => 'XMLHttpRequest'
    'HTTP_X_REGISTERED_ASSET_BUNDLES' => ',verbb\\cpnav\\assetbundles\\CpNavAsset,verbb\\base\\assetbundles\\CpAsset,craft\\web\\assets\\cp\\CpAsset,craft\\web\\assets\\tailwindreset\\TailwindResetAsset,craft\\web\\assets\\axios\\AxiosAsset,craft\\web\\assets\\d3\\D3Asset,craft\\web\\assets\\elementresizedetector\\ElementResizeDetectorAsset,craft\\web\\assets\\garnish\\GarnishAsset,yii\\web\\JqueryAsset,craft\\web\\assets\\jquerytouchevents\\JqueryTouchEventsAsset,craft\\web\\assets\\velocity\\VelocityAsset,craft\\web\\assets\\jqueryui\\JqueryUiAsset,craft\\web\\assets\\jquerypayment\\JqueryPaymentAsset,craft\\web\\assets\\datepickeri18n\\DatepickerI18nAsset,craft\\web\\assets\\picturefill\\PicturefillAsset,craft\\web\\assets\\selectize\\SelectizeAsset,craft\\web\\assets\\fileupload\\FileUploadAsset,craft\\web\\assets\\xregexp\\XregexpAsset,craft\\web\\assets\\fabric\\FabricAsset,craft\\web\\assets\\iframeresizer\\IframeResizerAsset,craft\\web\\assets\\admintable\\AdminTableAsset,craft\\web\\assets\\vue\\VueAsset'
    'HTTP_X_REGISTERED_JS_FILES' => ',http://local.whitenoise.com/cpresources/70b03163/tailwind_reset.js?v=1688552158,http://local.whitenoise.com/cpresources/47dc27af/axios.js?v=1688552158,http://local.whitenoise.com/cpresources/61d80f40/d3.js?v=1688552158,http://local.whitenoise.com/cpresources/a0f602ab/element-resize-detector.js?v=1688552158,http://local.whitenoise.com/cpresources/a5161d43/jquery.js?v=1688552158,http://local.whitenoise.com/cpresources/f3eb69e9/jquery.mobile-events.js?v=1688552158,http://local.whitenoise.com/cpresources/f62fb43c/velocity.js?v=1688552158,http://local.whitenoise.com/cpresources/1987b0ea/garnish.js?v=1688552158,http://local.whitenoise.com/cpresources/aff18d55/jquery-ui.js?v=1688552158,http://local.whitenoise.com/cpresources/f3b8b68b/jquery.payment.js?v=1688552158,http://local.whitenoise.com/cpresources/fdb33f4c/datepicker-en-GB.js?v=1688552158,http://local.whitenoise.com/cpresources/cfe36c55/picturefill.js?v=1688552158,http://local.whitenoise.com/cpresources/77a58b41/selectize.js?v=1688552158,http://local.whitenoise.com/cpresources/b18a5bfe/jquery.fileupload.js?v=1688552158,http://local.whitenoise.com/cpresources/c45bd155/xregexp-all.js?v=1688552158,http://local.whitenoise.com/cpresources/313587fd/fabric.js?v=1688552158,http://local.whitenoise.com/cpresources/6ab906f7/iframeResizer.js?v=1688552158,http://local.whitenoise.com/cpresources/7bed2909/cp.js?v=1688552158,http://local.whitenoise.com/cpresources/ea050731/js/verbb-ui.js?v=1688552158,http://local.whitenoise.com/cpresources/2b83d9da/js/cp-nav.js?v=1688552158,http://local.whitenoise.com/cpresources/e20f6c67/vue.js?v=1688565720,http://local.whitenoise.com/cpresources/809f315/js/app.js?v=1688565720'
    'HTTP_X_CSRF_TOKEN' => '••••••••••••••••••••••••••••••••••••••••••••••••••••••••••••••••••••••••••••••••••••••••••••••••••••••••••••••••••••••••••••••••••••••••••••••••••••••••••••••••••••••••••••••••••••••••••••••••••••••••••••••••••••••••••••••••••••••••••••••••••••••••••••••••••••••••••••••••••••••••••••••••••••••••••••••••••••••••••••••••••••••••••••••••••••••••••••••••••••••••••••••••••••••••••••••••••••••••'
    'HTTP_ORIGIN' => 'http://local.whitenoise.com'
    'HTTP_CONNECTION' => 'keep-alive'
    'HTTP_COOKIE' => '8f2c3cf96b939295061eb13a81ccc27a_username=c756a378f9ad4b95b39abb629ac78d6924bfe5af5bf71406651b02291bd6276ba%3A2%3A%7Bi%3A0%3Bs%3A41%3A%228f2c3cf96b939295061eb13a81ccc27a_username%22%3Bi%3A1%3Bs%3A5%3A%22admin%22%3B%7D; cookieconsent_status=allow; CraftSessionId=o4qsiq2q62828f0rrs7evtgc5f; CRAFT_CSRF_TOKEN=9fa2202f6b5224d15ba776b9f90951254f938cc032261b1e0e47ee6d81d0e3b4a%3A2%3A%7Bi%3A0%3Bs%3A16%3A%22CRAFT_CSRF_TOKEN%22%3Bi%3A1%3Bs%3A147%3A%22viO9uOcX3bTdvIFXtLO7n59FdNhwSE8L2XIKRb0D%7Cca06dbc404acdebd3a285917e4e07e6a887a8e270199b91b79c4d430efc2a03cviO9uOcX3bTdvIFXtLO7n59FdNhwSE8L2XIKRb0D%7C1%22%3B%7D; 8f2c3cf96b939295061eb13a81ccc27a_identity=b55cb2671ece2ba83a7d014161fc10938873e1680bca1d7cdf6010d71ba5fd63a%3A2%3A%7Bi%3A0%3Bs%3A41%3A%228f2c3cf96b939295061eb13a81ccc27a_identity%22%3Bi%3A1%3Bs%3A159%3A%22%5B1%2C%22%5B%5C%22FkDxjfIAp91ysv1aLJUsQFalzbflWoyeyeihOLuKwfDS0ZHJ4aH1Gqj4mSqgj0axFjmwI3UelvXTTLsgGEkAhTgoY8mBGFGzFdZu%5C%22%2Cnull%2C%5C%2238a19dfe5bc5c11e9bd9b90544eff8a9%5C%22%5D%22%2C3600%5D%22%3B%7D'
    'CONTENT_LENGTH' => '0'
    'PATH' => '/usr/bin:/bin:/usr/sbin:/sbin'
    'SERVER_SIGNATURE' => ''
    'SERVER_SOFTWARE' => 'Apache/2.4.54 (Unix) OpenSSL/1.0.2u PHP/8.2.0 mod_wsgi/3.5 Python/2.7.18 mod_fastcgi/mod_fastcgi-SNAP-0910052141 mod_perl/2.0.11 Perl/v5.30.1'
    'SERVER_NAME' => 'local.whitenoise.com'
    'SERVER_ADDR' => '127.0.0.1'
    'SERVER_PORT' => '80'
    'REMOTE_ADDR' => '127.0.0.1'
    'DOCUMENT_ROOT' => '/Applications/MAMP/htdocs/local.whitenoise.com/public_html'
    'REQUEST_SCHEME' => 'http'
    'CONTEXT_PREFIX' => ''
    'CONTEXT_DOCUMENT_ROOT' => '/Applications/MAMP/htdocs/local.whitenoise.com/public_html'
    'SERVER_ADMIN' => 'you@example.com'
    'SCRIPT_FILENAME' => '/Applications/MAMP/htdocs/local.whitenoise.com/public_html/index.php'
    'REMOTE_PORT' => '57069'
    'GATEWAY_INTERFACE' => 'CGI/1.1'
    'SERVER_PROTOCOL' => 'HTTP/1.1'
    'REQUEST_METHOD' => 'POST'
    'QUERY_STRING' => 'p=admin%2Factions%2Fqueue%2Frun&v=1689608079859'
    'REQUEST_URI' => '/index.php?p=admin%2Factions%2Fqueue%2Frun&v=1689608079859'
    'SCRIPT_NAME' => '/index.php'
    'PHP_SELF' => '/index.php'
    'REQUEST_TIME_FLOAT' => 1689608079.8599
    'REQUEST_TIME' => 1689608079
    'CRAFT_APP_ID' => 'CraftCMS--4f80cc3b-76dd-45b1-9147-bc8717a572d4'
    'CRAFT_ENVIRONMENT' => 'dev'
    'CRAFT_SECURITY_KEY' => '••••••••••••••••••••••••••••••••'
    'CRAFT_DB_DRIVER' => 'mysql'
    'CRAFT_DB_SERVER' => '127.0.0.1'
    'CRAFT_DB_PORT' => '8889'
    'CRAFT_DB_DATABASE' => 'whitenoise'
    'CRAFT_DB_USER' => 'root'
    'CRAFT_DB_PASSWORD' => '••••'
    'CRAFT_DB_SCHEMA' => ''
    'CRAFT_DB_TABLE_PREFIX' => ''
    'DEV_MODE' => 'true'
    'ALLOW_ADMIN_CHANGES' => 'true'
    'DISALLOW_ROBOTS' => 'true'
    'PRIMARY_SITE_URL' => 'http://local.whitenoise.com/'
] {"userId":1} 
2023-07-17 15:34:59 [queue.INFO] [yii\db\Connection::open] Opening DB connection: mysql:host=127.0.0.1;dbname=whitenoise;port=8889 {"memory":765152} 
2023-07-17 15:34:59 [queue.INFO] [yii\web\Session::open] Session started {"memory":1058232} 
2023-07-17 15:34:59 [queue.INFO] [adigital\cookieconsentbanner\CookieConsentBanner::init] Cookie Consent Banner plugin loaded {"memory":1181624} 
2023-07-17 15:34:59 [queue.INFO] [nystudio107\cookies\Cookies::init] Cookies plugin loaded {"memory":1201056} 
2023-07-17 15:34:59 [queue.INFO] [craft\queue\QueueLogBehavior::beforeExec]  [6] t9n:["app","Updating search indexes"] (attempt: 1, pid: 24762) - Started {"memory":1615712} 
2023-07-17 15:34:59 [queue.INFO] [craft\queue\QueueLogBehavior::afterExec]  [6] t9n:["app","Updating search indexes"] (attempt: 1, pid: 24762) - Done (time: 0.020s) {"memory":1979944} 
2023-07-17 15:34:59 [queue.INFO] [craft\queue\QueueLogBehavior::beforeExec]  [5] t9n:["app","Pruning extra revisions"] (attempt: 1, pid: 24762) - Started {"memory":1983392} 
2023-07-17 15:34:59 [queue.INFO] [craft\queue\QueueLogBehavior::afterExec]  [5] t9n:["app","Pruning extra revisions"] (attempt: 1, pid: 24762) - Done (time: 0.003s) {"memory":2007928} 
2023-07-17 15:34:59 [queue.INFO] [application] Request context:
$_GET = [
    'p' => 'admin/actions/queue/run'
    'v' => '1689608099057'
]

$_POST = []

$_FILES = []

$_COOKIE = [
    '8f2c3cf96b939295061eb13a81ccc27a_username' => 'c756a378f9ad4b95b39abb629ac78d6924bfe5af5bf71406651b02291bd6276ba:2:{i:0;s:41:\"8f2c3cf96b939295061eb13a81ccc27a_username\";i:1;s:5:\"admin\";}'
    'cookieconsent_status' => 'allow'
    'CraftSessionId' => 'o4qsiq2q62828f0rrs7evtgc5f'
    'CRAFT_CSRF_TOKEN' => '••••••••••••••••••••••••••••••••••••••••••••••••••••••••••••••••••••••••••••••••••••••••••••••••••••••••••••••••••••••••••••••••••••••••••••••••••••••••••••••••••••••••••••••••••••••••••••••••••••••••••••••••••••••••••••••••••••••••••••••••••••••••••••••••••'
    '8f2c3cf96b939295061eb13a81ccc27a_identity' => 'b55cb2671ece2ba83a7d014161fc10938873e1680bca1d7cdf6010d71ba5fd63a:2:{i:0;s:41:\"8f2c3cf96b939295061eb13a81ccc27a_identity\";i:1;s:159:\"[1,\"[\\\"FkDxjfIAp91ysv1aLJUsQFalzbflWoyeyeihOLuKwfDS0ZHJ4aH1Gqj4mSqgj0axFjmwI3UelvXTTLsgGEkAhTgoY8mBGFGzFdZu\\\",null,\\\"38a19dfe5bc5c11e9bd9b90544eff8a9\\\"]\",3600]\";}'
]

$_SESSION = [
    '0d86b8e7ffa267616a3ade71e3baf37d__flash' => []
    '0d86b8e7ffa267616a3ade71e3baf37d__auth_access' => [
        0 => 'saveAssets:56f30d52-cee5-4f1a-b135-27ad8bbe2ad9'
        1 => 'editStructure:1'
        2 => 'previewDraft:1'
        3 => 'previewDraft:2'
        4 => 'previewDraft:3'
    ]
    '0d288d4e658c316633fd8e56f46f25d4__flash' => []
    '6701f3021676bf2012f61bab1ab43a87__flash' => []
    '8f2c3cf96b939295061eb13a81ccc27a__token' => '••••••••••••••••••••••••••••••••••••••••••••••••••••••••••••••••••••••••••••••••••••••••••••••••••••'
    '8f2c3cf96b939295061eb13a81ccc27a__id' => 1
    '__authKey' => '••••••••••••••••••••••••••••••••••••••••••••••••••••••••••••••••••••••••••••••••••••••••••••••••••••••••••••••••••••••••••••••••••••••••••••••••'
    '8f2c3cf96b939295061eb13a81ccc27a__expire' => 1689611699
    '__duration' => 3600
]

$_SERVER = [
    'HTTP_HOST' => 'local.whitenoise.com'
    'HTTP_USER_AGENT' => 'Mozilla/5.0 (Macintosh; Intel Mac OS X 10.15; rv:109.0) Gecko/20100101 Firefox/115.0'
    'HTTP_ACCEPT' => 'application/json, text/plain, */*'
    'HTTP_ACCEPT_LANGUAGE' => 'en-GB,en;q=0.5'
    'HTTP_ACCEPT_ENCODING' => 'gzip, deflate'
    'HTTP_REFERER' => 'http://local.whitenoise.com/admin/settings/sections'
    'HTTP_X_REQUESTED_WITH' => 'XMLHttpRequest'
    'HTTP_X_REGISTERED_ASSET_BUNDLES' => ',verbb\\cpnav\\assetbundles\\CpNavAsset,verbb\\base\\assetbundles\\CpAsset,craft\\web\\assets\\cp\\CpAsset,craft\\web\\assets\\tailwindreset\\TailwindResetAsset,craft\\web\\assets\\axios\\AxiosAsset,craft\\web\\assets\\d3\\D3Asset,craft\\web\\assets\\elementresizedetector\\ElementResizeDetectorAsset,craft\\web\\assets\\garnish\\GarnishAsset,yii\\web\\JqueryAsset,craft\\web\\assets\\jquerytouchevents\\JqueryTouchEventsAsset,craft\\web\\assets\\velocity\\VelocityAsset,craft\\web\\assets\\jqueryui\\JqueryUiAsset,craft\\web\\assets\\jquerypayment\\JqueryPaymentAsset,craft\\web\\assets\\datepickeri18n\\DatepickerI18nAsset,craft\\web\\assets\\picturefill\\PicturefillAsset,craft\\web\\assets\\selectize\\SelectizeAsset,craft\\web\\assets\\fileupload\\FileUploadAsset,craft\\web\\assets\\xregexp\\XregexpAsset,craft\\web\\assets\\fabric\\FabricAsset,craft\\web\\assets\\iframeresizer\\IframeResizerAsset,craft\\web\\assets\\admintable\\AdminTableAsset,craft\\web\\assets\\vue\\VueAsset'
    'HTTP_X_REGISTERED_JS_FILES' => ',http://local.whitenoise.com/cpresources/70b03163/tailwind_reset.js?v=1688552158,http://local.whitenoise.com/cpresources/47dc27af/axios.js?v=1688552158,http://local.whitenoise.com/cpresources/61d80f40/d3.js?v=1688552158,http://local.whitenoise.com/cpresources/a0f602ab/element-resize-detector.js?v=1688552158,http://local.whitenoise.com/cpresources/a5161d43/jquery.js?v=1688552158,http://local.whitenoise.com/cpresources/f3eb69e9/jquery.mobile-events.js?v=1688552158,http://local.whitenoise.com/cpresources/f62fb43c/velocity.js?v=1688552158,http://local.whitenoise.com/cpresources/1987b0ea/garnish.js?v=1688552158,http://local.whitenoise.com/cpresources/aff18d55/jquery-ui.js?v=1688552158,http://local.whitenoise.com/cpresources/f3b8b68b/jquery.payment.js?v=1688552158,http://local.whitenoise.com/cpresources/fdb33f4c/datepicker-en-GB.js?v=1688552158,http://local.whitenoise.com/cpresources/cfe36c55/picturefill.js?v=1688552158,http://local.whitenoise.com/cpresources/77a58b41/selectize.js?v=1688552158,http://local.whitenoise.com/cpresources/b18a5bfe/jquery.fileupload.js?v=1688552158,http://local.whitenoise.com/cpresources/c45bd155/xregexp-all.js?v=1688552158,http://local.whitenoise.com/cpresources/313587fd/fabric.js?v=1688552158,http://local.whitenoise.com/cpresources/6ab906f7/iframeResizer.js?v=1688552158,http://local.whitenoise.com/cpresources/7bed2909/cp.js?v=1688552158,http://local.whitenoise.com/cpresources/ea050731/js/verbb-ui.js?v=1688552158,http://local.whitenoise.com/cpresources/2b83d9da/js/cp-nav.js?v=1688552158,http://local.whitenoise.com/cpresources/e20f6c67/vue.js?v=1688565720,http://local.whitenoise.com/cpresources/809f315/js/app.js?v=1688565720'
    'HTTP_X_CSRF_TOKEN' => '••••••••••••••••••••••••••••••••••••••••••••••••••••••••••••••••••••••••••••••••••••••••••••••••••••••••••••••••••••••••••••••••••••••••••••••••••••••••••••••••••••••••••••••••••••••••••••••••••••••••••••••••••••••••••••••••••••••••••••••••••••••••••••••••••••••••••••••••••••••••••••••••••••••••••••••••••••••••••••••••••••••••••••••••••••••••••••••••••••••••••••••••••••••••••••••••••••••••'
    'HTTP_ORIGIN' => 'http://local.whitenoise.com'
    'HTTP_CONNECTION' => 'keep-alive'
    'HTTP_COOKIE' => '8f2c3cf96b939295061eb13a81ccc27a_username=c756a378f9ad4b95b39abb629ac78d6924bfe5af5bf71406651b02291bd6276ba%3A2%3A%7Bi%3A0%3Bs%3A41%3A%228f2c3cf96b939295061eb13a81ccc27a_username%22%3Bi%3A1%3Bs%3A5%3A%22admin%22%3B%7D; cookieconsent_status=allow; CraftSessionId=o4qsiq2q62828f0rrs7evtgc5f; CRAFT_CSRF_TOKEN=9fa2202f6b5224d15ba776b9f90951254f938cc032261b1e0e47ee6d81d0e3b4a%3A2%3A%7Bi%3A0%3Bs%3A16%3A%22CRAFT_CSRF_TOKEN%22%3Bi%3A1%3Bs%3A147%3A%22viO9uOcX3bTdvIFXtLO7n59FdNhwSE8L2XIKRb0D%7Cca06dbc404acdebd3a285917e4e07e6a887a8e270199b91b79c4d430efc2a03cviO9uOcX3bTdvIFXtLO7n59FdNhwSE8L2XIKRb0D%7C1%22%3B%7D; 8f2c3cf96b939295061eb13a81ccc27a_identity=b55cb2671ece2ba83a7d014161fc10938873e1680bca1d7cdf6010d71ba5fd63a%3A2%3A%7Bi%3A0%3Bs%3A41%3A%228f2c3cf96b939295061eb13a81ccc27a_identity%22%3Bi%3A1%3Bs%3A159%3A%22%5B1%2C%22%5B%5C%22FkDxjfIAp91ysv1aLJUsQFalzbflWoyeyeihOLuKwfDS0ZHJ4aH1Gqj4mSqgj0axFjmwI3UelvXTTLsgGEkAhTgoY8mBGFGzFdZu%5C%22%2Cnull%2C%5C%2238a19dfe5bc5c11e9bd9b90544eff8a9%5C%22%5D%22%2C3600%5D%22%3B%7D'
    'CONTENT_LENGTH' => '0'
    'PATH' => '/usr/bin:/bin:/usr/sbin:/sbin'
    'SERVER_SIGNATURE' => ''
    'SERVER_SOFTWARE' => 'Apache/2.4.54 (Unix) OpenSSL/1.0.2u PHP/8.2.0 mod_wsgi/3.5 Python/2.7.18 mod_fastcgi/mod_fastcgi-SNAP-0910052141 mod_perl/2.0.11 Perl/v5.30.1'
    'SERVER_NAME' => 'local.whitenoise.com'
    'SERVER_ADDR' => '127.0.0.1'
    'SERVER_PORT' => '80'
    'REMOTE_ADDR' => '127.0.0.1'
    'DOCUMENT_ROOT' => '/Applications/MAMP/htdocs/local.whitenoise.com/public_html'
    'REQUEST_SCHEME' => 'http'
    'CONTEXT_PREFIX' => ''
    'CONTEXT_DOCUMENT_ROOT' => '/Applications/MAMP/htdocs/local.whitenoise.com/public_html'
    'SERVER_ADMIN' => 'you@example.com'
    'SCRIPT_FILENAME' => '/Applications/MAMP/htdocs/local.whitenoise.com/public_html/index.php'
    'REMOTE_PORT' => '57082'
    'GATEWAY_INTERFACE' => 'CGI/1.1'
    'SERVER_PROTOCOL' => 'HTTP/1.1'
    'REQUEST_METHOD' => 'POST'
    'QUERY_STRING' => 'p=admin%2Factions%2Fqueue%2Frun&v=1689608099057'
    'REQUEST_URI' => '/index.php?p=admin%2Factions%2Fqueue%2Frun&v=1689608099057'
    'SCRIPT_NAME' => '/index.php'
    'PHP_SELF' => '/index.php'
    'REQUEST_TIME_FLOAT' => 1689608099.058
    'REQUEST_TIME' => 1689608099
    'CRAFT_APP_ID' => 'CraftCMS--4f80cc3b-76dd-45b1-9147-bc8717a572d4'
    'CRAFT_ENVIRONMENT' => 'dev'
    'CRAFT_SECURITY_KEY' => '••••••••••••••••••••••••••••••••'
    'CRAFT_DB_DRIVER' => 'mysql'
    'CRAFT_DB_SERVER' => '127.0.0.1'
    'CRAFT_DB_PORT' => '8889'
    'CRAFT_DB_DATABASE' => 'whitenoise'
    'CRAFT_DB_USER' => 'root'
    'CRAFT_DB_PASSWORD' => '••••'
    'CRAFT_DB_SCHEMA' => ''
    'CRAFT_DB_TABLE_PREFIX' => ''
    'DEV_MODE' => 'true'
    'ALLOW_ADMIN_CHANGES' => 'true'
    'DISALLOW_ROBOTS' => 'true'
    'PRIMARY_SITE_URL' => 'http://local.whitenoise.com/'
] {"userId":1} 
