2023-08-04 12:51:40 [queue.INFO] [yii\db\Connection::open] Opening DB connection: mysql:host=127.0.0.1;dbname=whitenoise;port=8889 {"memory":753296} 
2023-08-04 12:51:40 [queue.INFO] [nystudio107\codeeditor\CodeEditor::bootstrap] CodeEditor module bootstrapped {"memory":1812304} 
2023-08-04 12:51:40 [queue.INFO] [adigital\cookieconsentbanner\CookieConsentBanner::init] Cookie Consent Banner plugin loaded {"memory":1940688} 
2023-08-04 12:51:40 [queue.INFO] [nystudio107\cookies\Cookies::init] Cookies plugin loaded {"memory":1959824} 
2023-08-04 12:51:40 [queue.INFO] [vaersaagod\matrixmate\MatrixMate::init] MatrixMate plugin loaded {"memory":2208832} 
2023-08-04 12:51:40 [queue.INFO] [yii\web\Session::open] Session started {"memory":2247176} 
2023-08-04 12:51:40 [queue.INFO] [craft\queue\QueueLogBehavior::beforeExec]  [1698] Purge Unfinalized Assets (attempt: 1, pid: 24789) - Started {"memory":2821648} 
2023-08-04 12:51:40 [queue.INFO] [craft\queue\QueueLogBehavior::afterExec]  [1698] Purge Unfinalized Assets (attempt: 1, pid: 24789) - Done (time: 0.002s) {"memory":2832344} 
2023-08-04 12:51:40 [queue.INFO] [craft\queue\QueueLogBehavior::beforeExec]  [1699] Purge Unfinalized Assets (attempt: 1, pid: 24789) - Started {"memory":2835824} 
2023-08-04 12:51:40 [queue.INFO] [craft\queue\QueueLogBehavior::afterExec]  [1699] Purge Unfinalized Assets (attempt: 1, pid: 24789) - Done (time: 0.000s) {"memory":2837272} 
2023-08-04 12:51:40 [queue.INFO] [craft\queue\QueueLogBehavior::beforeExec]  [1700] Purge Unfinalized Assets (attempt: 1, pid: 24789) - Started {"memory":2840752} 
2023-08-04 12:51:40 [queue.INFO] [craft\queue\QueueLogBehavior::afterExec]  [1700] Purge Unfinalized Assets (attempt: 1, pid: 24789) - Done (time: 0.000s) {"memory":2842200} 
2023-08-04 12:51:40 [queue.INFO] [craft\queue\QueueLogBehavior::beforeExec]  [1701] Purge Unfinalized Assets (attempt: 1, pid: 24789) - Started {"memory":2845680} 
2023-08-04 12:51:40 [queue.INFO] [craft\queue\QueueLogBehavior::afterExec]  [1701] Purge Unfinalized Assets (attempt: 1, pid: 24789) - Done (time: 0.000s) {"memory":2847128} 
2023-08-04 12:51:40 [queue.INFO] [craft\queue\QueueLogBehavior::beforeExec]  [1702] Purge Unfinalized Assets (attempt: 1, pid: 24789) - Started {"memory":2856560} 
2023-08-04 12:51:40 [queue.INFO] [craft\queue\QueueLogBehavior::afterExec]  [1702] Purge Unfinalized Assets (attempt: 1, pid: 24789) - Done (time: 0.000s) {"memory":2858008} 
2023-08-04 12:51:40 [queue.INFO] [craft\queue\QueueLogBehavior::beforeExec]  [1703] Purge Unfinalized Assets (attempt: 1, pid: 24789) - Started {"memory":2861488} 
2023-08-04 12:51:40 [queue.INFO] [craft\queue\QueueLogBehavior::afterExec]  [1703] Purge Unfinalized Assets (attempt: 1, pid: 24789) - Done (time: 0.000s) {"memory":2862936} 
2023-08-04 12:51:40 [queue.INFO] [craft\queue\QueueLogBehavior::beforeExec]  [1704] Purge Unfinalized Assets (attempt: 1, pid: 24789) - Started {"memory":2866416} 
2023-08-04 12:51:40 [queue.INFO] [craft\queue\QueueLogBehavior::afterExec]  [1704] Purge Unfinalized Assets (attempt: 1, pid: 24789) - Done (time: 0.000s) {"memory":2867864} 
2023-08-04 12:51:40 [queue.INFO] [craft\queue\QueueLogBehavior::beforeExec]  [1705] Purge Unfinalized Assets (attempt: 1, pid: 24789) - Started {"memory":2871344} 
2023-08-04 12:51:40 [queue.INFO] [craft\queue\QueueLogBehavior::afterExec]  [1705] Purge Unfinalized Assets (attempt: 1, pid: 24789) - Done (time: 0.000s) {"memory":2872792} 
2023-08-04 12:51:40 [queue.INFO] [craft\queue\QueueLogBehavior::beforeExec]  [1706] Purge Unfinalized Assets (attempt: 1, pid: 24789) - Started {"memory":2876272} 
2023-08-04 12:51:40 [queue.INFO] [craft\queue\QueueLogBehavior::afterExec]  [1706] Purge Unfinalized Assets (attempt: 1, pid: 24789) - Done (time: 0.000s) {"memory":2877720} 
2023-08-04 12:51:40 [queue.INFO] [craft\queue\QueueLogBehavior::beforeExec]  [1707] Purge Unfinalized Assets (attempt: 1, pid: 24789) - Started {"memory":2881200} 
2023-08-04 12:51:40 [queue.INFO] [craft\queue\QueueLogBehavior::afterExec]  [1707] Purge Unfinalized Assets (attempt: 1, pid: 24789) - Done (time: 0.000s) {"memory":2882648} 
2023-08-04 12:51:40 [queue.INFO] [craft\queue\QueueLogBehavior::beforeExec]  [1708] Purge Unfinalized Assets (attempt: 1, pid: 24789) - Started {"memory":2886128} 
2023-08-04 12:51:40 [queue.INFO] [craft\queue\QueueLogBehavior::afterExec]  [1708] Purge Unfinalized Assets (attempt: 1, pid: 24789) - Done (time: 0.000s) {"memory":2887576} 
2023-08-04 12:51:40 [queue.INFO] [craft\queue\QueueLogBehavior::beforeExec]  [1709] Purge Unfinalized Assets (attempt: 1, pid: 24789) - Started {"memory":2891056} 
2023-08-04 12:51:40 [queue.INFO] [craft\queue\QueueLogBehavior::afterExec]  [1709] Purge Unfinalized Assets (attempt: 1, pid: 24789) - Done (time: 0.000s) {"memory":2892504} 
2023-08-04 12:51:40 [queue.INFO] [craft\queue\QueueLogBehavior::beforeExec]  [1710] Purge Unfinalized Assets (attempt: 1, pid: 24789) - Started {"memory":2895984} 
2023-08-04 12:51:40 [queue.INFO] [craft\queue\QueueLogBehavior::afterExec]  [1710] Purge Unfinalized Assets (attempt: 1, pid: 24789) - Done (time: 0.000s) {"memory":2897432} 
2023-08-04 12:51:40 [queue.INFO] [craft\queue\QueueLogBehavior::beforeExec]  [1711] Purge Unfinalized Assets (attempt: 1, pid: 24789) - Started {"memory":2905008} 
2023-08-04 12:51:40 [queue.INFO] [craft\queue\QueueLogBehavior::afterExec]  [1711] Purge Unfinalized Assets (attempt: 1, pid: 24789) - Done (time: 0.000s) {"memory":2906456} 
2023-08-04 12:51:40 [queue.INFO] [craft\queue\QueueLogBehavior::beforeExec]  [1712] Purge Unfinalized Assets (attempt: 1, pid: 24789) - Started {"memory":2909936} 
2023-08-04 12:51:40 [queue.INFO] [craft\queue\QueueLogBehavior::afterExec]  [1712] Purge Unfinalized Assets (attempt: 1, pid: 24789) - Done (time: 0.000s) {"memory":2911384} 
2023-08-04 12:51:40 [queue.INFO] [craft\queue\QueueLogBehavior::beforeExec]  [1713] Purge Unfinalized Assets (attempt: 1, pid: 24789) - Started {"memory":2914864} 
2023-08-04 12:51:40 [queue.INFO] [craft\queue\QueueLogBehavior::afterExec]  [1713] Purge Unfinalized Assets (attempt: 1, pid: 24789) - Done (time: 0.000s) {"memory":2916312} 
2023-08-04 12:51:40 [queue.INFO] [craft\queue\QueueLogBehavior::beforeExec]  [1714] Purge Unfinalized Assets (attempt: 1, pid: 24789) - Started {"memory":2919792} 
2023-08-04 12:51:40 [queue.INFO] [craft\queue\QueueLogBehavior::afterExec]  [1714] Purge Unfinalized Assets (attempt: 1, pid: 24789) - Done (time: 0.000s) {"memory":2921240} 
2023-08-04 12:51:40 [queue.INFO] [craft\queue\QueueLogBehavior::beforeExec]  [1715] Purge Unfinalized Assets (attempt: 1, pid: 24789) - Started {"memory":2924720} 
2023-08-04 12:51:40 [queue.INFO] [craft\queue\QueueLogBehavior::afterExec]  [1715] Purge Unfinalized Assets (attempt: 1, pid: 24789) - Done (time: 0.000s) {"memory":2926168} 
2023-08-04 12:51:40 [queue.INFO] [craft\queue\QueueLogBehavior::beforeExec]  [1716] Purge Unfinalized Assets (attempt: 1, pid: 24789) - Started {"memory":2929648} 
2023-08-04 12:51:40 [queue.INFO] [craft\queue\QueueLogBehavior::afterExec]  [1716] Purge Unfinalized Assets (attempt: 1, pid: 24789) - Done (time: 0.000s) {"memory":2931096} 
2023-08-04 12:51:40 [queue.INFO] [craft\queue\QueueLogBehavior::beforeExec]  [1717] Purge Unfinalized Assets (attempt: 1, pid: 24789) - Started {"memory":2934576} 
2023-08-04 12:51:40 [queue.INFO] [craft\queue\QueueLogBehavior::afterExec]  [1717] Purge Unfinalized Assets (attempt: 1, pid: 24789) - Done (time: 0.000s) {"memory":2936024} 
2023-08-04 12:51:40 [queue.INFO] [application] Request context:
$_GET = [
    'p' => 'actions/queue/run'
]

$_POST = []

$_FILES = []

$_COOKIE = [
    'CRAFT_CSRF_TOKEN' => '••••••••••••••••••••••••••••••••••••••••••••••••••••••••••••••••••••••••••••••••••••••••••••••••••••••••••••••••••••••••••••••••••••••••••••••••••••••••••••••••••••••••••••••••••••••••••••••••••••••••••••••••••••••••••••••••••••••••••••••••••••••••••••••••••'
    'CraftSessionId' => 'vc80snnu3t6s03q1m422tjju1s'
    '8f2c3cf96b939295061eb13a81ccc27a_username' => 'c756a378f9ad4b95b39abb629ac78d6924bfe5af5bf71406651b02291bd6276ba:2:{i:0;s:41:\"8f2c3cf96b939295061eb13a81ccc27a_username\";i:1;s:5:\"admin\";}'
    'cookieconsent_status' => 'allow'
    '8f2c3cf96b939295061eb13a81ccc27a_identity' => '250e80f7d93172f530641d99a4665c30cb8ac84402c74412e49bde6696d7f26da:2:{i:0;s:41:\"8f2c3cf96b939295061eb13a81ccc27a_identity\";i:1;s:159:\"[1,\"[\\\"WkSTzOWbZjmI4e8usxOlO1Kg6Vu-OcwKLIwgpuTIeFzYDl1uNqPEaFY7AXTHkSklMQcV_uHBdwET7-sLqS5DVNlF7Iw0Sq-Scw8P\\\",null,\\\"38a19dfe5bc5c11e9bd9b90544eff8a9\\\"]\",3600]\";}'
]

$_SESSION = [
    '0d86b8e7ffa267616a3ade71e3baf37d__flash' => []
    '0d86b8e7ffa267616a3ade71e3baf37d__auth_access' => [
        0 => 'previewElement:3'
        1 => 'saveAssets:88345c9b-bba7-481d-b7be-a56f256bad79'
        2 => 'saveAssets:132246f9-c0e6-4f99-a712-62365f4bf939'
        3 => 'saveAssets:dfb10236-499f-43e8-b5e9-c1ee7d4e58ed'
        4 => 'saveAssets:56f30d52-cee5-4f1a-b135-27ad8bbe2ad9'
        5 => 'previewElement:1149'
        6 => 'previewDraft:64'
        7 => 'previewDraft:65'
        8 => 'previewDraft:66'
        9 => 'previewElement:1414'
        10 => 'previewDraft:67'
        11 => 'previewDraft:68'
        12 => 'previewDraft:69'
        13 => 'previewDraft:70'
        14 => 'previewDraft:71'
        15 => 'previewDraft:72'
        16 => 'previewDraft:73'
        17 => 'previewDraft:74'
        18 => 'previewDraft:75'
        19 => 'previewDraft:76'
        20 => 'previewDraft:77'
        21 => 'previewDraft:78'
        22 => 'previewDraft:80'
        23 => 'previewDraft:81'
        24 => 'previewElement:988'
        25 => 'previewDraft:82'
        26 => 'editStructure:1'
        27 => 'previewElement:11'
        28 => 'previewElement:13'
        29 => 'previewDraft:83'
        30 => 'editStructure:5'
        31 => 'previewElement:873'
        32 => 'editStructure:2'
        33 => 'previewElement:19'
    ]
    '8f2c3cf96b939295061eb13a81ccc27a__token' => '••••••••••••••••••••••••••••••••••••••••••••••••••••••••••••••••••••••••••••••••••••••••••••••••••••'
    '8f2c3cf96b939295061eb13a81ccc27a__id' => 1
    '__authKey' => '••••••••••••••••••••••••••••••••••••••••••••••••••••••••••••••••••••••••••••••••••••••••••••••••••••••••••••••••••••••••••••••••••••••••••••••••'
    '8f2c3cf96b939295061eb13a81ccc27a__expire' => 1691157100
    '__duration' => 3600
]

$_SERVER = [
    'REDIRECT_STATUS' => '200'
    'HTTP_HOST' => 'local.whitenoise.com'
    'HTTP_USER_AGENT' => 'Mozilla/5.0 (Macintosh; Intel Mac OS X 10.15; rv:109.0) Gecko/20100101 Firefox/115.0'
    'HTTP_ACCEPT' => '*/*'
    'HTTP_ACCEPT_LANGUAGE' => 'en-GB,en;q=0.5'
    'HTTP_ACCEPT_ENCODING' => 'gzip, deflate'
    'HTTP_X_REQUESTED_WITH' => 'XMLHttpRequest'
    'HTTP_CONNECTION' => 'keep-alive'
    'HTTP_REFERER' => 'http://local.whitenoise.com/404'
    'HTTP_COOKIE' => 'CRAFT_CSRF_TOKEN=19ca83dc078a30a26e3d841067a4fc33cb4de15c091962a4c28fd9cb423d2453a%3A2%3A%7Bi%3A0%3Bs%3A16%3A%22CRAFT_CSRF_TOKEN%22%3Bi%3A1%3Bs%3A147%3A%22vcgU3RtVbXInxPf-jZM83g8lQDvO2WRD_Vzv0Zg6%7Cad4733d809827bb162f6e2c107e5263a5fddede97746d3d55146b0824b526331vcgU3RtVbXInxPf-jZM83g8lQDvO2WRD_Vzv0Zg6%7C1%22%3B%7D; CraftSessionId=vc80snnu3t6s03q1m422tjju1s; 8f2c3cf96b939295061eb13a81ccc27a_username=c756a378f9ad4b95b39abb629ac78d6924bfe5af5bf71406651b02291bd6276ba%3A2%3A%7Bi%3A0%3Bs%3A41%3A%228f2c3cf96b939295061eb13a81ccc27a_username%22%3Bi%3A1%3Bs%3A5%3A%22admin%22%3B%7D; cookieconsent_status=allow; 8f2c3cf96b939295061eb13a81ccc27a_identity=250e80f7d93172f530641d99a4665c30cb8ac84402c74412e49bde6696d7f26da%3A2%3A%7Bi%3A0%3Bs%3A41%3A%228f2c3cf96b939295061eb13a81ccc27a_identity%22%3Bi%3A1%3Bs%3A159%3A%22%5B1%2C%22%5B%5C%22WkSTzOWbZjmI4e8usxOlO1Kg6Vu-OcwKLIwgpuTIeFzYDl1uNqPEaFY7AXTHkSklMQcV_uHBdwET7-sLqS5DVNlF7Iw0Sq-Scw8P%5C%22%2Cnull%2C%5C%2238a19dfe5bc5c11e9bd9b90544eff8a9%5C%22%5D%22%2C3600%5D%22%3B%7D'
    'PATH' => '/usr/bin:/bin:/usr/sbin:/sbin'
    'SERVER_SIGNATURE' => ''
    'SERVER_SOFTWARE' => 'Apache/2.4.54 (Unix) OpenSSL/1.0.2u PHP/8.2.0 mod_wsgi/3.5 Python/2.7.18 mod_fastcgi/mod_fastcgi-SNAP-0910052141 mod_perl/2.0.11 Perl/v5.30.1'
    'SERVER_NAME' => 'local.whitenoise.com'
    'SERVER_ADDR' => '127.0.0.1'
    'SERVER_PORT' => '80'
    'REMOTE_ADDR' => '127.0.0.1'
    'DOCUMENT_ROOT' => '/Applications/MAMP/htdocs/local.whitenoise.com/public_html'
    'REQUEST_SCHEME' => 'http'
    'CONTEXT_PREFIX' => ''
    'CONTEXT_DOCUMENT_ROOT' => '/Applications/MAMP/htdocs/local.whitenoise.com/public_html'
    'SERVER_ADMIN' => 'you@example.com'
    'SCRIPT_FILENAME' => '/Applications/MAMP/htdocs/local.whitenoise.com/public_html/index.php'
    'REMOTE_PORT' => '52138'
    'REDIRECT_URL' => '/actions/queue/run'
    'REDIRECT_QUERY_STRING' => 'p=actions/queue/run'
    'GATEWAY_INTERFACE' => 'CGI/1.1'
    'SERVER_PROTOCOL' => 'HTTP/1.1'
    'REQUEST_METHOD' => 'GET'
    'QUERY_STRING' => 'p=actions/queue/run'
    'REQUEST_URI' => '/actions/queue/run'
    'SCRIPT_NAME' => '/index.php'
    'PHP_SELF' => '/index.php'
    'REQUEST_TIME_FLOAT' => 1691153500.3617
    'REQUEST_TIME' => 1691153500
    'CRAFT_APP_ID' => 'CraftCMS--4f80cc3b-76dd-45b1-9147-bc8717a572d4'
    'CRAFT_ENVIRONMENT' => 'dev'
    'CRAFT_SECURITY_KEY' => '••••••••••••••••••••••••••••••••'
    'CRAFT_DB_DRIVER' => 'mysql'
    'CRAFT_DB_SERVER' => '127.0.0.1'
    'CRAFT_DB_PORT' => '8889'
    'CRAFT_DB_DATABASE' => 'whitenoise'
    'CRAFT_DB_USER' => 'root'
    'CRAFT_DB_PASSWORD' => '••••'
    'CRAFT_DB_SCHEMA' => ''
    'CRAFT_DB_TABLE_PREFIX' => ''
    'DEV_MODE' => 'true'
    'ALLOW_ADMIN_CHANGES' => 'true'
    'DISALLOW_ROBOTS' => 'true'
    'DEFAULT_SITE_NAME' => 'Whitenoise Studios'
    'PRIMARY_SITE_URL' => 'http://local.whitenoise.com/'
] {"userId":1} 
2023-08-04 13:16:25 [queue.INFO] [yii\db\Connection::open] Opening DB connection: mysql:host=127.0.0.1;dbname=whitenoise;port=8889 {"memory":766760} 
2023-08-04 13:16:25 [queue.INFO] [yii\web\Session::open] Session started {"memory":1825800} 
2023-08-04 13:16:25 [queue.INFO] [nystudio107\codeeditor\CodeEditor::bootstrap] CodeEditor module bootstrapped {"memory":1853024} 
2023-08-04 13:16:25 [queue.INFO] [adigital\cookieconsentbanner\CookieConsentBanner::init] Cookie Consent Banner plugin loaded {"memory":1989600} 
2023-08-04 13:16:25 [queue.INFO] [nystudio107\cookies\Cookies::init] Cookies plugin loaded {"memory":2008448} 
2023-08-04 13:16:25 [queue.INFO] [vaersaagod\matrixmate\MatrixMate::init] MatrixMate plugin loaded {"memory":2387112} 
2023-08-04 13:16:25 [queue.INFO] [craft\queue\QueueLogBehavior::beforeExec]  [1718] t9n:["app","Updating search indexes"] (attempt: 1, pid: 24789) - Started {"memory":2995360} 
2023-08-04 13:16:25 [queue.INFO] [craft\queue\QueueLogBehavior::afterExec]  [1718] t9n:["app","Updating search indexes"] (attempt: 1, pid: 24789) - Done (time: 0.016s) {"memory":3236472} 
2023-08-04 13:16:25 [queue.INFO] [application] Request context:
$_GET = [
    'p' => 'admin/actions/queue/run'
    'v' => '1691154985519'
]

$_POST = []

$_FILES = []

$_COOKIE = [
    'CRAFT_CSRF_TOKEN' => '••••••••••••••••••••••••••••••••••••••••••••••••••••••••••••••••••••••••••••••••••••••••••••••••••••••••••••••••••••••••••••••••••••••••••••••••••••••••••••••••••••••••••••••••••••••••••••••••••••••••••••••••••••••••••••••••••••••••••••••••••••••••••••••••••'
    'CraftSessionId' => 'vc80snnu3t6s03q1m422tjju1s'
    '8f2c3cf96b939295061eb13a81ccc27a_username' => 'c756a378f9ad4b95b39abb629ac78d6924bfe5af5bf71406651b02291bd6276ba:2:{i:0;s:41:\"8f2c3cf96b939295061eb13a81ccc27a_username\";i:1;s:5:\"admin\";}'
    'cookieconsent_status' => 'allow'
    '8f2c3cf96b939295061eb13a81ccc27a_identity' => '250e80f7d93172f530641d99a4665c30cb8ac84402c74412e49bde6696d7f26da:2:{i:0;s:41:\"8f2c3cf96b939295061eb13a81ccc27a_identity\";i:1;s:159:\"[1,\"[\\\"WkSTzOWbZjmI4e8usxOlO1Kg6Vu-OcwKLIwgpuTIeFzYDl1uNqPEaFY7AXTHkSklMQcV_uHBdwET7-sLqS5DVNlF7Iw0Sq-Scw8P\\\",null,\\\"38a19dfe5bc5c11e9bd9b90544eff8a9\\\"]\",3600]\";}'
]

$_SESSION = [
    '0d86b8e7ffa267616a3ade71e3baf37d__flash' => []
    '0d86b8e7ffa267616a3ade71e3baf37d__auth_access' => [
        0 => 'previewElement:3'
        1 => 'saveAssets:88345c9b-bba7-481d-b7be-a56f256bad79'
        2 => 'saveAssets:132246f9-c0e6-4f99-a712-62365f4bf939'
        3 => 'saveAssets:dfb10236-499f-43e8-b5e9-c1ee7d4e58ed'
        4 => 'saveAssets:56f30d52-cee5-4f1a-b135-27ad8bbe2ad9'
        5 => 'previewElement:1149'
        6 => 'previewDraft:64'
        7 => 'previewDraft:65'
        8 => 'previewDraft:66'
        9 => 'previewElement:1414'
        10 => 'previewDraft:67'
        11 => 'previewDraft:68'
        12 => 'previewDraft:69'
        13 => 'previewDraft:70'
        14 => 'previewDraft:71'
        15 => 'previewDraft:72'
        16 => 'previewDraft:73'
        17 => 'previewDraft:74'
        18 => 'previewDraft:75'
        19 => 'previewDraft:76'
        20 => 'previewDraft:77'
        21 => 'previewDraft:78'
        22 => 'previewDraft:80'
        23 => 'previewDraft:81'
        24 => 'previewElement:988'
        25 => 'previewDraft:82'
        26 => 'editStructure:1'
        27 => 'previewElement:11'
        28 => 'previewElement:13'
        29 => 'previewDraft:83'
        30 => 'editStructure:5'
        31 => 'previewElement:873'
        32 => 'editStructure:2'
        33 => 'previewElement:19'
    ]
    '8f2c3cf96b939295061eb13a81ccc27a__token' => '••••••••••••••••••••••••••••••••••••••••••••••••••••••••••••••••••••••••••••••••••••••••••••••••••••'
    '8f2c3cf96b939295061eb13a81ccc27a__id' => 1
    '__authKey' => '••••••••••••••••••••••••••••••••••••••••••••••••••••••••••••••••••••••••••••••••••••••••••••••••••••••••••••••••••••••••••••••••••••••••••••••••'
    '8f2c3cf96b939295061eb13a81ccc27a__expire' => 1691158585
    '__duration' => 3600
]

$_SERVER = [
    'HTTP_HOST' => 'local.whitenoise.com'
    'HTTP_USER_AGENT' => 'Mozilla/5.0 (Macintosh; Intel Mac OS X 10.15; rv:109.0) Gecko/20100101 Firefox/115.0'
    'HTTP_ACCEPT' => 'application/json, text/plain, */*'
    'HTTP_ACCEPT_LANGUAGE' => 'en-GB,en;q=0.5'
    'HTTP_ACCEPT_ENCODING' => 'gzip, deflate'
    'HTTP_REFERER' => 'http://local.whitenoise.com/admin/settings/globals'
    'HTTP_X_REQUESTED_WITH' => 'XMLHttpRequest'
    'HTTP_X_REGISTERED_ASSET_BUNDLES' => ',verbb\\cpnav\\assetbundles\\CpNavAsset,verbb\\base\\assetbundles\\CpAsset,craft\\web\\assets\\cp\\CpAsset,craft\\web\\assets\\tailwindreset\\TailwindResetAsset,craft\\web\\assets\\axios\\AxiosAsset,craft\\web\\assets\\d3\\D3Asset,craft\\web\\assets\\elementresizedetector\\ElementResizeDetectorAsset,craft\\web\\assets\\garnish\\GarnishAsset,yii\\web\\JqueryAsset,craft\\web\\assets\\jquerytouchevents\\JqueryTouchEventsAsset,craft\\web\\assets\\velocity\\VelocityAsset,craft\\web\\assets\\jqueryui\\JqueryUiAsset,craft\\web\\assets\\jquerypayment\\JqueryPaymentAsset,craft\\web\\assets\\datepickeri18n\\DatepickerI18nAsset,craft\\web\\assets\\picturefill\\PicturefillAsset,craft\\web\\assets\\selectize\\SelectizeAsset,craft\\web\\assets\\fileupload\\FileUploadAsset,craft\\web\\assets\\xregexp\\XregexpAsset,craft\\web\\assets\\fabric\\FabricAsset,craft\\web\\assets\\iframeresizer\\IframeResizerAsset,carlcs\\redactorcustomstyles\\assets\\customcp\\CustomCpAsset,verbb\\smith\\assetbundles\\SmithAsset,craft\\web\\assets\\matrix\\MatrixAsset,doublesecretagency\\cpcss\\web\\assets\\CustomAssets,craft\\web\\assets\\admintable\\AdminTableAsset,craft\\web\\assets\\vue\\VueAsset'
    'HTTP_X_REGISTERED_JS_FILES' => ',http://local.whitenoise.com/cpresources/1f8e0626/tailwind_reset.js?v=1690890157,http://local.whitenoise.com/cpresources/28e210ea/axios.js?v=1690890157,http://local.whitenoise.com/cpresources/ee63805/d3.js?v=1690890157,http://local.whitenoise.com/cpresources/cfc835ee/element-resize-detector.js?v=1690890157,http://local.whitenoise.com/cpresources/ca282a06/jquery.js?v=1690890157,http://local.whitenoise.com/cpresources/9cd55eac/jquery.mobile-events.js?v=1690890157,http://local.whitenoise.com/cpresources/99118379/velocity.js?v=1690890157,http://local.whitenoise.com/cpresources/76b987af/garnish.js?v=1690890157,http://local.whitenoise.com/cpresources/c0cfba10/jquery-ui.js?v=1690890157,http://local.whitenoise.com/cpresources/9c8681ce/jquery.payment.js?v=1690890157,http://local.whitenoise.com/cpresources/928d0809/datepicker-en-GB.js?v=1690890157,http://local.whitenoise.com/cpresources/a0dd5b10/picturefill.js?v=1690890157,http://local.whitenoise.com/cpresources/189bbc04/selectize.js?v=1690890157,http://local.whitenoise.com/cpresources/deb46cbb/jquery.fileupload.js?v=1690890157,http://local.whitenoise.com/cpresources/ab65e610/xregexp-all.js?v=1690890157,http://local.whitenoise.com/cpresources/5e0bb0b8/fabric.js?v=1690890157,http://local.whitenoise.com/cpresources/58731b2/iframeResizer.js?v=1690890157,http://local.whitenoise.com/cpresources/14d31e4c/cp.js?v=1690890157,http://local.whitenoise.com/cpresources/ea050731/js/verbb-ui.js?v=1690890157,http://local.whitenoise.com/cpresources/2b83d9da/js/cp-nav.js?v=1690890157,http://local.whitenoise.com/cpresources/46faf2ff/MatrixInput.js?v=1690890235,http://local.whitenoise.com/cpresources/4ac267bb/js/smith.js?v=1690890235,http://local.whitenoise.com/cpresources/8d315b22/vue.js?v=1690890239,http://local.whitenoise.com/cpresources/6737c450/js/app.js?v=1690890239'
    'HTTP_X_CSRF_TOKEN' => '••••••••••••••••••••••••••••••••••••••••••••••••••••••••••••••••••••••••••••••••••••••••••••••••••••••••••••••••••••••••••••••••••••••••••••••••••••••••••••••••••••••••••••••••••••••••••••••••••••••••••••••••••••••••••••••••••••••••••••••••••••••••••••••••••••••••••••••••••••••••••••••••••••••••••••••••••••••••••••••••••••••••••••••••••••••••••••••••••••••••••••••••••••••••••••••••••••••••'
    'HTTP_ORIGIN' => 'http://local.whitenoise.com'
    'HTTP_CONNECTION' => 'keep-alive'
    'HTTP_COOKIE' => 'CRAFT_CSRF_TOKEN=19ca83dc078a30a26e3d841067a4fc33cb4de15c091962a4c28fd9cb423d2453a%3A2%3A%7Bi%3A0%3Bs%3A16%3A%22CRAFT_CSRF_TOKEN%22%3Bi%3A1%3Bs%3A147%3A%22vcgU3RtVbXInxPf-jZM83g8lQDvO2WRD_Vzv0Zg6%7Cad4733d809827bb162f6e2c107e5263a5fddede97746d3d55146b0824b526331vcgU3RtVbXInxPf-jZM83g8lQDvO2WRD_Vzv0Zg6%7C1%22%3B%7D; CraftSessionId=vc80snnu3t6s03q1m422tjju1s; 8f2c3cf96b939295061eb13a81ccc27a_username=c756a378f9ad4b95b39abb629ac78d6924bfe5af5bf71406651b02291bd6276ba%3A2%3A%7Bi%3A0%3Bs%3A41%3A%228f2c3cf96b939295061eb13a81ccc27a_username%22%3Bi%3A1%3Bs%3A5%3A%22admin%22%3B%7D; cookieconsent_status=allow; 8f2c3cf96b939295061eb13a81ccc27a_identity=250e80f7d93172f530641d99a4665c30cb8ac84402c74412e49bde6696d7f26da%3A2%3A%7Bi%3A0%3Bs%3A41%3A%228f2c3cf96b939295061eb13a81ccc27a_identity%22%3Bi%3A1%3Bs%3A159%3A%22%5B1%2C%22%5B%5C%22WkSTzOWbZjmI4e8usxOlO1Kg6Vu-OcwKLIwgpuTIeFzYDl1uNqPEaFY7AXTHkSklMQcV_uHBdwET7-sLqS5DVNlF7Iw0Sq-Scw8P%5C%22%2Cnull%2C%5C%2238a19dfe5bc5c11e9bd9b90544eff8a9%5C%22%5D%22%2C3600%5D%22%3B%7D'
    'CONTENT_LENGTH' => '0'
    'PATH' => '/usr/bin:/bin:/usr/sbin:/sbin'
    'SERVER_SIGNATURE' => ''
    'SERVER_SOFTWARE' => 'Apache/2.4.54 (Unix) OpenSSL/1.0.2u PHP/8.2.0 mod_wsgi/3.5 Python/2.7.18 mod_fastcgi/mod_fastcgi-SNAP-0910052141 mod_perl/2.0.11 Perl/v5.30.1'
    'SERVER_NAME' => 'local.whitenoise.com'
    'SERVER_ADDR' => '127.0.0.1'
    'SERVER_PORT' => '80'
    'REMOTE_ADDR' => '127.0.0.1'
    'DOCUMENT_ROOT' => '/Applications/MAMP/htdocs/local.whitenoise.com/public_html'
    'REQUEST_SCHEME' => 'http'
    'CONTEXT_PREFIX' => ''
    'CONTEXT_DOCUMENT_ROOT' => '/Applications/MAMP/htdocs/local.whitenoise.com/public_html'
    'SERVER_ADMIN' => 'you@example.com'
    'SCRIPT_FILENAME' => '/Applications/MAMP/htdocs/local.whitenoise.com/public_html/index.php'
    'REMOTE_PORT' => '53099'
    'GATEWAY_INTERFACE' => 'CGI/1.1'
    'SERVER_PROTOCOL' => 'HTTP/1.1'
    'REQUEST_METHOD' => 'POST'
    'QUERY_STRING' => 'p=admin%2Factions%2Fqueue%2Frun&v=1691154985519'
    'REQUEST_URI' => '/index.php?p=admin%2Factions%2Fqueue%2Frun&v=1691154985519'
    'SCRIPT_NAME' => '/index.php'
    'PHP_SELF' => '/index.php'
    'REQUEST_TIME_FLOAT' => 1691154985.528
    'REQUEST_TIME' => 1691154985
    'CRAFT_APP_ID' => 'CraftCMS--4f80cc3b-76dd-45b1-9147-bc8717a572d4'
    'CRAFT_ENVIRONMENT' => 'dev'
    'CRAFT_SECURITY_KEY' => '••••••••••••••••••••••••••••••••'
    'CRAFT_DB_DRIVER' => 'mysql'
    'CRAFT_DB_SERVER' => '127.0.0.1'
    'CRAFT_DB_PORT' => '8889'
    'CRAFT_DB_DATABASE' => 'whitenoise'
    'CRAFT_DB_USER' => 'root'
    'CRAFT_DB_PASSWORD' => '••••'
    'CRAFT_DB_SCHEMA' => ''
    'CRAFT_DB_TABLE_PREFIX' => ''
    'DEV_MODE' => 'true'
    'ALLOW_ADMIN_CHANGES' => 'true'
    'DISALLOW_ROBOTS' => 'true'
    'DEFAULT_SITE_NAME' => 'Whitenoise Studios'
    'PRIMARY_SITE_URL' => 'http://local.whitenoise.com/'
] {"userId":1} 
2023-08-04 13:16:46 [queue.INFO] [yii\db\Connection::open] Opening DB connection: mysql:host=127.0.0.1;dbname=whitenoise;port=8889 {"memory":766760} 
2023-08-04 13:16:46 [queue.INFO] [yii\web\Session::open] Session started {"memory":1825800} 
2023-08-04 13:16:46 [queue.INFO] [nystudio107\codeeditor\CodeEditor::bootstrap] CodeEditor module bootstrapped {"memory":1853024} 
2023-08-04 13:16:46 [queue.INFO] [adigital\cookieconsentbanner\CookieConsentBanner::init] Cookie Consent Banner plugin loaded {"memory":1989600} 
2023-08-04 13:16:46 [queue.INFO] [nystudio107\cookies\Cookies::init] Cookies plugin loaded {"memory":2008488} 
2023-08-04 13:16:46 [queue.INFO] [vaersaagod\matrixmate\MatrixMate::init] MatrixMate plugin loaded {"memory":2387152} 
2023-08-04 13:16:46 [queue.INFO] [craft\queue\QueueLogBehavior::beforeExec]  [1719] t9n:["app","Updating search indexes"] (attempt: 1, pid: 67623) - Started {"memory":2995392} 
2023-08-04 13:16:46 [queue.INFO] [craft\queue\QueueLogBehavior::afterExec]  [1719] t9n:["app","Updating search indexes"] (attempt: 1, pid: 67623) - Done (time: 0.024s) {"memory":3263624} 
2023-08-04 13:16:46 [queue.INFO] [craft\queue\QueueLogBehavior::beforeExec]  [1720] t9n:["app","Updating search indexes"] (attempt: 1, pid: 67623) - Started {"memory":3267104} 
2023-08-04 13:16:46 [queue.INFO] [craft\queue\QueueLogBehavior::afterExec]  [1720] t9n:["app","Updating search indexes"] (attempt: 1, pid: 67623) - Done (time: 0.015s) {"memory":3324448} 
2023-08-04 13:16:46 [queue.INFO] [application] Request context:
$_GET = [
    'p' => 'admin/actions/queue/run'
    'v' => '1691155006109'
]

$_POST = []

$_FILES = []

$_COOKIE = [
    'CRAFT_CSRF_TOKEN' => '••••••••••••••••••••••••••••••••••••••••••••••••••••••••••••••••••••••••••••••••••••••••••••••••••••••••••••••••••••••••••••••••••••••••••••••••••••••••••••••••••••••••••••••••••••••••••••••••••••••••••••••••••••••••••••••••••••••••••••••••••••••••••••••••••'
    'CraftSessionId' => 'vc80snnu3t6s03q1m422tjju1s'
    '8f2c3cf96b939295061eb13a81ccc27a_username' => 'c756a378f9ad4b95b39abb629ac78d6924bfe5af5bf71406651b02291bd6276ba:2:{i:0;s:41:\"8f2c3cf96b939295061eb13a81ccc27a_username\";i:1;s:5:\"admin\";}'
    'cookieconsent_status' => 'allow'
    '8f2c3cf96b939295061eb13a81ccc27a_identity' => '250e80f7d93172f530641d99a4665c30cb8ac84402c74412e49bde6696d7f26da:2:{i:0;s:41:\"8f2c3cf96b939295061eb13a81ccc27a_identity\";i:1;s:159:\"[1,\"[\\\"WkSTzOWbZjmI4e8usxOlO1Kg6Vu-OcwKLIwgpuTIeFzYDl1uNqPEaFY7AXTHkSklMQcV_uHBdwET7-sLqS5DVNlF7Iw0Sq-Scw8P\\\",null,\\\"38a19dfe5bc5c11e9bd9b90544eff8a9\\\"]\",3600]\";}'
]

$_SESSION = [
    '0d86b8e7ffa267616a3ade71e3baf37d__flash' => []
    '0d86b8e7ffa267616a3ade71e3baf37d__auth_access' => [
        0 => 'previewElement:3'
        1 => 'saveAssets:88345c9b-bba7-481d-b7be-a56f256bad79'
        2 => 'saveAssets:132246f9-c0e6-4f99-a712-62365f4bf939'
        3 => 'saveAssets:dfb10236-499f-43e8-b5e9-c1ee7d4e58ed'
        4 => 'saveAssets:56f30d52-cee5-4f1a-b135-27ad8bbe2ad9'
        5 => 'previewElement:1149'
        6 => 'previewDraft:64'
        7 => 'previewDraft:65'
        8 => 'previewDraft:66'
        9 => 'previewElement:1414'
        10 => 'previewDraft:67'
        11 => 'previewDraft:68'
        12 => 'previewDraft:69'
        13 => 'previewDraft:70'
        14 => 'previewDraft:71'
        15 => 'previewDraft:72'
        16 => 'previewDraft:73'
        17 => 'previewDraft:74'
        18 => 'previewDraft:75'
        19 => 'previewDraft:76'
        20 => 'previewDraft:77'
        21 => 'previewDraft:78'
        22 => 'previewDraft:80'
        23 => 'previewDraft:81'
        24 => 'previewElement:988'
        25 => 'previewDraft:82'
        26 => 'editStructure:1'
        27 => 'previewElement:11'
        28 => 'previewElement:13'
        29 => 'previewDraft:83'
        30 => 'editStructure:5'
        31 => 'previewElement:873'
        32 => 'editStructure:2'
        33 => 'previewElement:19'
    ]
    '8f2c3cf96b939295061eb13a81ccc27a__token' => '••••••••••••••••••••••••••••••••••••••••••••••••••••••••••••••••••••••••••••••••••••••••••••••••••••'
    '8f2c3cf96b939295061eb13a81ccc27a__id' => 1
    '__authKey' => '••••••••••••••••••••••••••••••••••••••••••••••••••••••••••••••••••••••••••••••••••••••••••••••••••••••••••••••••••••••••••••••••••••••••••••••••'
    '8f2c3cf96b939295061eb13a81ccc27a__expire' => 1691158606
    '__duration' => 3600
]

$_SERVER = [
    'HTTP_HOST' => 'local.whitenoise.com'
    'HTTP_USER_AGENT' => 'Mozilla/5.0 (Macintosh; Intel Mac OS X 10.15; rv:109.0) Gecko/20100101 Firefox/115.0'
    'HTTP_ACCEPT' => 'application/json, text/plain, */*'
    'HTTP_ACCEPT_LANGUAGE' => 'en-GB,en;q=0.5'
    'HTTP_ACCEPT_ENCODING' => 'gzip, deflate'
    'HTTP_REFERER' => 'http://local.whitenoise.com/admin/globals/settings'
    'HTTP_X_REQUESTED_WITH' => 'XMLHttpRequest'
    'HTTP_X_REGISTERED_ASSET_BUNDLES' => ',verbb\\cpnav\\assetbundles\\CpNavAsset,verbb\\base\\assetbundles\\CpAsset,craft\\web\\assets\\cp\\CpAsset,craft\\web\\assets\\tailwindreset\\TailwindResetAsset,craft\\web\\assets\\axios\\AxiosAsset,craft\\web\\assets\\d3\\D3Asset,craft\\web\\assets\\elementresizedetector\\ElementResizeDetectorAsset,craft\\web\\assets\\garnish\\GarnishAsset,yii\\web\\JqueryAsset,craft\\web\\assets\\jquerytouchevents\\JqueryTouchEventsAsset,craft\\web\\assets\\velocity\\VelocityAsset,craft\\web\\assets\\jqueryui\\JqueryUiAsset,craft\\web\\assets\\jquerypayment\\JqueryPaymentAsset,craft\\web\\assets\\datepickeri18n\\DatepickerI18nAsset,craft\\web\\assets\\picturefill\\PicturefillAsset,craft\\web\\assets\\selectize\\SelectizeAsset,craft\\web\\assets\\fileupload\\FileUploadAsset,craft\\web\\assets\\xregexp\\XregexpAsset,craft\\web\\assets\\fabric\\FabricAsset,craft\\web\\assets\\iframeresizer\\IframeResizerAsset,carlcs\\redactorcustomstyles\\assets\\customcp\\CustomCpAsset,verbb\\smith\\assetbundles\\SmithAsset,craft\\web\\assets\\matrix\\MatrixAsset,craft\\web\\assets\\prismjs\\PrismJsAsset,doublesecretagency\\cpcss\\web\\assets\\CustomAssets,vaersaagod\\matrixmate\\assetbundles\\matrixmate\\MatrixMateAsset'
    'HTTP_X_REGISTERED_JS_FILES' => ',http://local.whitenoise.com/cpresources/1f8e0626/tailwind_reset.js?v=1690890157,http://local.whitenoise.com/cpresources/28e210ea/axios.js?v=1690890157,http://local.whitenoise.com/cpresources/ee63805/d3.js?v=1690890157,http://local.whitenoise.com/cpresources/cfc835ee/element-resize-detector.js?v=1690890157,http://local.whitenoise.com/cpresources/ca282a06/jquery.js?v=1690890157,http://local.whitenoise.com/cpresources/9cd55eac/jquery.mobile-events.js?v=1690890157,http://local.whitenoise.com/cpresources/99118379/velocity.js?v=1690890157,http://local.whitenoise.com/cpresources/76b987af/garnish.js?v=1690890157,http://local.whitenoise.com/cpresources/c0cfba10/jquery-ui.js?v=1690890157,http://local.whitenoise.com/cpresources/9c8681ce/jquery.payment.js?v=1690890157,http://local.whitenoise.com/cpresources/928d0809/datepicker-en-GB.js?v=1690890157,http://local.whitenoise.com/cpresources/a0dd5b10/picturefill.js?v=1690890157,http://local.whitenoise.com/cpresources/189bbc04/selectize.js?v=1690890157,http://local.whitenoise.com/cpresources/deb46cbb/jquery.fileupload.js?v=1690890157,http://local.whitenoise.com/cpresources/ab65e610/xregexp-all.js?v=1690890157,http://local.whitenoise.com/cpresources/5e0bb0b8/fabric.js?v=1690890157,http://local.whitenoise.com/cpresources/58731b2/iframeResizer.js?v=1690890157,http://local.whitenoise.com/cpresources/14d31e4c/cp.js?v=1690890157,http://local.whitenoise.com/cpresources/ea050731/js/verbb-ui.js?v=1690890157,http://local.whitenoise.com/cpresources/2b83d9da/js/cp-nav.js?v=1690890157,http://local.whitenoise.com/cpresources/46faf2ff/MatrixInput.js?v=1690890235,http://local.whitenoise.com/cpresources/4ac267bb/js/smith.js?v=1690890235,http://local.whitenoise.com/cpresources/d53c4fd2/prism.js?v=1690890488,http://local.whitenoise.com/cpresources/fe25fe21/js/MatrixMate.js?v=1690890311'
    'HTTP_X_CSRF_TOKEN' => '••••••••••••••••••••••••••••••••••••••••••••••••••••••••••••••••••••••••••••••••••••••••••••••••••••••••••••••••••••••••••••••••••••••••••••••••••••••••••••••••••••••••••••••••••••••••••••••••••••••••••••••••••••••••••••••••••••••••••••••••••••••••••••••••••••••••••••••••••••••••••••••••••••••••••••••••••••••••••••••••••••••••••••••••••••••••••••••••••••••••••••••••••••••••••••••••••••••••'
    'HTTP_ORIGIN' => 'http://local.whitenoise.com'
    'HTTP_CONNECTION' => 'keep-alive'
    'HTTP_COOKIE' => 'CRAFT_CSRF_TOKEN=19ca83dc078a30a26e3d841067a4fc33cb4de15c091962a4c28fd9cb423d2453a%3A2%3A%7Bi%3A0%3Bs%3A16%3A%22CRAFT_CSRF_TOKEN%22%3Bi%3A1%3Bs%3A147%3A%22vcgU3RtVbXInxPf-jZM83g8lQDvO2WRD_Vzv0Zg6%7Cad4733d809827bb162f6e2c107e5263a5fddede97746d3d55146b0824b526331vcgU3RtVbXInxPf-jZM83g8lQDvO2WRD_Vzv0Zg6%7C1%22%3B%7D; CraftSessionId=vc80snnu3t6s03q1m422tjju1s; 8f2c3cf96b939295061eb13a81ccc27a_username=c756a378f9ad4b95b39abb629ac78d6924bfe5af5bf71406651b02291bd6276ba%3A2%3A%7Bi%3A0%3Bs%3A41%3A%228f2c3cf96b939295061eb13a81ccc27a_username%22%3Bi%3A1%3Bs%3A5%3A%22admin%22%3B%7D; cookieconsent_status=allow; 8f2c3cf96b939295061eb13a81ccc27a_identity=250e80f7d93172f530641d99a4665c30cb8ac84402c74412e49bde6696d7f26da%3A2%3A%7Bi%3A0%3Bs%3A41%3A%228f2c3cf96b939295061eb13a81ccc27a_identity%22%3Bi%3A1%3Bs%3A159%3A%22%5B1%2C%22%5B%5C%22WkSTzOWbZjmI4e8usxOlO1Kg6Vu-OcwKLIwgpuTIeFzYDl1uNqPEaFY7AXTHkSklMQcV_uHBdwET7-sLqS5DVNlF7Iw0Sq-Scw8P%5C%22%2Cnull%2C%5C%2238a19dfe5bc5c11e9bd9b90544eff8a9%5C%22%5D%22%2C3600%5D%22%3B%7D'
    'CONTENT_LENGTH' => '0'
    'PATH' => '/usr/bin:/bin:/usr/sbin:/sbin'
    'SERVER_SIGNATURE' => ''
    'SERVER_SOFTWARE' => 'Apache/2.4.54 (Unix) OpenSSL/1.0.2u PHP/8.2.0 mod_wsgi/3.5 Python/2.7.18 mod_fastcgi/mod_fastcgi-SNAP-0910052141 mod_perl/2.0.11 Perl/v5.30.1'
    'SERVER_NAME' => 'local.whitenoise.com'
    'SERVER_ADDR' => '127.0.0.1'
    'SERVER_PORT' => '80'
    'REMOTE_ADDR' => '127.0.0.1'
    'DOCUMENT_ROOT' => '/Applications/MAMP/htdocs/local.whitenoise.com/public_html'
    'REQUEST_SCHEME' => 'http'
    'CONTEXT_PREFIX' => ''
    'CONTEXT_DOCUMENT_ROOT' => '/Applications/MAMP/htdocs/local.whitenoise.com/public_html'
    'SERVER_ADMIN' => 'you@example.com'
    'SCRIPT_FILENAME' => '/Applications/MAMP/htdocs/local.whitenoise.com/public_html/index.php'
    'REMOTE_PORT' => '53119'
    'GATEWAY_INTERFACE' => 'CGI/1.1'
    'SERVER_PROTOCOL' => 'HTTP/1.1'
    'REQUEST_METHOD' => 'POST'
    'QUERY_STRING' => 'p=admin%2Factions%2Fqueue%2Frun&v=1691155006109'
    'REQUEST_URI' => '/index.php?p=admin%2Factions%2Fqueue%2Frun&v=1691155006109'
    'SCRIPT_NAME' => '/index.php'
    'PHP_SELF' => '/index.php'
    'REQUEST_TIME_FLOAT' => 1691155006.1126
    'REQUEST_TIME' => 1691155006
    'CRAFT_APP_ID' => 'CraftCMS--4f80cc3b-76dd-45b1-9147-bc8717a572d4'
    'CRAFT_ENVIRONMENT' => 'dev'
    'CRAFT_SECURITY_KEY' => '••••••••••••••••••••••••••••••••'
    'CRAFT_DB_DRIVER' => 'mysql'
    'CRAFT_DB_SERVER' => '127.0.0.1'
    'CRAFT_DB_PORT' => '8889'
    'CRAFT_DB_DATABASE' => 'whitenoise'
    'CRAFT_DB_USER' => 'root'
    'CRAFT_DB_PASSWORD' => '••••'
    'CRAFT_DB_SCHEMA' => ''
    'CRAFT_DB_TABLE_PREFIX' => ''
    'DEV_MODE' => 'true'
    'ALLOW_ADMIN_CHANGES' => 'true'
    'DISALLOW_ROBOTS' => 'true'
    'DEFAULT_SITE_NAME' => 'Whitenoise Studios'
    'PRIMARY_SITE_URL' => 'http://local.whitenoise.com/'
] {"userId":1} 
2023-08-04 13:16:50 [queue.INFO] [yii\db\Connection::open] Opening DB connection: mysql:host=127.0.0.1;dbname=whitenoise;port=8889 {"memory":766760} 
2023-08-04 13:16:50 [queue.INFO] [yii\web\Session::open] Session started {"memory":1827392} 
2023-08-04 13:16:50 [queue.INFO] [nystudio107\codeeditor\CodeEditor::bootstrap] CodeEditor module bootstrapped {"memory":1853656} 
2023-08-04 13:16:50 [queue.INFO] [adigital\cookieconsentbanner\CookieConsentBanner::init] Cookie Consent Banner plugin loaded {"memory":1990232} 
2023-08-04 13:16:50 [queue.INFO] [nystudio107\cookies\Cookies::init] Cookies plugin loaded {"memory":2009120} 
2023-08-04 13:16:50 [queue.INFO] [vaersaagod\matrixmate\MatrixMate::init] MatrixMate plugin loaded {"memory":2387784} 
2023-08-04 13:16:50 [queue.INFO] [craft\queue\QueueLogBehavior::beforeExec]  [1721] t9n:["app","Generating image transform"] (attempt: 1, pid: 25809) - Started {"memory":2995512} 
2023-08-04 13:16:50 [queue.INFO] [craft\queue\QueueLogBehavior::afterExec]  [1721] t9n:["app","Generating image transform"] (attempt: 1, pid: 25809) - Done (time: 0.002s) {"memory":3001104} 
2023-08-04 13:16:50 [queue.INFO] [craft\queue\QueueLogBehavior::beforeExec]  [1722] t9n:["app","Generating image transform"] (attempt: 1, pid: 25809) - Started {"memory":3004584} 
2023-08-04 13:16:50 [queue.INFO] [craft\queue\QueueLogBehavior::afterExec]  [1722] t9n:["app","Generating image transform"] (attempt: 1, pid: 25809) - Done (time: 0.101s) {"memory":3185928} 
2023-08-04 13:16:50 [queue.INFO] [craft\queue\QueueLogBehavior::beforeExec]  [1723] t9n:["app","Updating search indexes"] (attempt: 1, pid: 25809) - Started {"memory":3190352} 
2023-08-04 13:16:50 [queue.INFO] [craft\queue\QueueLogBehavior::afterExec]  [1723] t9n:["app","Updating search indexes"] (attempt: 1, pid: 25809) - Done (time: 0.016s) {"memory":3431576} 
2023-08-04 13:16:50 [queue.INFO] [craft\queue\QueueLogBehavior::beforeExec]  [1724] t9n:["app","Generating image transform"] (attempt: 1, pid: 25809) - Started {"memory":3434376} 
2023-08-04 13:16:50 [queue.INFO] [craft\queue\QueueLogBehavior::afterExec]  [1724] t9n:["app","Generating image transform"] (attempt: 1, pid: 25809) - Done (time: 0.001s) {"memory":3435952} 
2023-08-04 13:16:50 [queue.INFO] [application] Request context:
$_GET = [
    'p' => 'admin/actions/queue/run'
    'v' => '1691155010234'
]

$_POST = []

$_FILES = []

$_COOKIE = [
    'CRAFT_CSRF_TOKEN' => '••••••••••••••••••••••••••••••••••••••••••••••••••••••••••••••••••••••••••••••••••••••••••••••••••••••••••••••••••••••••••••••••••••••••••••••••••••••••••••••••••••••••••••••••••••••••••••••••••••••••••••••••••••••••••••••••••••••••••••••••••••••••••••••••••'
    'CraftSessionId' => 'vc80snnu3t6s03q1m422tjju1s'
    '8f2c3cf96b939295061eb13a81ccc27a_username' => 'c756a378f9ad4b95b39abb629ac78d6924bfe5af5bf71406651b02291bd6276ba:2:{i:0;s:41:\"8f2c3cf96b939295061eb13a81ccc27a_username\";i:1;s:5:\"admin\";}'
    'cookieconsent_status' => 'allow'
    '8f2c3cf96b939295061eb13a81ccc27a_identity' => '250e80f7d93172f530641d99a4665c30cb8ac84402c74412e49bde6696d7f26da:2:{i:0;s:41:\"8f2c3cf96b939295061eb13a81ccc27a_identity\";i:1;s:159:\"[1,\"[\\\"WkSTzOWbZjmI4e8usxOlO1Kg6Vu-OcwKLIwgpuTIeFzYDl1uNqPEaFY7AXTHkSklMQcV_uHBdwET7-sLqS5DVNlF7Iw0Sq-Scw8P\\\",null,\\\"38a19dfe5bc5c11e9bd9b90544eff8a9\\\"]\",3600]\";}'
]

$_SESSION = [
    '0d86b8e7ffa267616a3ade71e3baf37d__flash' => []
    '0d86b8e7ffa267616a3ade71e3baf37d__auth_access' => [
        0 => 'previewElement:3'
        1 => 'saveAssets:88345c9b-bba7-481d-b7be-a56f256bad79'
        2 => 'saveAssets:132246f9-c0e6-4f99-a712-62365f4bf939'
        3 => 'saveAssets:dfb10236-499f-43e8-b5e9-c1ee7d4e58ed'
        4 => 'saveAssets:56f30d52-cee5-4f1a-b135-27ad8bbe2ad9'
        5 => 'previewElement:1149'
        6 => 'previewDraft:64'
        7 => 'previewDraft:65'
        8 => 'previewDraft:66'
        9 => 'previewElement:1414'
        10 => 'previewDraft:67'
        11 => 'previewDraft:68'
        12 => 'previewDraft:69'
        13 => 'previewDraft:70'
        14 => 'previewDraft:71'
        15 => 'previewDraft:72'
        16 => 'previewDraft:73'
        17 => 'previewDraft:74'
        18 => 'previewDraft:75'
        19 => 'previewDraft:76'
        20 => 'previewDraft:77'
        21 => 'previewDraft:78'
        22 => 'previewDraft:80'
        23 => 'previewDraft:81'
        24 => 'previewElement:988'
        25 => 'previewDraft:82'
        26 => 'editStructure:1'
        27 => 'previewElement:11'
        28 => 'previewElement:13'
        29 => 'previewDraft:83'
        30 => 'editStructure:5'
        31 => 'previewElement:873'
        32 => 'editStructure:2'
        33 => 'previewElement:19'
    ]
    '8f2c3cf96b939295061eb13a81ccc27a__token' => '••••••••••••••••••••••••••••••••••••••••••••••••••••••••••••••••••••••••••••••••••••••••••••••••••••'
    '8f2c3cf96b939295061eb13a81ccc27a__id' => 1
    '__authKey' => '••••••••••••••••••••••••••••••••••••••••••••••••••••••••••••••••••••••••••••••••••••••••••••••••••••••••••••••••••••••••••••••••••••••••••••••••'
    '8f2c3cf96b939295061eb13a81ccc27a__expire' => 1691158610
    '__duration' => 3600
]

$_SERVER = [
    'HTTP_HOST' => 'local.whitenoise.com'
    'HTTP_USER_AGENT' => 'Mozilla/5.0 (Macintosh; Intel Mac OS X 10.15; rv:109.0) Gecko/20100101 Firefox/115.0'
    'HTTP_ACCEPT' => 'application/json, text/plain, */*'
    'HTTP_ACCEPT_LANGUAGE' => 'en-GB,en;q=0.5'
    'HTTP_ACCEPT_ENCODING' => 'gzip, deflate'
    'HTTP_REFERER' => 'http://local.whitenoise.com/admin/globals/settings'
    'HTTP_X_REQUESTED_WITH' => 'XMLHttpRequest'
    'HTTP_X_REGISTERED_ASSET_BUNDLES' => ',verbb\\cpnav\\assetbundles\\CpNavAsset,verbb\\base\\assetbundles\\CpAsset,craft\\web\\assets\\cp\\CpAsset,craft\\web\\assets\\tailwindreset\\TailwindResetAsset,craft\\web\\assets\\axios\\AxiosAsset,craft\\web\\assets\\d3\\D3Asset,craft\\web\\assets\\elementresizedetector\\ElementResizeDetectorAsset,craft\\web\\assets\\garnish\\GarnishAsset,yii\\web\\JqueryAsset,craft\\web\\assets\\jquerytouchevents\\JqueryTouchEventsAsset,craft\\web\\assets\\velocity\\VelocityAsset,craft\\web\\assets\\jqueryui\\JqueryUiAsset,craft\\web\\assets\\jquerypayment\\JqueryPaymentAsset,craft\\web\\assets\\datepickeri18n\\DatepickerI18nAsset,craft\\web\\assets\\picturefill\\PicturefillAsset,craft\\web\\assets\\selectize\\SelectizeAsset,craft\\web\\assets\\fileupload\\FileUploadAsset,craft\\web\\assets\\xregexp\\XregexpAsset,craft\\web\\assets\\fabric\\FabricAsset,craft\\web\\assets\\iframeresizer\\IframeResizerAsset,carlcs\\redactorcustomstyles\\assets\\customcp\\CustomCpAsset,verbb\\smith\\assetbundles\\SmithAsset,craft\\web\\assets\\matrix\\MatrixAsset,craft\\web\\assets\\prismjs\\PrismJsAsset,doublesecretagency\\cpcss\\web\\assets\\CustomAssets,vaersaagod\\matrixmate\\assetbundles\\matrixmate\\MatrixMateAsset'
    'HTTP_X_REGISTERED_JS_FILES' => ',http://local.whitenoise.com/cpresources/1f8e0626/tailwind_reset.js?v=1690890157,http://local.whitenoise.com/cpresources/28e210ea/axios.js?v=1690890157,http://local.whitenoise.com/cpresources/ee63805/d3.js?v=1690890157,http://local.whitenoise.com/cpresources/cfc835ee/element-resize-detector.js?v=1690890157,http://local.whitenoise.com/cpresources/ca282a06/jquery.js?v=1690890157,http://local.whitenoise.com/cpresources/9cd55eac/jquery.mobile-events.js?v=1690890157,http://local.whitenoise.com/cpresources/99118379/velocity.js?v=1690890157,http://local.whitenoise.com/cpresources/76b987af/garnish.js?v=1690890157,http://local.whitenoise.com/cpresources/c0cfba10/jquery-ui.js?v=1690890157,http://local.whitenoise.com/cpresources/9c8681ce/jquery.payment.js?v=1690890157,http://local.whitenoise.com/cpresources/928d0809/datepicker-en-GB.js?v=1690890157,http://local.whitenoise.com/cpresources/a0dd5b10/picturefill.js?v=1690890157,http://local.whitenoise.com/cpresources/189bbc04/selectize.js?v=1690890157,http://local.whitenoise.com/cpresources/deb46cbb/jquery.fileupload.js?v=1690890157,http://local.whitenoise.com/cpresources/ab65e610/xregexp-all.js?v=1690890157,http://local.whitenoise.com/cpresources/5e0bb0b8/fabric.js?v=1690890157,http://local.whitenoise.com/cpresources/58731b2/iframeResizer.js?v=1690890157,http://local.whitenoise.com/cpresources/14d31e4c/cp.js?v=1690890157,http://local.whitenoise.com/cpresources/ea050731/js/verbb-ui.js?v=1690890157,http://local.whitenoise.com/cpresources/2b83d9da/js/cp-nav.js?v=1690890157,http://local.whitenoise.com/cpresources/46faf2ff/MatrixInput.js?v=1690890235,http://local.whitenoise.com/cpresources/4ac267bb/js/smith.js?v=1690890235,http://local.whitenoise.com/cpresources/d53c4fd2/prism.js?v=1690890488,http://local.whitenoise.com/cpresources/fe25fe21/js/MatrixMate.js?v=1690890311'
    'HTTP_X_CSRF_TOKEN' => '••••••••••••••••••••••••••••••••••••••••••••••••••••••••••••••••••••••••••••••••••••••••••••••••••••••••••••••••••••••••••••••••••••••••••••••••••••••••••••••••••••••••••••••••••••••••••••••••••••••••••••••••••••••••••••••••••••••••••••••••••••••••••••••••••••••••••••••••••••••••••••••••••••••••••••••••••••••••••••••••••••••••••••••••••••••••••••••••••••••••••••••••••••••••••••••••••••••••'
    'HTTP_ORIGIN' => 'http://local.whitenoise.com'
    'HTTP_CONNECTION' => 'keep-alive'
    'HTTP_COOKIE' => 'CRAFT_CSRF_TOKEN=19ca83dc078a30a26e3d841067a4fc33cb4de15c091962a4c28fd9cb423d2453a%3A2%3A%7Bi%3A0%3Bs%3A16%3A%22CRAFT_CSRF_TOKEN%22%3Bi%3A1%3Bs%3A147%3A%22vcgU3RtVbXInxPf-jZM83g8lQDvO2WRD_Vzv0Zg6%7Cad4733d809827bb162f6e2c107e5263a5fddede97746d3d55146b0824b526331vcgU3RtVbXInxPf-jZM83g8lQDvO2WRD_Vzv0Zg6%7C1%22%3B%7D; CraftSessionId=vc80snnu3t6s03q1m422tjju1s; 8f2c3cf96b939295061eb13a81ccc27a_username=c756a378f9ad4b95b39abb629ac78d6924bfe5af5bf71406651b02291bd6276ba%3A2%3A%7Bi%3A0%3Bs%3A41%3A%228f2c3cf96b939295061eb13a81ccc27a_username%22%3Bi%3A1%3Bs%3A5%3A%22admin%22%3B%7D; cookieconsent_status=allow; 8f2c3cf96b939295061eb13a81ccc27a_identity=250e80f7d93172f530641d99a4665c30cb8ac84402c74412e49bde6696d7f26da%3A2%3A%7Bi%3A0%3Bs%3A41%3A%228f2c3cf96b939295061eb13a81ccc27a_identity%22%3Bi%3A1%3Bs%3A159%3A%22%5B1%2C%22%5B%5C%22WkSTzOWbZjmI4e8usxOlO1Kg6Vu-OcwKLIwgpuTIeFzYDl1uNqPEaFY7AXTHkSklMQcV_uHBdwET7-sLqS5DVNlF7Iw0Sq-Scw8P%5C%22%2Cnull%2C%5C%2238a19dfe5bc5c11e9bd9b90544eff8a9%5C%22%5D%22%2C3600%5D%22%3B%7D'
    'CONTENT_LENGTH' => '0'
    'PATH' => '/usr/bin:/bin:/usr/sbin:/sbin'
    'SERVER_SIGNATURE' => ''
    'SERVER_SOFTWARE' => 'Apache/2.4.54 (Unix) OpenSSL/1.0.2u PHP/8.2.0 mod_wsgi/3.5 Python/2.7.18 mod_fastcgi/mod_fastcgi-SNAP-0910052141 mod_perl/2.0.11 Perl/v5.30.1'
    'SERVER_NAME' => 'local.whitenoise.com'
    'SERVER_ADDR' => '127.0.0.1'
    'SERVER_PORT' => '80'
    'REMOTE_ADDR' => '127.0.0.1'
    'DOCUMENT_ROOT' => '/Applications/MAMP/htdocs/local.whitenoise.com/public_html'
    'REQUEST_SCHEME' => 'http'
    'CONTEXT_PREFIX' => ''
    'CONTEXT_DOCUMENT_ROOT' => '/Applications/MAMP/htdocs/local.whitenoise.com/public_html'
    'SERVER_ADMIN' => 'you@example.com'
    'SCRIPT_FILENAME' => '/Applications/MAMP/htdocs/local.whitenoise.com/public_html/index.php'
    'REMOTE_PORT' => '53122'
    'GATEWAY_INTERFACE' => 'CGI/1.1'
    'SERVER_PROTOCOL' => 'HTTP/1.1'
    'REQUEST_METHOD' => 'POST'
    'QUERY_STRING' => 'p=admin%2Factions%2Fqueue%2Frun&v=1691155010234'
    'REQUEST_URI' => '/index.php?p=admin%2Factions%2Fqueue%2Frun&v=1691155010234'
    'SCRIPT_NAME' => '/index.php'
    'PHP_SELF' => '/index.php'
    'REQUEST_TIME_FLOAT' => 1691155010.2359
    'REQUEST_TIME' => 1691155010
    'CRAFT_APP_ID' => 'CraftCMS--4f80cc3b-76dd-45b1-9147-bc8717a572d4'
    'CRAFT_ENVIRONMENT' => 'dev'
    'CRAFT_SECURITY_KEY' => '••••••••••••••••••••••••••••••••'
    'CRAFT_DB_DRIVER' => 'mysql'
    'CRAFT_DB_SERVER' => '127.0.0.1'
    'CRAFT_DB_PORT' => '8889'
    'CRAFT_DB_DATABASE' => 'whitenoise'
    'CRAFT_DB_USER' => 'root'
    'CRAFT_DB_PASSWORD' => '••••'
    'CRAFT_DB_SCHEMA' => ''
    'CRAFT_DB_TABLE_PREFIX' => ''
    'DEV_MODE' => 'true'
    'ALLOW_ADMIN_CHANGES' => 'true'
    'DISALLOW_ROBOTS' => 'true'
    'DEFAULT_SITE_NAME' => 'Whitenoise Studios'
    'PRIMARY_SITE_URL' => 'http://local.whitenoise.com/'
] {"userId":1} 
2023-08-04 13:22:43 [queue.INFO] [yii\db\Connection::open] Opening DB connection: mysql:host=127.0.0.1;dbname=whitenoise;port=8889 {"memory":766760} 
2023-08-04 13:22:43 [queue.INFO] [yii\web\Session::open] Session started {"memory":1825800} 
2023-08-04 13:22:43 [queue.INFO] [nystudio107\codeeditor\CodeEditor::bootstrap] CodeEditor module bootstrapped {"memory":1853024} 
2023-08-04 13:22:43 [queue.INFO] [adigital\cookieconsentbanner\CookieConsentBanner::init] Cookie Consent Banner plugin loaded {"memory":1989600} 
2023-08-04 13:22:43 [queue.INFO] [nystudio107\cookies\Cookies::init] Cookies plugin loaded {"memory":2008488} 
2023-08-04 13:22:43 [queue.INFO] [vaersaagod\matrixmate\MatrixMate::init] MatrixMate plugin loaded {"memory":2387152} 
2023-08-04 13:22:43 [queue.INFO] [craft\queue\QueueLogBehavior::beforeExec]  [1725] t9n:["app","Updating search indexes"] (attempt: 1, pid: 47942) - Started {"memory":2995392} 
2023-08-04 13:22:43 [queue.INFO] [craft\queue\QueueLogBehavior::afterExec]  [1725] t9n:["app","Updating search indexes"] (attempt: 1, pid: 47942) - Done (time: 0.018s) {"memory":3263712} 
2023-08-04 13:22:43 [queue.INFO] [craft\queue\QueueLogBehavior::beforeExec]  [1726] t9n:["app","Updating search indexes"] (attempt: 1, pid: 47942) - Started {"memory":3267192} 
2023-08-04 13:22:43 [queue.INFO] [craft\queue\QueueLogBehavior::afterExec]  [1726] t9n:["app","Updating search indexes"] (attempt: 1, pid: 47942) - Done (time: 0.008s) {"memory":3324624} 
2023-08-04 13:22:43 [queue.INFO] [application] Request context:
$_GET = [
    'p' => 'admin/actions/queue/run'
    'v' => '1691155362767'
]

$_POST = []

$_FILES = []

$_COOKIE = [
    'CRAFT_CSRF_TOKEN' => '••••••••••••••••••••••••••••••••••••••••••••••••••••••••••••••••••••••••••••••••••••••••••••••••••••••••••••••••••••••••••••••••••••••••••••••••••••••••••••••••••••••••••••••••••••••••••••••••••••••••••••••••••••••••••••••••••••••••••••••••••••••••••••••••••'
    'CraftSessionId' => 'vc80snnu3t6s03q1m422tjju1s'
    '8f2c3cf96b939295061eb13a81ccc27a_username' => 'c756a378f9ad4b95b39abb629ac78d6924bfe5af5bf71406651b02291bd6276ba:2:{i:0;s:41:\"8f2c3cf96b939295061eb13a81ccc27a_username\";i:1;s:5:\"admin\";}'
    'cookieconsent_status' => 'allow'
    '8f2c3cf96b939295061eb13a81ccc27a_identity' => '250e80f7d93172f530641d99a4665c30cb8ac84402c74412e49bde6696d7f26da:2:{i:0;s:41:\"8f2c3cf96b939295061eb13a81ccc27a_identity\";i:1;s:159:\"[1,\"[\\\"WkSTzOWbZjmI4e8usxOlO1Kg6Vu-OcwKLIwgpuTIeFzYDl1uNqPEaFY7AXTHkSklMQcV_uHBdwET7-sLqS5DVNlF7Iw0Sq-Scw8P\\\",null,\\\"38a19dfe5bc5c11e9bd9b90544eff8a9\\\"]\",3600]\";}'
]

$_SESSION = [
    '0d86b8e7ffa267616a3ade71e3baf37d__flash' => []
    '0d86b8e7ffa267616a3ade71e3baf37d__auth_access' => [
        0 => 'previewElement:3'
        1 => 'saveAssets:88345c9b-bba7-481d-b7be-a56f256bad79'
        2 => 'saveAssets:132246f9-c0e6-4f99-a712-62365f4bf939'
        3 => 'saveAssets:dfb10236-499f-43e8-b5e9-c1ee7d4e58ed'
        4 => 'saveAssets:56f30d52-cee5-4f1a-b135-27ad8bbe2ad9'
        5 => 'previewElement:1149'
        6 => 'previewDraft:64'
        7 => 'previewDraft:65'
        8 => 'previewDraft:66'
        9 => 'previewElement:1414'
        10 => 'previewDraft:67'
        11 => 'previewDraft:68'
        12 => 'previewDraft:69'
        13 => 'previewDraft:70'
        14 => 'previewDraft:71'
        15 => 'previewDraft:72'
        16 => 'previewDraft:73'
        17 => 'previewDraft:74'
        18 => 'previewDraft:75'
        19 => 'previewDraft:76'
        20 => 'previewDraft:77'
        21 => 'previewDraft:78'
        22 => 'previewDraft:80'
        23 => 'previewDraft:81'
        24 => 'previewElement:988'
        25 => 'previewDraft:82'
        26 => 'editStructure:1'
        27 => 'previewElement:11'
        28 => 'previewElement:13'
        29 => 'previewDraft:83'
        30 => 'editStructure:5'
        31 => 'previewElement:873'
        32 => 'editStructure:2'
        33 => 'previewElement:19'
    ]
    '8f2c3cf96b939295061eb13a81ccc27a__token' => '••••••••••••••••••••••••••••••••••••••••••••••••••••••••••••••••••••••••••••••••••••••••••••••••••••'
    '8f2c3cf96b939295061eb13a81ccc27a__id' => 1
    '__authKey' => '••••••••••••••••••••••••••••••••••••••••••••••••••••••••••••••••••••••••••••••••••••••••••••••••••••••••••••••••••••••••••••••••••••••••••••••••'
    '8f2c3cf96b939295061eb13a81ccc27a__expire' => 1691158963
    '__duration' => 3600
]

$_SERVER = [
    'HTTP_HOST' => 'local.whitenoise.com'
    'HTTP_USER_AGENT' => 'Mozilla/5.0 (Macintosh; Intel Mac OS X 10.15; rv:109.0) Gecko/20100101 Firefox/115.0'
    'HTTP_ACCEPT' => 'application/json, text/plain, */*'
    'HTTP_ACCEPT_LANGUAGE' => 'en-GB,en;q=0.5'
    'HTTP_ACCEPT_ENCODING' => 'gzip, deflate'
    'HTTP_REFERER' => 'http://local.whitenoise.com/admin/globals/settings'
    'HTTP_X_REQUESTED_WITH' => 'XMLHttpRequest'
    'HTTP_X_REGISTERED_ASSET_BUNDLES' => ',verbb\\cpnav\\assetbundles\\CpNavAsset,verbb\\base\\assetbundles\\CpAsset,craft\\web\\assets\\cp\\CpAsset,craft\\web\\assets\\tailwindreset\\TailwindResetAsset,craft\\web\\assets\\axios\\AxiosAsset,craft\\web\\assets\\d3\\D3Asset,craft\\web\\assets\\elementresizedetector\\ElementResizeDetectorAsset,craft\\web\\assets\\garnish\\GarnishAsset,yii\\web\\JqueryAsset,craft\\web\\assets\\jquerytouchevents\\JqueryTouchEventsAsset,craft\\web\\assets\\velocity\\VelocityAsset,craft\\web\\assets\\jqueryui\\JqueryUiAsset,craft\\web\\assets\\jquerypayment\\JqueryPaymentAsset,craft\\web\\assets\\datepickeri18n\\DatepickerI18nAsset,craft\\web\\assets\\picturefill\\PicturefillAsset,craft\\web\\assets\\selectize\\SelectizeAsset,craft\\web\\assets\\fileupload\\FileUploadAsset,craft\\web\\assets\\xregexp\\XregexpAsset,craft\\web\\assets\\fabric\\FabricAsset,craft\\web\\assets\\iframeresizer\\IframeResizerAsset,carlcs\\redactorcustomstyles\\assets\\customcp\\CustomCpAsset,verbb\\smith\\assetbundles\\SmithAsset,craft\\web\\assets\\matrix\\MatrixAsset,craft\\web\\assets\\prismjs\\PrismJsAsset,doublesecretagency\\cpcss\\web\\assets\\CustomAssets,vaersaagod\\matrixmate\\assetbundles\\matrixmate\\MatrixMateAsset'
    'HTTP_X_REGISTERED_JS_FILES' => ',http://local.whitenoise.com/cpresources/1f8e0626/tailwind_reset.js?v=1690890157,http://local.whitenoise.com/cpresources/28e210ea/axios.js?v=1690890157,http://local.whitenoise.com/cpresources/ee63805/d3.js?v=1690890157,http://local.whitenoise.com/cpresources/cfc835ee/element-resize-detector.js?v=1690890157,http://local.whitenoise.com/cpresources/ca282a06/jquery.js?v=1690890157,http://local.whitenoise.com/cpresources/9cd55eac/jquery.mobile-events.js?v=1690890157,http://local.whitenoise.com/cpresources/99118379/velocity.js?v=1690890157,http://local.whitenoise.com/cpresources/76b987af/garnish.js?v=1690890157,http://local.whitenoise.com/cpresources/c0cfba10/jquery-ui.js?v=1690890157,http://local.whitenoise.com/cpresources/9c8681ce/jquery.payment.js?v=1690890157,http://local.whitenoise.com/cpresources/928d0809/datepicker-en-GB.js?v=1690890157,http://local.whitenoise.com/cpresources/a0dd5b10/picturefill.js?v=1690890157,http://local.whitenoise.com/cpresources/189bbc04/selectize.js?v=1690890157,http://local.whitenoise.com/cpresources/deb46cbb/jquery.fileupload.js?v=1690890157,http://local.whitenoise.com/cpresources/ab65e610/xregexp-all.js?v=1690890157,http://local.whitenoise.com/cpresources/5e0bb0b8/fabric.js?v=1690890157,http://local.whitenoise.com/cpresources/58731b2/iframeResizer.js?v=1690890157,http://local.whitenoise.com/cpresources/14d31e4c/cp.js?v=1690890157,http://local.whitenoise.com/cpresources/ea050731/js/verbb-ui.js?v=1690890157,http://local.whitenoise.com/cpresources/2b83d9da/js/cp-nav.js?v=1690890157,http://local.whitenoise.com/cpresources/46faf2ff/MatrixInput.js?v=1690890235,http://local.whitenoise.com/cpresources/4ac267bb/js/smith.js?v=1690890235,http://local.whitenoise.com/cpresources/d53c4fd2/prism.js?v=1690890488,http://local.whitenoise.com/cpresources/fe25fe21/js/MatrixMate.js?v=1690890311'
    'HTTP_X_CSRF_TOKEN' => '••••••••••••••••••••••••••••••••••••••••••••••••••••••••••••••••••••••••••••••••••••••••••••••••••••••••••••••••••••••••••••••••••••••••••••••••••••••••••••••••••••••••••••••••••••••••••••••••••••••••••••••••••••••••••••••••••••••••••••••••••••••••••••••••••••••••••••••••••••••••••••••••••••••••••••••••••••••••••••••••••••••••••••••••••••••••••••••••••••••••••••••••••••••••••••••••••••••••'
    'HTTP_ORIGIN' => 'http://local.whitenoise.com'
    'HTTP_CONNECTION' => 'keep-alive'
    'HTTP_COOKIE' => 'CRAFT_CSRF_TOKEN=19ca83dc078a30a26e3d841067a4fc33cb4de15c091962a4c28fd9cb423d2453a%3A2%3A%7Bi%3A0%3Bs%3A16%3A%22CRAFT_CSRF_TOKEN%22%3Bi%3A1%3Bs%3A147%3A%22vcgU3RtVbXInxPf-jZM83g8lQDvO2WRD_Vzv0Zg6%7Cad4733d809827bb162f6e2c107e5263a5fddede97746d3d55146b0824b526331vcgU3RtVbXInxPf-jZM83g8lQDvO2WRD_Vzv0Zg6%7C1%22%3B%7D; CraftSessionId=vc80snnu3t6s03q1m422tjju1s; 8f2c3cf96b939295061eb13a81ccc27a_username=c756a378f9ad4b95b39abb629ac78d6924bfe5af5bf71406651b02291bd6276ba%3A2%3A%7Bi%3A0%3Bs%3A41%3A%228f2c3cf96b939295061eb13a81ccc27a_username%22%3Bi%3A1%3Bs%3A5%3A%22admin%22%3B%7D; cookieconsent_status=allow; 8f2c3cf96b939295061eb13a81ccc27a_identity=250e80f7d93172f530641d99a4665c30cb8ac84402c74412e49bde6696d7f26da%3A2%3A%7Bi%3A0%3Bs%3A41%3A%228f2c3cf96b939295061eb13a81ccc27a_identity%22%3Bi%3A1%3Bs%3A159%3A%22%5B1%2C%22%5B%5C%22WkSTzOWbZjmI4e8usxOlO1Kg6Vu-OcwKLIwgpuTIeFzYDl1uNqPEaFY7AXTHkSklMQcV_uHBdwET7-sLqS5DVNlF7Iw0Sq-Scw8P%5C%22%2Cnull%2C%5C%2238a19dfe5bc5c11e9bd9b90544eff8a9%5C%22%5D%22%2C3600%5D%22%3B%7D'
    'CONTENT_LENGTH' => '0'
    'PATH' => '/usr/bin:/bin:/usr/sbin:/sbin'
    'SERVER_SIGNATURE' => ''
    'SERVER_SOFTWARE' => 'Apache/2.4.54 (Unix) OpenSSL/1.0.2u PHP/8.2.0 mod_wsgi/3.5 Python/2.7.18 mod_fastcgi/mod_fastcgi-SNAP-0910052141 mod_perl/2.0.11 Perl/v5.30.1'
    'SERVER_NAME' => 'local.whitenoise.com'
    'SERVER_ADDR' => '127.0.0.1'
    'SERVER_PORT' => '80'
    'REMOTE_ADDR' => '127.0.0.1'
    'DOCUMENT_ROOT' => '/Applications/MAMP/htdocs/local.whitenoise.com/public_html'
    'REQUEST_SCHEME' => 'http'
    'CONTEXT_PREFIX' => ''
    'CONTEXT_DOCUMENT_ROOT' => '/Applications/MAMP/htdocs/local.whitenoise.com/public_html'
    'SERVER_ADMIN' => 'you@example.com'
    'SCRIPT_FILENAME' => '/Applications/MAMP/htdocs/local.whitenoise.com/public_html/index.php'
    'REMOTE_PORT' => '53307'
    'GATEWAY_INTERFACE' => 'CGI/1.1'
    'SERVER_PROTOCOL' => 'HTTP/1.1'
    'REQUEST_METHOD' => 'POST'
    'QUERY_STRING' => 'p=admin%2Factions%2Fqueue%2Frun&v=1691155362767'
    'REQUEST_URI' => '/index.php?p=admin%2Factions%2Fqueue%2Frun&v=1691155362767'
    'SCRIPT_NAME' => '/index.php'
    'PHP_SELF' => '/index.php'
    'REQUEST_TIME_FLOAT' => 1691155362.769
    'REQUEST_TIME' => 1691155362
    'CRAFT_APP_ID' => 'CraftCMS--4f80cc3b-76dd-45b1-9147-bc8717a572d4'
    'CRAFT_ENVIRONMENT' => 'dev'
    'CRAFT_SECURITY_KEY' => '••••••••••••••••••••••••••••••••'
    'CRAFT_DB_DRIVER' => 'mysql'
    'CRAFT_DB_SERVER' => '127.0.0.1'
    'CRAFT_DB_PORT' => '8889'
    'CRAFT_DB_DATABASE' => 'whitenoise'
    'CRAFT_DB_USER' => 'root'
    'CRAFT_DB_PASSWORD' => '••••'
    'CRAFT_DB_SCHEMA' => ''
    'CRAFT_DB_TABLE_PREFIX' => ''
    'DEV_MODE' => 'true'
    'ALLOW_ADMIN_CHANGES' => 'true'
    'DISALLOW_ROBOTS' => 'true'
    'DEFAULT_SITE_NAME' => 'Whitenoise Studios'
    'PRIMARY_SITE_URL' => 'http://local.whitenoise.com/'
] {"userId":1} 
2023-08-04 13:22:46 [queue.INFO] [yii\db\Connection::open] Opening DB connection: mysql:host=127.0.0.1;dbname=whitenoise;port=8889 {"memory":766760} 
2023-08-04 13:22:46 [queue.INFO] [yii\web\Session::open] Session started {"memory":1825800} 
2023-08-04 13:22:46 [queue.INFO] [nystudio107\codeeditor\CodeEditor::bootstrap] CodeEditor module bootstrapped {"memory":1853024} 
2023-08-04 13:22:46 [queue.INFO] [adigital\cookieconsentbanner\CookieConsentBanner::init] Cookie Consent Banner plugin loaded {"memory":1989600} 
2023-08-04 13:22:46 [queue.INFO] [nystudio107\cookies\Cookies::init] Cookies plugin loaded {"memory":2008488} 
2023-08-04 13:22:46 [queue.INFO] [vaersaagod\matrixmate\MatrixMate::init] MatrixMate plugin loaded {"memory":2387152} 
2023-08-04 13:22:46 [queue.INFO] [craft\queue\QueueLogBehavior::beforeExec]  [1727] t9n:["app","Updating search indexes"] (attempt: 1, pid: 24788) - Started {"memory":2995880} 
2023-08-04 13:22:46 [queue.INFO] [craft\queue\QueueLogBehavior::afterExec]  [1727] t9n:["app","Updating search indexes"] (attempt: 1, pid: 24788) - Done (time: 0.015s) {"memory":3236992} 
2023-08-04 13:22:46 [queue.INFO] [application] Request context:
$_GET = [
    'p' => 'admin/actions/queue/run'
    'v' => '1691155365931'
]

$_POST = []

$_FILES = []

$_COOKIE = [
    'CRAFT_CSRF_TOKEN' => '••••••••••••••••••••••••••••••••••••••••••••••••••••••••••••••••••••••••••••••••••••••••••••••••••••••••••••••••••••••••••••••••••••••••••••••••••••••••••••••••••••••••••••••••••••••••••••••••••••••••••••••••••••••••••••••••••••••••••••••••••••••••••••••••••'
    'CraftSessionId' => 'vc80snnu3t6s03q1m422tjju1s'
    '8f2c3cf96b939295061eb13a81ccc27a_username' => 'c756a378f9ad4b95b39abb629ac78d6924bfe5af5bf71406651b02291bd6276ba:2:{i:0;s:41:\"8f2c3cf96b939295061eb13a81ccc27a_username\";i:1;s:5:\"admin\";}'
    'cookieconsent_status' => 'allow'
    '8f2c3cf96b939295061eb13a81ccc27a_identity' => '250e80f7d93172f530641d99a4665c30cb8ac84402c74412e49bde6696d7f26da:2:{i:0;s:41:\"8f2c3cf96b939295061eb13a81ccc27a_identity\";i:1;s:159:\"[1,\"[\\\"WkSTzOWbZjmI4e8usxOlO1Kg6Vu-OcwKLIwgpuTIeFzYDl1uNqPEaFY7AXTHkSklMQcV_uHBdwET7-sLqS5DVNlF7Iw0Sq-Scw8P\\\",null,\\\"38a19dfe5bc5c11e9bd9b90544eff8a9\\\"]\",3600]\";}'
]

$_SESSION = [
    '0d86b8e7ffa267616a3ade71e3baf37d__flash' => []
    '0d86b8e7ffa267616a3ade71e3baf37d__auth_access' => [
        0 => 'previewElement:3'
        1 => 'saveAssets:88345c9b-bba7-481d-b7be-a56f256bad79'
        2 => 'saveAssets:132246f9-c0e6-4f99-a712-62365f4bf939'
        3 => 'saveAssets:dfb10236-499f-43e8-b5e9-c1ee7d4e58ed'
        4 => 'saveAssets:56f30d52-cee5-4f1a-b135-27ad8bbe2ad9'
        5 => 'previewElement:1149'
        6 => 'previewDraft:64'
        7 => 'previewDraft:65'
        8 => 'previewDraft:66'
        9 => 'previewElement:1414'
        10 => 'previewDraft:67'
        11 => 'previewDraft:68'
        12 => 'previewDraft:69'
        13 => 'previewDraft:70'
        14 => 'previewDraft:71'
        15 => 'previewDraft:72'
        16 => 'previewDraft:73'
        17 => 'previewDraft:74'
        18 => 'previewDraft:75'
        19 => 'previewDraft:76'
        20 => 'previewDraft:77'
        21 => 'previewDraft:78'
        22 => 'previewDraft:80'
        23 => 'previewDraft:81'
        24 => 'previewElement:988'
        25 => 'previewDraft:82'
        26 => 'editStructure:1'
        27 => 'previewElement:11'
        28 => 'previewElement:13'
        29 => 'previewDraft:83'
        30 => 'editStructure:5'
        31 => 'previewElement:873'
        32 => 'editStructure:2'
        33 => 'previewElement:19'
    ]
    '8f2c3cf96b939295061eb13a81ccc27a__token' => '••••••••••••••••••••••••••••••••••••••••••••••••••••••••••••••••••••••••••••••••••••••••••••••••••••'
    '8f2c3cf96b939295061eb13a81ccc27a__id' => 1
    '__authKey' => '••••••••••••••••••••••••••••••••••••••••••••••••••••••••••••••••••••••••••••••••••••••••••••••••••••••••••••••••••••••••••••••••••••••••••••••••'
    '8f2c3cf96b939295061eb13a81ccc27a__expire' => 1691158966
    '__duration' => 3600
]

$_SERVER = [
    'HTTP_HOST' => 'local.whitenoise.com'
    'HTTP_USER_AGENT' => 'Mozilla/5.0 (Macintosh; Intel Mac OS X 10.15; rv:109.0) Gecko/20100101 Firefox/115.0'
    'HTTP_ACCEPT' => 'application/json, text/plain, */*'
    'HTTP_ACCEPT_LANGUAGE' => 'en-GB,en;q=0.5'
    'HTTP_ACCEPT_ENCODING' => 'gzip, deflate'
    'HTTP_REFERER' => 'http://local.whitenoise.com/admin/globals/settings'
    'HTTP_X_REQUESTED_WITH' => 'XMLHttpRequest'
    'HTTP_X_REGISTERED_ASSET_BUNDLES' => ',verbb\\cpnav\\assetbundles\\CpNavAsset,verbb\\base\\assetbundles\\CpAsset,craft\\web\\assets\\cp\\CpAsset,craft\\web\\assets\\tailwindreset\\TailwindResetAsset,craft\\web\\assets\\axios\\AxiosAsset,craft\\web\\assets\\d3\\D3Asset,craft\\web\\assets\\elementresizedetector\\ElementResizeDetectorAsset,craft\\web\\assets\\garnish\\GarnishAsset,yii\\web\\JqueryAsset,craft\\web\\assets\\jquerytouchevents\\JqueryTouchEventsAsset,craft\\web\\assets\\velocity\\VelocityAsset,craft\\web\\assets\\jqueryui\\JqueryUiAsset,craft\\web\\assets\\jquerypayment\\JqueryPaymentAsset,craft\\web\\assets\\datepickeri18n\\DatepickerI18nAsset,craft\\web\\assets\\picturefill\\PicturefillAsset,craft\\web\\assets\\selectize\\SelectizeAsset,craft\\web\\assets\\fileupload\\FileUploadAsset,craft\\web\\assets\\xregexp\\XregexpAsset,craft\\web\\assets\\fabric\\FabricAsset,craft\\web\\assets\\iframeresizer\\IframeResizerAsset,carlcs\\redactorcustomstyles\\assets\\customcp\\CustomCpAsset,verbb\\smith\\assetbundles\\SmithAsset,craft\\web\\assets\\matrix\\MatrixAsset,craft\\web\\assets\\prismjs\\PrismJsAsset,doublesecretagency\\cpcss\\web\\assets\\CustomAssets,vaersaagod\\matrixmate\\assetbundles\\matrixmate\\MatrixMateAsset'
    'HTTP_X_REGISTERED_JS_FILES' => ',http://local.whitenoise.com/cpresources/1f8e0626/tailwind_reset.js?v=1690890157,http://local.whitenoise.com/cpresources/28e210ea/axios.js?v=1690890157,http://local.whitenoise.com/cpresources/ee63805/d3.js?v=1690890157,http://local.whitenoise.com/cpresources/cfc835ee/element-resize-detector.js?v=1690890157,http://local.whitenoise.com/cpresources/ca282a06/jquery.js?v=1690890157,http://local.whitenoise.com/cpresources/9cd55eac/jquery.mobile-events.js?v=1690890157,http://local.whitenoise.com/cpresources/99118379/velocity.js?v=1690890157,http://local.whitenoise.com/cpresources/76b987af/garnish.js?v=1690890157,http://local.whitenoise.com/cpresources/c0cfba10/jquery-ui.js?v=1690890157,http://local.whitenoise.com/cpresources/9c8681ce/jquery.payment.js?v=1690890157,http://local.whitenoise.com/cpresources/928d0809/datepicker-en-GB.js?v=1690890157,http://local.whitenoise.com/cpresources/a0dd5b10/picturefill.js?v=1690890157,http://local.whitenoise.com/cpresources/189bbc04/selectize.js?v=1690890157,http://local.whitenoise.com/cpresources/deb46cbb/jquery.fileupload.js?v=1690890157,http://local.whitenoise.com/cpresources/ab65e610/xregexp-all.js?v=1690890157,http://local.whitenoise.com/cpresources/5e0bb0b8/fabric.js?v=1690890157,http://local.whitenoise.com/cpresources/58731b2/iframeResizer.js?v=1690890157,http://local.whitenoise.com/cpresources/14d31e4c/cp.js?v=1690890157,http://local.whitenoise.com/cpresources/ea050731/js/verbb-ui.js?v=1690890157,http://local.whitenoise.com/cpresources/2b83d9da/js/cp-nav.js?v=1690890157,http://local.whitenoise.com/cpresources/46faf2ff/MatrixInput.js?v=1690890235,http://local.whitenoise.com/cpresources/4ac267bb/js/smith.js?v=1690890235,http://local.whitenoise.com/cpresources/d53c4fd2/prism.js?v=1690890488,http://local.whitenoise.com/cpresources/fe25fe21/js/MatrixMate.js?v=1690890311'
    'HTTP_X_CSRF_TOKEN' => '••••••••••••••••••••••••••••••••••••••••••••••••••••••••••••••••••••••••••••••••••••••••••••••••••••••••••••••••••••••••••••••••••••••••••••••••••••••••••••••••••••••••••••••••••••••••••••••••••••••••••••••••••••••••••••••••••••••••••••••••••••••••••••••••••••••••••••••••••••••••••••••••••••••••••••••••••••••••••••••••••••••••••••••••••••••••••••••••••••••••••••••••••••••••••••••••••••••••'
    'HTTP_ORIGIN' => 'http://local.whitenoise.com'
    'HTTP_CONNECTION' => 'keep-alive'
    'HTTP_COOKIE' => 'CRAFT_CSRF_TOKEN=19ca83dc078a30a26e3d841067a4fc33cb4de15c091962a4c28fd9cb423d2453a%3A2%3A%7Bi%3A0%3Bs%3A16%3A%22CRAFT_CSRF_TOKEN%22%3Bi%3A1%3Bs%3A147%3A%22vcgU3RtVbXInxPf-jZM83g8lQDvO2WRD_Vzv0Zg6%7Cad4733d809827bb162f6e2c107e5263a5fddede97746d3d55146b0824b526331vcgU3RtVbXInxPf-jZM83g8lQDvO2WRD_Vzv0Zg6%7C1%22%3B%7D; CraftSessionId=vc80snnu3t6s03q1m422tjju1s; 8f2c3cf96b939295061eb13a81ccc27a_username=c756a378f9ad4b95b39abb629ac78d6924bfe5af5bf71406651b02291bd6276ba%3A2%3A%7Bi%3A0%3Bs%3A41%3A%228f2c3cf96b939295061eb13a81ccc27a_username%22%3Bi%3A1%3Bs%3A5%3A%22admin%22%3B%7D; cookieconsent_status=allow; 8f2c3cf96b939295061eb13a81ccc27a_identity=250e80f7d93172f530641d99a4665c30cb8ac84402c74412e49bde6696d7f26da%3A2%3A%7Bi%3A0%3Bs%3A41%3A%228f2c3cf96b939295061eb13a81ccc27a_identity%22%3Bi%3A1%3Bs%3A159%3A%22%5B1%2C%22%5B%5C%22WkSTzOWbZjmI4e8usxOlO1Kg6Vu-OcwKLIwgpuTIeFzYDl1uNqPEaFY7AXTHkSklMQcV_uHBdwET7-sLqS5DVNlF7Iw0Sq-Scw8P%5C%22%2Cnull%2C%5C%2238a19dfe5bc5c11e9bd9b90544eff8a9%5C%22%5D%22%2C3600%5D%22%3B%7D'
    'CONTENT_LENGTH' => '0'
    'PATH' => '/usr/bin:/bin:/usr/sbin:/sbin'
    'SERVER_SIGNATURE' => ''
    'SERVER_SOFTWARE' => 'Apache/2.4.54 (Unix) OpenSSL/1.0.2u PHP/8.2.0 mod_wsgi/3.5 Python/2.7.18 mod_fastcgi/mod_fastcgi-SNAP-0910052141 mod_perl/2.0.11 Perl/v5.30.1'
    'SERVER_NAME' => 'local.whitenoise.com'
    'SERVER_ADDR' => '127.0.0.1'
    'SERVER_PORT' => '80'
    'REMOTE_ADDR' => '127.0.0.1'
    'DOCUMENT_ROOT' => '/Applications/MAMP/htdocs/local.whitenoise.com/public_html'
    'REQUEST_SCHEME' => 'http'
    'CONTEXT_PREFIX' => ''
    'CONTEXT_DOCUMENT_ROOT' => '/Applications/MAMP/htdocs/local.whitenoise.com/public_html'
    'SERVER_ADMIN' => 'you@example.com'
    'SCRIPT_FILENAME' => '/Applications/MAMP/htdocs/local.whitenoise.com/public_html/index.php'
    'REMOTE_PORT' => '53317'
    'GATEWAY_INTERFACE' => 'CGI/1.1'
    'SERVER_PROTOCOL' => 'HTTP/1.1'
    'REQUEST_METHOD' => 'POST'
    'QUERY_STRING' => 'p=admin%2Factions%2Fqueue%2Frun&v=1691155365931'
    'REQUEST_URI' => '/index.php?p=admin%2Factions%2Fqueue%2Frun&v=1691155365931'
    'SCRIPT_NAME' => '/index.php'
    'PHP_SELF' => '/index.php'
    'REQUEST_TIME_FLOAT' => 1691155365.9479
    'REQUEST_TIME' => 1691155365
    'CRAFT_APP_ID' => 'CraftCMS--4f80cc3b-76dd-45b1-9147-bc8717a572d4'
    'CRAFT_ENVIRONMENT' => 'dev'
    'CRAFT_SECURITY_KEY' => '••••••••••••••••••••••••••••••••'
    'CRAFT_DB_DRIVER' => 'mysql'
    'CRAFT_DB_SERVER' => '127.0.0.1'
    'CRAFT_DB_PORT' => '8889'
    'CRAFT_DB_DATABASE' => 'whitenoise'
    'CRAFT_DB_USER' => 'root'
    'CRAFT_DB_PASSWORD' => '••••'
    'CRAFT_DB_SCHEMA' => ''
    'CRAFT_DB_TABLE_PREFIX' => ''
    'DEV_MODE' => 'true'
    'ALLOW_ADMIN_CHANGES' => 'true'
    'DISALLOW_ROBOTS' => 'true'
    'DEFAULT_SITE_NAME' => 'Whitenoise Studios'
    'PRIMARY_SITE_URL' => 'http://local.whitenoise.com/'
] {"userId":1} 
2023-08-04 13:24:21 [queue.INFO] [yii\db\Connection::open] Opening DB connection: mysql:host=127.0.0.1;dbname=whitenoise;port=8889 {"memory":766760} 
2023-08-04 13:24:21 [queue.INFO] [yii\web\Session::open] Session started {"memory":1829848} 
2023-08-04 13:24:21 [queue.INFO] [nystudio107\codeeditor\CodeEditor::bootstrap] CodeEditor module bootstrapped {"memory":1856112} 
2023-08-04 13:24:21 [queue.INFO] [adigital\cookieconsentbanner\CookieConsentBanner::init] Cookie Consent Banner plugin loaded {"memory":1992688} 
2023-08-04 13:24:21 [queue.INFO] [nystudio107\cookies\Cookies::init] Cookies plugin loaded {"memory":2011536} 
2023-08-04 13:24:21 [queue.INFO] [vaersaagod\matrixmate\MatrixMate::init] MatrixMate plugin loaded {"memory":2390200} 
2023-08-04 13:24:21 [queue.INFO] [craft\queue\QueueLogBehavior::beforeExec]  [1728] t9n:["app","Updating search indexes"] (attempt: 1, pid: 13009) - Started {"memory":3005816} 
2023-08-04 13:24:21 [queue.INFO] [craft\queue\QueueLogBehavior::afterExec]  [1728] t9n:["app","Updating search indexes"] (attempt: 1, pid: 13009) - Done (time: 0.022s) {"memory":3247656} 
2023-08-04 13:24:21 [queue.INFO] [application] Request context:
$_GET = [
    'p' => 'admin/actions/queue/run'
    'v' => '1691155461593'
]

$_POST = []

$_FILES = []

$_COOKIE = [
    'CRAFT_CSRF_TOKEN' => '••••••••••••••••••••••••••••••••••••••••••••••••••••••••••••••••••••••••••••••••••••••••••••••••••••••••••••••••••••••••••••••••••••••••••••••••••••••••••••••••••••••••••••••••••••••••••••••••••••••••••••••••••••••••••••••••••••••••••••••••••••••••••••••••••'
    'CraftSessionId' => 'vc80snnu3t6s03q1m422tjju1s'
    '8f2c3cf96b939295061eb13a81ccc27a_username' => 'c756a378f9ad4b95b39abb629ac78d6924bfe5af5bf71406651b02291bd6276ba:2:{i:0;s:41:\"8f2c3cf96b939295061eb13a81ccc27a_username\";i:1;s:5:\"admin\";}'
    'cookieconsent_status' => 'allow'
    '8f2c3cf96b939295061eb13a81ccc27a_identity' => '250e80f7d93172f530641d99a4665c30cb8ac84402c74412e49bde6696d7f26da:2:{i:0;s:41:\"8f2c3cf96b939295061eb13a81ccc27a_identity\";i:1;s:159:\"[1,\"[\\\"WkSTzOWbZjmI4e8usxOlO1Kg6Vu-OcwKLIwgpuTIeFzYDl1uNqPEaFY7AXTHkSklMQcV_uHBdwET7-sLqS5DVNlF7Iw0Sq-Scw8P\\\",null,\\\"38a19dfe5bc5c11e9bd9b90544eff8a9\\\"]\",3600]\";}'
]

$_SESSION = [
    '0d86b8e7ffa267616a3ade71e3baf37d__flash' => []
    '0d86b8e7ffa267616a3ade71e3baf37d__auth_access' => [
        0 => 'previewElement:3'
        1 => 'saveAssets:88345c9b-bba7-481d-b7be-a56f256bad79'
        2 => 'saveAssets:132246f9-c0e6-4f99-a712-62365f4bf939'
        3 => 'saveAssets:dfb10236-499f-43e8-b5e9-c1ee7d4e58ed'
        4 => 'saveAssets:56f30d52-cee5-4f1a-b135-27ad8bbe2ad9'
        5 => 'previewElement:1149'
        6 => 'previewDraft:64'
        7 => 'previewDraft:65'
        8 => 'previewDraft:66'
        9 => 'previewElement:1414'
        10 => 'previewDraft:67'
        11 => 'previewDraft:68'
        12 => 'previewDraft:69'
        13 => 'previewDraft:70'
        14 => 'previewDraft:71'
        15 => 'previewDraft:72'
        16 => 'previewDraft:73'
        17 => 'previewDraft:74'
        18 => 'previewDraft:75'
        19 => 'previewDraft:76'
        20 => 'previewDraft:77'
        21 => 'previewDraft:78'
        22 => 'previewDraft:80'
        23 => 'previewDraft:81'
        24 => 'previewElement:988'
        25 => 'previewDraft:82'
        26 => 'editStructure:1'
        27 => 'previewElement:11'
        28 => 'previewElement:13'
        29 => 'previewDraft:83'
        30 => 'editStructure:5'
        31 => 'previewElement:873'
        32 => 'editStructure:2'
        33 => 'previewElement:19'
    ]
    '8f2c3cf96b939295061eb13a81ccc27a__token' => '••••••••••••••••••••••••••••••••••••••••••••••••••••••••••••••••••••••••••••••••••••••••••••••••••••'
    '8f2c3cf96b939295061eb13a81ccc27a__id' => 1
    '__authKey' => '••••••••••••••••••••••••••••••••••••••••••••••••••••••••••••••••••••••••••••••••••••••••••••••••••••••••••••••••••••••••••••••••••••••••••••••••'
    '8f2c3cf96b939295061eb13a81ccc27a__expire' => 1691159061
    '__duration' => 3600
]

$_SERVER = [
    'HTTP_HOST' => 'local.whitenoise.com'
    'HTTP_USER_AGENT' => 'Mozilla/5.0 (Macintosh; Intel Mac OS X 10.15; rv:109.0) Gecko/20100101 Firefox/115.0'
    'HTTP_ACCEPT' => 'application/json, text/plain, */*'
    'HTTP_ACCEPT_LANGUAGE' => 'en-GB,en;q=0.5'
    'HTTP_ACCEPT_ENCODING' => 'gzip, deflate'
    'HTTP_REFERER' => 'http://local.whitenoise.com/admin/settings/globals'
    'HTTP_X_REQUESTED_WITH' => 'XMLHttpRequest'
    'HTTP_X_REGISTERED_ASSET_BUNDLES' => ',verbb\\cpnav\\assetbundles\\CpNavAsset,verbb\\base\\assetbundles\\CpAsset,craft\\web\\assets\\cp\\CpAsset,craft\\web\\assets\\tailwindreset\\TailwindResetAsset,craft\\web\\assets\\axios\\AxiosAsset,craft\\web\\assets\\d3\\D3Asset,craft\\web\\assets\\elementresizedetector\\ElementResizeDetectorAsset,craft\\web\\assets\\garnish\\GarnishAsset,yii\\web\\JqueryAsset,craft\\web\\assets\\jquerytouchevents\\JqueryTouchEventsAsset,craft\\web\\assets\\velocity\\VelocityAsset,craft\\web\\assets\\jqueryui\\JqueryUiAsset,craft\\web\\assets\\jquerypayment\\JqueryPaymentAsset,craft\\web\\assets\\datepickeri18n\\DatepickerI18nAsset,craft\\web\\assets\\picturefill\\PicturefillAsset,craft\\web\\assets\\selectize\\SelectizeAsset,craft\\web\\assets\\fileupload\\FileUploadAsset,craft\\web\\assets\\xregexp\\XregexpAsset,craft\\web\\assets\\fabric\\FabricAsset,craft\\web\\assets\\iframeresizer\\IframeResizerAsset,carlcs\\redactorcustomstyles\\assets\\customcp\\CustomCpAsset,verbb\\smith\\assetbundles\\SmithAsset,craft\\web\\assets\\matrix\\MatrixAsset,doublesecretagency\\cpcss\\web\\assets\\CustomAssets,craft\\web\\assets\\admintable\\AdminTableAsset,craft\\web\\assets\\vue\\VueAsset'
    'HTTP_X_REGISTERED_JS_FILES' => ',http://local.whitenoise.com/cpresources/1f8e0626/tailwind_reset.js?v=1690890157,http://local.whitenoise.com/cpresources/28e210ea/axios.js?v=1690890157,http://local.whitenoise.com/cpresources/ee63805/d3.js?v=1690890157,http://local.whitenoise.com/cpresources/cfc835ee/element-resize-detector.js?v=1690890157,http://local.whitenoise.com/cpresources/ca282a06/jquery.js?v=1690890157,http://local.whitenoise.com/cpresources/9cd55eac/jquery.mobile-events.js?v=1690890157,http://local.whitenoise.com/cpresources/99118379/velocity.js?v=1690890157,http://local.whitenoise.com/cpresources/76b987af/garnish.js?v=1690890157,http://local.whitenoise.com/cpresources/c0cfba10/jquery-ui.js?v=1690890157,http://local.whitenoise.com/cpresources/9c8681ce/jquery.payment.js?v=1690890157,http://local.whitenoise.com/cpresources/928d0809/datepicker-en-GB.js?v=1690890157,http://local.whitenoise.com/cpresources/a0dd5b10/picturefill.js?v=1690890157,http://local.whitenoise.com/cpresources/189bbc04/selectize.js?v=1690890157,http://local.whitenoise.com/cpresources/deb46cbb/jquery.fileupload.js?v=1690890157,http://local.whitenoise.com/cpresources/ab65e610/xregexp-all.js?v=1690890157,http://local.whitenoise.com/cpresources/5e0bb0b8/fabric.js?v=1690890157,http://local.whitenoise.com/cpresources/58731b2/iframeResizer.js?v=1690890157,http://local.whitenoise.com/cpresources/14d31e4c/cp.js?v=1690890157,http://local.whitenoise.com/cpresources/ea050731/js/verbb-ui.js?v=1690890157,http://local.whitenoise.com/cpresources/2b83d9da/js/cp-nav.js?v=1690890157,http://local.whitenoise.com/cpresources/46faf2ff/MatrixInput.js?v=1690890235,http://local.whitenoise.com/cpresources/4ac267bb/js/smith.js?v=1690890235,http://local.whitenoise.com/cpresources/8d315b22/vue.js?v=1690890239,http://local.whitenoise.com/cpresources/6737c450/js/app.js?v=1690890239'
    'HTTP_X_CSRF_TOKEN' => '••••••••••••••••••••••••••••••••••••••••••••••••••••••••••••••••••••••••••••••••••••••••••••••••••••••••••••••••••••••••••••••••••••••••••••••••••••••••••••••••••••••••••••••••••••••••••••••••••••••••••••••••••••••••••••••••••••••••••••••••••••••••••••••••••••••••••••••••••••••••••••••••••••••••••••••••••••••••••••••••••••••••••••••••••••••••••••••••••••••••••••••••••••••••••••••••••••••••'
    'HTTP_ORIGIN' => 'http://local.whitenoise.com'
    'HTTP_CONNECTION' => 'keep-alive'
    'HTTP_COOKIE' => 'CRAFT_CSRF_TOKEN=19ca83dc078a30a26e3d841067a4fc33cb4de15c091962a4c28fd9cb423d2453a%3A2%3A%7Bi%3A0%3Bs%3A16%3A%22CRAFT_CSRF_TOKEN%22%3Bi%3A1%3Bs%3A147%3A%22vcgU3RtVbXInxPf-jZM83g8lQDvO2WRD_Vzv0Zg6%7Cad4733d809827bb162f6e2c107e5263a5fddede97746d3d55146b0824b526331vcgU3RtVbXInxPf-jZM83g8lQDvO2WRD_Vzv0Zg6%7C1%22%3B%7D; CraftSessionId=vc80snnu3t6s03q1m422tjju1s; 8f2c3cf96b939295061eb13a81ccc27a_username=c756a378f9ad4b95b39abb629ac78d6924bfe5af5bf71406651b02291bd6276ba%3A2%3A%7Bi%3A0%3Bs%3A41%3A%228f2c3cf96b939295061eb13a81ccc27a_username%22%3Bi%3A1%3Bs%3A5%3A%22admin%22%3B%7D; cookieconsent_status=allow; 8f2c3cf96b939295061eb13a81ccc27a_identity=250e80f7d93172f530641d99a4665c30cb8ac84402c74412e49bde6696d7f26da%3A2%3A%7Bi%3A0%3Bs%3A41%3A%228f2c3cf96b939295061eb13a81ccc27a_identity%22%3Bi%3A1%3Bs%3A159%3A%22%5B1%2C%22%5B%5C%22WkSTzOWbZjmI4e8usxOlO1Kg6Vu-OcwKLIwgpuTIeFzYDl1uNqPEaFY7AXTHkSklMQcV_uHBdwET7-sLqS5DVNlF7Iw0Sq-Scw8P%5C%22%2Cnull%2C%5C%2238a19dfe5bc5c11e9bd9b90544eff8a9%5C%22%5D%22%2C3600%5D%22%3B%7D'
    'CONTENT_LENGTH' => '0'
    'PATH' => '/usr/bin:/bin:/usr/sbin:/sbin'
    'SERVER_SIGNATURE' => ''
    'SERVER_SOFTWARE' => 'Apache/2.4.54 (Unix) OpenSSL/1.0.2u PHP/8.2.0 mod_wsgi/3.5 Python/2.7.18 mod_fastcgi/mod_fastcgi-SNAP-0910052141 mod_perl/2.0.11 Perl/v5.30.1'
    'SERVER_NAME' => 'local.whitenoise.com'
    'SERVER_ADDR' => '127.0.0.1'
    'SERVER_PORT' => '80'
    'REMOTE_ADDR' => '127.0.0.1'
    'DOCUMENT_ROOT' => '/Applications/MAMP/htdocs/local.whitenoise.com/public_html'
    'REQUEST_SCHEME' => 'http'
    'CONTEXT_PREFIX' => ''
    'CONTEXT_DOCUMENT_ROOT' => '/Applications/MAMP/htdocs/local.whitenoise.com/public_html'
    'SERVER_ADMIN' => 'you@example.com'
    'SCRIPT_FILENAME' => '/Applications/MAMP/htdocs/local.whitenoise.com/public_html/index.php'
    'REMOTE_PORT' => '53356'
    'GATEWAY_INTERFACE' => 'CGI/1.1'
    'SERVER_PROTOCOL' => 'HTTP/1.1'
    'REQUEST_METHOD' => 'POST'
    'QUERY_STRING' => 'p=admin%2Factions%2Fqueue%2Frun&v=1691155461593'
    'REQUEST_URI' => '/index.php?p=admin%2Factions%2Fqueue%2Frun&v=1691155461593'
    'SCRIPT_NAME' => '/index.php'
    'PHP_SELF' => '/index.php'
    'REQUEST_TIME_FLOAT' => 1691155461.5937
    'REQUEST_TIME' => 1691155461
    'CRAFT_APP_ID' => 'CraftCMS--4f80cc3b-76dd-45b1-9147-bc8717a572d4'
    'CRAFT_ENVIRONMENT' => 'dev'
    'CRAFT_SECURITY_KEY' => '••••••••••••••••••••••••••••••••'
    'CRAFT_DB_DRIVER' => 'mysql'
    'CRAFT_DB_SERVER' => '127.0.0.1'
    'CRAFT_DB_PORT' => '8889'
    'CRAFT_DB_DATABASE' => 'whitenoise'
    'CRAFT_DB_USER' => 'root'
    'CRAFT_DB_PASSWORD' => '••••'
    'CRAFT_DB_SCHEMA' => ''
    'CRAFT_DB_TABLE_PREFIX' => ''
    'DEV_MODE' => 'true'
    'ALLOW_ADMIN_CHANGES' => 'true'
    'DISALLOW_ROBOTS' => 'true'
    'DEFAULT_SITE_NAME' => 'Whitenoise Studios'
    'PRIMARY_SITE_URL' => 'http://local.whitenoise.com/'
] {"userId":1} 
2023-08-04 13:26:46 [queue.INFO] [yii\db\Connection::open] Opening DB connection: mysql:host=127.0.0.1;dbname=whitenoise;port=8889 {"memory":766760} 
2023-08-04 13:26:46 [queue.INFO] [yii\web\Session::open] Session started {"memory":1829928} 
2023-08-04 13:26:46 [queue.INFO] [nystudio107\codeeditor\CodeEditor::bootstrap] CodeEditor module bootstrapped {"memory":1856192} 
2023-08-04 13:26:46 [queue.INFO] [adigital\cookieconsentbanner\CookieConsentBanner::init] Cookie Consent Banner plugin loaded {"memory":1992768} 
2023-08-04 13:26:46 [queue.INFO] [nystudio107\cookies\Cookies::init] Cookies plugin loaded {"memory":2011656} 
2023-08-04 13:26:46 [queue.INFO] [vaersaagod\matrixmate\MatrixMate::init] MatrixMate plugin loaded {"memory":2390320} 
2023-08-04 13:26:46 [queue.INFO] [craft\queue\QueueLogBehavior::beforeExec]  [1729] t9n:["app","Updating search indexes"] (attempt: 1, pid: 25810) - Started {"memory":3006536} 
2023-08-04 13:26:46 [queue.INFO] [craft\queue\QueueLogBehavior::afterExec]  [1729] t9n:["app","Updating search indexes"] (attempt: 1, pid: 25810) - Done (time: 0.012s) {"memory":3248408} 
2023-08-04 13:26:46 [queue.INFO] [application] Request context:
$_GET = [
    'p' => 'admin/actions/queue/run'
    'v' => '1691155606638'
]

$_POST = []

$_FILES = []

$_COOKIE = [
    'CRAFT_CSRF_TOKEN' => '••••••••••••••••••••••••••••••••••••••••••••••••••••••••••••••••••••••••••••••••••••••••••••••••••••••••••••••••••••••••••••••••••••••••••••••••••••••••••••••••••••••••••••••••••••••••••••••••••••••••••••••••••••••••••••••••••••••••••••••••••••••••••••••••••'
    'CraftSessionId' => 'vc80snnu3t6s03q1m422tjju1s'
    '8f2c3cf96b939295061eb13a81ccc27a_username' => 'c756a378f9ad4b95b39abb629ac78d6924bfe5af5bf71406651b02291bd6276ba:2:{i:0;s:41:\"8f2c3cf96b939295061eb13a81ccc27a_username\";i:1;s:5:\"admin\";}'
    'cookieconsent_status' => 'allow'
    '8f2c3cf96b939295061eb13a81ccc27a_identity' => '250e80f7d93172f530641d99a4665c30cb8ac84402c74412e49bde6696d7f26da:2:{i:0;s:41:\"8f2c3cf96b939295061eb13a81ccc27a_identity\";i:1;s:159:\"[1,\"[\\\"WkSTzOWbZjmI4e8usxOlO1Kg6Vu-OcwKLIwgpuTIeFzYDl1uNqPEaFY7AXTHkSklMQcV_uHBdwET7-sLqS5DVNlF7Iw0Sq-Scw8P\\\",null,\\\"38a19dfe5bc5c11e9bd9b90544eff8a9\\\"]\",3600]\";}'
]

$_SESSION = [
    '0d86b8e7ffa267616a3ade71e3baf37d__flash' => []
    '0d86b8e7ffa267616a3ade71e3baf37d__auth_access' => [
        0 => 'previewElement:3'
        1 => 'saveAssets:88345c9b-bba7-481d-b7be-a56f256bad79'
        2 => 'saveAssets:132246f9-c0e6-4f99-a712-62365f4bf939'
        3 => 'saveAssets:dfb10236-499f-43e8-b5e9-c1ee7d4e58ed'
        4 => 'saveAssets:56f30d52-cee5-4f1a-b135-27ad8bbe2ad9'
        5 => 'previewElement:1149'
        6 => 'previewDraft:64'
        7 => 'previewDraft:65'
        8 => 'previewDraft:66'
        9 => 'previewElement:1414'
        10 => 'previewDraft:67'
        11 => 'previewDraft:68'
        12 => 'previewDraft:69'
        13 => 'previewDraft:70'
        14 => 'previewDraft:71'
        15 => 'previewDraft:72'
        16 => 'previewDraft:73'
        17 => 'previewDraft:74'
        18 => 'previewDraft:75'
        19 => 'previewDraft:76'
        20 => 'previewDraft:77'
        21 => 'previewDraft:78'
        22 => 'previewDraft:80'
        23 => 'previewDraft:81'
        24 => 'previewElement:988'
        25 => 'previewDraft:82'
        26 => 'editStructure:1'
        27 => 'previewElement:11'
        28 => 'previewElement:13'
        29 => 'previewDraft:83'
        30 => 'editStructure:5'
        31 => 'previewElement:873'
        32 => 'editStructure:2'
        33 => 'previewElement:19'
    ]
    '8f2c3cf96b939295061eb13a81ccc27a__token' => '••••••••••••••••••••••••••••••••••••••••••••••••••••••••••••••••••••••••••••••••••••••••••••••••••••'
    '8f2c3cf96b939295061eb13a81ccc27a__id' => 1
    '__authKey' => '••••••••••••••••••••••••••••••••••••••••••••••••••••••••••••••••••••••••••••••••••••••••••••••••••••••••••••••••••••••••••••••••••••••••••••••••'
    '8f2c3cf96b939295061eb13a81ccc27a__expire' => 1691159206
    '__duration' => 3600
]

$_SERVER = [
    'HTTP_HOST' => 'local.whitenoise.com'
    'HTTP_USER_AGENT' => 'Mozilla/5.0 (Macintosh; Intel Mac OS X 10.15; rv:109.0) Gecko/20100101 Firefox/115.0'
    'HTTP_ACCEPT' => 'application/json, text/plain, */*'
    'HTTP_ACCEPT_LANGUAGE' => 'en-GB,en;q=0.5'
    'HTTP_ACCEPT_ENCODING' => 'gzip, deflate'
    'HTTP_REFERER' => 'http://local.whitenoise.com/admin/globals/settings'
    'HTTP_X_REQUESTED_WITH' => 'XMLHttpRequest'
    'HTTP_X_REGISTERED_ASSET_BUNDLES' => ',verbb\\cpnav\\assetbundles\\CpNavAsset,verbb\\base\\assetbundles\\CpAsset,craft\\web\\assets\\cp\\CpAsset,craft\\web\\assets\\tailwindreset\\TailwindResetAsset,craft\\web\\assets\\axios\\AxiosAsset,craft\\web\\assets\\d3\\D3Asset,craft\\web\\assets\\elementresizedetector\\ElementResizeDetectorAsset,craft\\web\\assets\\garnish\\GarnishAsset,yii\\web\\JqueryAsset,craft\\web\\assets\\jquerytouchevents\\JqueryTouchEventsAsset,craft\\web\\assets\\velocity\\VelocityAsset,craft\\web\\assets\\jqueryui\\JqueryUiAsset,craft\\web\\assets\\jquerypayment\\JqueryPaymentAsset,craft\\web\\assets\\datepickeri18n\\DatepickerI18nAsset,craft\\web\\assets\\picturefill\\PicturefillAsset,craft\\web\\assets\\selectize\\SelectizeAsset,craft\\web\\assets\\fileupload\\FileUploadAsset,craft\\web\\assets\\xregexp\\XregexpAsset,craft\\web\\assets\\fabric\\FabricAsset,craft\\web\\assets\\iframeresizer\\IframeResizerAsset,carlcs\\redactorcustomstyles\\assets\\customcp\\CustomCpAsset,verbb\\smith\\assetbundles\\SmithAsset,craft\\web\\assets\\matrix\\MatrixAsset,craft\\web\\assets\\prismjs\\PrismJsAsset,doublesecretagency\\cpcss\\web\\assets\\CustomAssets,vaersaagod\\matrixmate\\assetbundles\\matrixmate\\MatrixMateAsset'
    'HTTP_X_REGISTERED_JS_FILES' => ',http://local.whitenoise.com/cpresources/1f8e0626/tailwind_reset.js?v=1690890157,http://local.whitenoise.com/cpresources/28e210ea/axios.js?v=1690890157,http://local.whitenoise.com/cpresources/ee63805/d3.js?v=1690890157,http://local.whitenoise.com/cpresources/cfc835ee/element-resize-detector.js?v=1690890157,http://local.whitenoise.com/cpresources/ca282a06/jquery.js?v=1690890157,http://local.whitenoise.com/cpresources/9cd55eac/jquery.mobile-events.js?v=1690890157,http://local.whitenoise.com/cpresources/99118379/velocity.js?v=1690890157,http://local.whitenoise.com/cpresources/76b987af/garnish.js?v=1690890157,http://local.whitenoise.com/cpresources/c0cfba10/jquery-ui.js?v=1690890157,http://local.whitenoise.com/cpresources/9c8681ce/jquery.payment.js?v=1690890157,http://local.whitenoise.com/cpresources/928d0809/datepicker-en-GB.js?v=1690890157,http://local.whitenoise.com/cpresources/a0dd5b10/picturefill.js?v=1690890157,http://local.whitenoise.com/cpresources/189bbc04/selectize.js?v=1690890157,http://local.whitenoise.com/cpresources/deb46cbb/jquery.fileupload.js?v=1690890157,http://local.whitenoise.com/cpresources/ab65e610/xregexp-all.js?v=1690890157,http://local.whitenoise.com/cpresources/5e0bb0b8/fabric.js?v=1690890157,http://local.whitenoise.com/cpresources/58731b2/iframeResizer.js?v=1690890157,http://local.whitenoise.com/cpresources/14d31e4c/cp.js?v=1690890157,http://local.whitenoise.com/cpresources/ea050731/js/verbb-ui.js?v=1690890157,http://local.whitenoise.com/cpresources/2b83d9da/js/cp-nav.js?v=1690890157,http://local.whitenoise.com/cpresources/46faf2ff/MatrixInput.js?v=1690890235,http://local.whitenoise.com/cpresources/4ac267bb/js/smith.js?v=1690890235,http://local.whitenoise.com/cpresources/d53c4fd2/prism.js?v=1690890488,http://local.whitenoise.com/cpresources/fe25fe21/js/MatrixMate.js?v=1690890311'
    'HTTP_X_CSRF_TOKEN' => '••••••••••••••••••••••••••••••••••••••••••••••••••••••••••••••••••••••••••••••••••••••••••••••••••••••••••••••••••••••••••••••••••••••••••••••••••••••••••••••••••••••••••••••••••••••••••••••••••••••••••••••••••••••••••••••••••••••••••••••••••••••••••••••••••••••••••••••••••••••••••••••••••••••••••••••••••••••••••••••••••••••••••••••••••••••••••••••••••••••••••••••••••••••••••••••••••••••••'
    'HTTP_ORIGIN' => 'http://local.whitenoise.com'
    'HTTP_CONNECTION' => 'keep-alive'
    'HTTP_COOKIE' => 'CRAFT_CSRF_TOKEN=19ca83dc078a30a26e3d841067a4fc33cb4de15c091962a4c28fd9cb423d2453a%3A2%3A%7Bi%3A0%3Bs%3A16%3A%22CRAFT_CSRF_TOKEN%22%3Bi%3A1%3Bs%3A147%3A%22vcgU3RtVbXInxPf-jZM83g8lQDvO2WRD_Vzv0Zg6%7Cad4733d809827bb162f6e2c107e5263a5fddede97746d3d55146b0824b526331vcgU3RtVbXInxPf-jZM83g8lQDvO2WRD_Vzv0Zg6%7C1%22%3B%7D; CraftSessionId=vc80snnu3t6s03q1m422tjju1s; 8f2c3cf96b939295061eb13a81ccc27a_username=c756a378f9ad4b95b39abb629ac78d6924bfe5af5bf71406651b02291bd6276ba%3A2%3A%7Bi%3A0%3Bs%3A41%3A%228f2c3cf96b939295061eb13a81ccc27a_username%22%3Bi%3A1%3Bs%3A5%3A%22admin%22%3B%7D; cookieconsent_status=allow; 8f2c3cf96b939295061eb13a81ccc27a_identity=250e80f7d93172f530641d99a4665c30cb8ac84402c74412e49bde6696d7f26da%3A2%3A%7Bi%3A0%3Bs%3A41%3A%228f2c3cf96b939295061eb13a81ccc27a_identity%22%3Bi%3A1%3Bs%3A159%3A%22%5B1%2C%22%5B%5C%22WkSTzOWbZjmI4e8usxOlO1Kg6Vu-OcwKLIwgpuTIeFzYDl1uNqPEaFY7AXTHkSklMQcV_uHBdwET7-sLqS5DVNlF7Iw0Sq-Scw8P%5C%22%2Cnull%2C%5C%2238a19dfe5bc5c11e9bd9b90544eff8a9%5C%22%5D%22%2C3600%5D%22%3B%7D'
    'CONTENT_LENGTH' => '0'
    'PATH' => '/usr/bin:/bin:/usr/sbin:/sbin'
    'SERVER_SIGNATURE' => ''
    'SERVER_SOFTWARE' => 'Apache/2.4.54 (Unix) OpenSSL/1.0.2u PHP/8.2.0 mod_wsgi/3.5 Python/2.7.18 mod_fastcgi/mod_fastcgi-SNAP-0910052141 mod_perl/2.0.11 Perl/v5.30.1'
    'SERVER_NAME' => 'local.whitenoise.com'
    'SERVER_ADDR' => '127.0.0.1'
    'SERVER_PORT' => '80'
    'REMOTE_ADDR' => '127.0.0.1'
    'DOCUMENT_ROOT' => '/Applications/MAMP/htdocs/local.whitenoise.com/public_html'
    'REQUEST_SCHEME' => 'http'
    'CONTEXT_PREFIX' => ''
    'CONTEXT_DOCUMENT_ROOT' => '/Applications/MAMP/htdocs/local.whitenoise.com/public_html'
    'SERVER_ADMIN' => 'you@example.com'
    'SCRIPT_FILENAME' => '/Applications/MAMP/htdocs/local.whitenoise.com/public_html/index.php'
    'REMOTE_PORT' => '53400'
    'GATEWAY_INTERFACE' => 'CGI/1.1'
    'SERVER_PROTOCOL' => 'HTTP/1.1'
    'REQUEST_METHOD' => 'POST'
    'QUERY_STRING' => 'p=admin%2Factions%2Fqueue%2Frun&v=1691155606638'
    'REQUEST_URI' => '/index.php?p=admin%2Factions%2Fqueue%2Frun&v=1691155606638'
    'SCRIPT_NAME' => '/index.php'
    'PHP_SELF' => '/index.php'
    'REQUEST_TIME_FLOAT' => 1691155606.6389
    'REQUEST_TIME' => 1691155606
    'CRAFT_APP_ID' => 'CraftCMS--4f80cc3b-76dd-45b1-9147-bc8717a572d4'
    'CRAFT_ENVIRONMENT' => 'dev'
    'CRAFT_SECURITY_KEY' => '••••••••••••••••••••••••••••••••'
    'CRAFT_DB_DRIVER' => 'mysql'
    'CRAFT_DB_SERVER' => '127.0.0.1'
    'CRAFT_DB_PORT' => '8889'
    'CRAFT_DB_DATABASE' => 'whitenoise'
    'CRAFT_DB_USER' => 'root'
    'CRAFT_DB_PASSWORD' => '••••'
    'CRAFT_DB_SCHEMA' => ''
    'CRAFT_DB_TABLE_PREFIX' => ''
    'DEV_MODE' => 'true'
    'ALLOW_ADMIN_CHANGES' => 'true'
    'DISALLOW_ROBOTS' => 'true'
    'DEFAULT_SITE_NAME' => 'Whitenoise Studios'
    'PRIMARY_SITE_URL' => 'http://local.whitenoise.com/'
] {"userId":1} 
