2023-07-04 13:34:12 [queue.INFO] [yii\db\Connection::open] Opening DB connection: mysql:host=127.0.0.1;dbname=craft_base;port=8889 {"memory":764056} 
2023-07-04 13:34:12 [queue.INFO] [yii\web\Session::open] Session started {"memory":895576} 
2023-07-04 13:34:12 [queue.INFO] [craft\queue\QueueLogBehavior::beforeExec]  [1] t9n:["app","Updating search indexes"] (attempt: 1, pid: 56942) - Started {"memory":1206448} 
2023-07-04 13:34:12 [queue.INFO] [craft\queue\QueueLogBehavior::afterExec]  [1] t9n:["app","Updating search indexes"] (attempt: 1, pid: 56942) - Done (time: 0.019s) {"memory":1489704} 
2023-07-04 13:34:12 [queue.INFO] [application] Request context:
$_GET = [
    'p' => 'admin/actions/queue/run'
    'v' => '1688477652612'
]

$_POST = []

$_FILES = []

$_COOKIE = [
    'CraftSessionId' => 'ttpcp82b5nghbmvvn7mfi7eg98'
    'CRAFT_CSRF_TOKEN' => '••••••••••••••••••••••••••••••••••••••••••••••••••••••••••••••••••••••••••••••••••••••••••••••••••••••••••••••••••••••••••••••••••••••••••••••••••••••••••••••••••••••••••••••••••••••••••••••••••••••••••••••••••••••••••••••••••••••••••••••••••••••••••••••••••'
    'd901194284f7a5314cbcfabe3e1cccca_username' => '5e9c64b9117a985305fd76c06df2a4a3a4bb803b44c22e04f5af5181fa7bc24aa:2:{i:0;s:41:\"d901194284f7a5314cbcfabe3e1cccca_username\";i:1;s:5:\"admin\";}'
    'd901194284f7a5314cbcfabe3e1cccca_identity' => '81a6233dcb985c7107d4bee64de52959dde1a8c2e74cdb2c805d2a2acd07ec78a:2:{i:0;s:41:\"d901194284f7a5314cbcfabe3e1cccca_identity\";i:1;s:159:\"[1,\"[\\\"S0Dz8U8tmqQqlHkBDOarand-_AA4Ylm6xr74S6kXE9MVqwF0JkMHvbc0tLZfWirPt7sVtzy1FyU8U_aUVZ4i8wXYTVxkM0cTfdXq\\\",null,\\\"33f7ffa60f8bb768dd0686b902d6e243\\\"]\",3600]\";}'
]

$_SESSION = [
    'abbb3e31d8d7efd3e5a22ffb6dc93e28__flash' => []
    'd901194284f7a5314cbcfabe3e1cccca__token' => '••••••••••••••••••••••••••••••••••••••••••••••••••••••••••••••••••••••••••••••••••••••••••••••••••••'
    'd901194284f7a5314cbcfabe3e1cccca__id' => 1
    '__authKey' => '••••••••••••••••••••••••••••••••••••••••••••••••••••••••••••••••••••••••••••••••••••••••••••••••••••••••••••••••••••••••••••••••••••••••••••••••'
    'd901194284f7a5314cbcfabe3e1cccca__expire' => 1688481252
    '__duration' => 3600
    '0d288d4e658c316633fd8e56f46f25d4__flash' => []
]

$_SERVER = [
    'HTTP_HOST' => 'local.craft-base.com'
    'HTTP_USER_AGENT' => 'Mozilla/5.0 (Macintosh; Intel Mac OS X 10.15; rv:109.0) Gecko/20100101 Firefox/114.0'
    'HTTP_ACCEPT' => 'application/json, text/plain, */*'
    'HTTP_ACCEPT_LANGUAGE' => 'en-GB,en;q=0.5'
    'HTTP_ACCEPT_ENCODING' => 'gzip, deflate'
    'HTTP_REFERER' => 'http://local.craft-base.com/admin/settings/globals'
    'HTTP_X_REQUESTED_WITH' => 'XMLHttpRequest'
    'HTTP_X_REGISTERED_ASSET_BUNDLES' => ',craft\\web\\assets\\admintable\\AdminTableAsset,craft\\web\\assets\\cp\\CpAsset,craft\\web\\assets\\tailwindreset\\TailwindResetAsset,craft\\web\\assets\\axios\\AxiosAsset,craft\\web\\assets\\d3\\D3Asset,craft\\web\\assets\\elementresizedetector\\ElementResizeDetectorAsset,craft\\web\\assets\\garnish\\GarnishAsset,yii\\web\\JqueryAsset,craft\\web\\assets\\jquerytouchevents\\JqueryTouchEventsAsset,craft\\web\\assets\\velocity\\VelocityAsset,craft\\web\\assets\\jqueryui\\JqueryUiAsset,craft\\web\\assets\\jquerypayment\\JqueryPaymentAsset,craft\\web\\assets\\datepickeri18n\\DatepickerI18nAsset,craft\\web\\assets\\picturefill\\PicturefillAsset,craft\\web\\assets\\selectize\\SelectizeAsset,craft\\web\\assets\\fileupload\\FileUploadAsset,craft\\web\\assets\\xregexp\\XregexpAsset,craft\\web\\assets\\fabric\\FabricAsset,craft\\web\\assets\\iframeresizer\\IframeResizerAsset,craft\\web\\assets\\vue\\VueAsset'
    'HTTP_X_REGISTERED_JS_FILES' => ',http://local.craft-base.com/cpresources/70b03163/tailwind_reset.js?v=1688471496,http://local.craft-base.com/cpresources/47dc27af/axios.js?v=1688471496,http://local.craft-base.com/cpresources/61d80f40/d3.js?v=1688471496,http://local.craft-base.com/cpresources/a0f602ab/element-resize-detector.js?v=1688471496,http://local.craft-base.com/cpresources/a5161d43/jquery.js?v=1688471496,http://local.craft-base.com/cpresources/f3eb69e9/jquery.mobile-events.js?v=1688471496,http://local.craft-base.com/cpresources/f62fb43c/velocity.js?v=1688471496,http://local.craft-base.com/cpresources/1987b0ea/garnish.js?v=1688471496,http://local.craft-base.com/cpresources/aff18d55/jquery-ui.js?v=1688471496,http://local.craft-base.com/cpresources/f3b8b68b/jquery.payment.js?v=1688471496,http://local.craft-base.com/cpresources/fdb33f4c/datepicker-en-GB.js?v=1688471496,http://local.craft-base.com/cpresources/cfe36c55/picturefill.js?v=1688471496,http://local.craft-base.com/cpresources/77a58b41/selectize.js?v=1688471496,http://local.craft-base.com/cpresources/b18a5bfe/jquery.fileupload.js?v=1688471496,http://local.craft-base.com/cpresources/c45bd155/xregexp-all.js?v=1688471496,http://local.craft-base.com/cpresources/313587fd/fabric.js?v=1688471496,http://local.craft-base.com/cpresources/6ab906f7/iframeResizer.js?v=1688471496,http://local.craft-base.com/cpresources/7bed2909/cp.js?v=1688471496,http://local.craft-base.com/cpresources/e20f6c67/vue.js?v=1688477269,http://local.craft-base.com/cpresources/809f315/js/app.js?v=1688477269'
    'HTTP_X_CSRF_TOKEN' => '••••••••••••••••••••••••••••••••••••••••••••••••••••••••••••••••••••••••••••••••••••••••••••••••••••••••••••••••••••••••••••••••••••••••••••••••••••••••••••••••••••••••••••••••••••••••••••••••••••••••••••••••••••••••••••••••••••••••••••••••••••••••••••••••••••••••••••••••••••••••••••••••••••••••••••••••••••••••••••••••••••••••••••••••••••••••••••••••••••••••••••••••••••••••••••••••••••••••'
    'HTTP_ORIGIN' => 'http://local.craft-base.com'
    'HTTP_CONNECTION' => 'keep-alive'
    'HTTP_COOKIE' => 'CraftSessionId=ttpcp82b5nghbmvvn7mfi7eg98; CRAFT_CSRF_TOKEN=e53ec9fba2d28237be6fa8760b570401489d972166d4418ef748d4b7a0bcfda8a%3A2%3A%7Bi%3A0%3Bs%3A16%3A%22CRAFT_CSRF_TOKEN%22%3Bi%3A1%3Bs%3A147%3A%22Y09P8LqXVwoT18JOZBhyWDqHDwxPi93nVLRNQJX9%7C3a0e8ea60258375ae18a520557c14a34e07f3a724347cb1bd813aa9d1d73ab31Y09P8LqXVwoT18JOZBhyWDqHDwxPi93nVLRNQJX9%7C1%22%3B%7D; d901194284f7a5314cbcfabe3e1cccca_username=5e9c64b9117a985305fd76c06df2a4a3a4bb803b44c22e04f5af5181fa7bc24aa%3A2%3A%7Bi%3A0%3Bs%3A41%3A%22d901194284f7a5314cbcfabe3e1cccca_username%22%3Bi%3A1%3Bs%3A5%3A%22admin%22%3B%7D; d901194284f7a5314cbcfabe3e1cccca_identity=81a6233dcb985c7107d4bee64de52959dde1a8c2e74cdb2c805d2a2acd07ec78a%3A2%3A%7Bi%3A0%3Bs%3A41%3A%22d901194284f7a5314cbcfabe3e1cccca_identity%22%3Bi%3A1%3Bs%3A159%3A%22%5B1%2C%22%5B%5C%22S0Dz8U8tmqQqlHkBDOarand-_AA4Ylm6xr74S6kXE9MVqwF0JkMHvbc0tLZfWirPt7sVtzy1FyU8U_aUVZ4i8wXYTVxkM0cTfdXq%5C%22%2Cnull%2C%5C%2233f7ffa60f8bb768dd0686b902d6e243%5C%22%5D%22%2C3600%5D%22%3B%7D'
    'CONTENT_LENGTH' => '0'
    'PATH' => '/usr/bin:/bin:/usr/sbin:/sbin'
    'SERVER_SIGNATURE' => ''
    'SERVER_SOFTWARE' => 'Apache/2.4.54 (Unix) OpenSSL/1.0.2u PHP/8.2.0 mod_wsgi/3.5 Python/2.7.18 mod_fastcgi/mod_fastcgi-SNAP-0910052141 mod_perl/2.0.11 Perl/v5.30.1'
    'SERVER_NAME' => 'local.craft-base.com'
    'SERVER_ADDR' => '127.0.0.1'
    'SERVER_PORT' => '80'
    'REMOTE_ADDR' => '127.0.0.1'
    'DOCUMENT_ROOT' => '/Applications/MAMP/htdocs/local.craft-base.com/public_html'
    'REQUEST_SCHEME' => 'http'
    'CONTEXT_PREFIX' => ''
    'CONTEXT_DOCUMENT_ROOT' => '/Applications/MAMP/htdocs/local.craft-base.com/public_html'
    'SERVER_ADMIN' => 'you@example.com'
    'SCRIPT_FILENAME' => '/Applications/MAMP/htdocs/local.craft-base.com/public_html/index.php'
    'REMOTE_PORT' => '59403'
    'GATEWAY_INTERFACE' => 'CGI/1.1'
    'SERVER_PROTOCOL' => 'HTTP/1.1'
    'REQUEST_METHOD' => 'POST'
    'QUERY_STRING' => 'p=admin%2Factions%2Fqueue%2Frun&v=1688477652612'
    'REQUEST_URI' => '/index.php?p=admin%2Factions%2Fqueue%2Frun&v=1688477652612'
    'SCRIPT_NAME' => '/index.php'
    'PHP_SELF' => '/index.php'
    'REQUEST_TIME_FLOAT' => 1688477652.6138
    'REQUEST_TIME' => 1688477652
    'CRAFT_APP_ID' => 'CraftCMS--b4de22d4-063f-4dc6-9e27-6f45ddaa78c9'
    'CRAFT_ENVIRONMENT' => 'dev'
    'CRAFT_SECURITY_KEY' => '••••••••••••••••••••••••••••••••'
    'CRAFT_DB_DRIVER' => 'mysql'
    'CRAFT_DB_SERVER' => '127.0.0.1'
    'CRAFT_DB_PORT' => '8889'
    'CRAFT_DB_DATABASE' => 'craft_base'
    'CRAFT_DB_USER' => 'root'
    'CRAFT_DB_PASSWORD' => '••••'
    'CRAFT_DB_SCHEMA' => ''
    'CRAFT_DB_TABLE_PREFIX' => ''
    'DEV_MODE' => 'true'
    'ALLOW_ADMIN_CHANGES' => 'true'
    'DISALLOW_ROBOTS' => 'true'
    'PRIMARY_SITE_URL' => 'http://local.craft-base.com/'
] {"userId":1} 
2023-07-04 13:41:46 [queue.INFO] [yii\db\Connection::open] Opening DB connection: mysql:host=127.0.0.1;dbname=craft_base;port=8889 {"memory":763768} 
2023-07-04 13:41:46 [queue.INFO] [yii\web\Session::open] Session started {"memory":930496} 
2023-07-04 13:41:46 [queue.INFO] [craft\queue\QueueLogBehavior::beforeExec]  [2] t9n:["app","Updating search indexes"] (attempt: 1, pid: 57545) - Started {"memory":1264096} 
2023-07-04 13:41:46 [queue.INFO] [craft\queue\QueueLogBehavior::afterExec]  [2] t9n:["app","Updating search indexes"] (attempt: 1, pid: 57545) - Done (time: 0.020s) {"memory":1498248} 
2023-07-04 13:41:46 [queue.INFO] [application] Request context:
$_GET = [
    'p' => 'admin/actions/queue/run'
    'v' => '1688478106149'
]

$_POST = []

$_FILES = []

$_COOKIE = [
    'CraftSessionId' => 'ttpcp82b5nghbmvvn7mfi7eg98'
    'CRAFT_CSRF_TOKEN' => '••••••••••••••••••••••••••••••••••••••••••••••••••••••••••••••••••••••••••••••••••••••••••••••••••••••••••••••••••••••••••••••••••••••••••••••••••••••••••••••••••••••••••••••••••••••••••••••••••••••••••••••••••••••••••••••••••••••••••••••••••••••••••••••••••'
    'd901194284f7a5314cbcfabe3e1cccca_username' => '5e9c64b9117a985305fd76c06df2a4a3a4bb803b44c22e04f5af5181fa7bc24aa:2:{i:0;s:41:\"d901194284f7a5314cbcfabe3e1cccca_username\";i:1;s:5:\"admin\";}'
    'd901194284f7a5314cbcfabe3e1cccca_identity' => '81a6233dcb985c7107d4bee64de52959dde1a8c2e74cdb2c805d2a2acd07ec78a:2:{i:0;s:41:\"d901194284f7a5314cbcfabe3e1cccca_identity\";i:1;s:159:\"[1,\"[\\\"S0Dz8U8tmqQqlHkBDOarand-_AA4Ylm6xr74S6kXE9MVqwF0JkMHvbc0tLZfWirPt7sVtzy1FyU8U_aUVZ4i8wXYTVxkM0cTfdXq\\\",null,\\\"33f7ffa60f8bb768dd0686b902d6e243\\\"]\",3600]\";}'
]

$_SESSION = [
    'abbb3e31d8d7efd3e5a22ffb6dc93e28__flash' => []
    'd901194284f7a5314cbcfabe3e1cccca__token' => '••••••••••••••••••••••••••••••••••••••••••••••••••••••••••••••••••••••••••••••••••••••••••••••••••••'
    'd901194284f7a5314cbcfabe3e1cccca__id' => 1
    '__authKey' => '••••••••••••••••••••••••••••••••••••••••••••••••••••••••••••••••••••••••••••••••••••••••••••••••••••••••••••••••••••••••••••••••••••••••••••••••'
    'd901194284f7a5314cbcfabe3e1cccca__expire' => 1688481706
    '__duration' => 3600
    '0d288d4e658c316633fd8e56f46f25d4__flash' => []
]

$_SERVER = [
    'HTTP_HOST' => 'local.craft-base.com'
    'HTTP_USER_AGENT' => 'Mozilla/5.0 (Macintosh; Intel Mac OS X 10.15; rv:109.0) Gecko/20100101 Firefox/114.0'
    'HTTP_ACCEPT' => 'application/json, text/plain, */*'
    'HTTP_ACCEPT_LANGUAGE' => 'en-GB,en;q=0.5'
    'HTTP_ACCEPT_ENCODING' => 'gzip, deflate'
    'HTTP_REFERER' => 'http://local.craft-base.com/admin/settings/globals'
    'HTTP_X_REQUESTED_WITH' => 'XMLHttpRequest'
    'HTTP_X_REGISTERED_ASSET_BUNDLES' => ',craft\\web\\assets\\admintable\\AdminTableAsset,craft\\web\\assets\\cp\\CpAsset,craft\\web\\assets\\tailwindreset\\TailwindResetAsset,craft\\web\\assets\\axios\\AxiosAsset,craft\\web\\assets\\d3\\D3Asset,craft\\web\\assets\\elementresizedetector\\ElementResizeDetectorAsset,craft\\web\\assets\\garnish\\GarnishAsset,yii\\web\\JqueryAsset,craft\\web\\assets\\jquerytouchevents\\JqueryTouchEventsAsset,craft\\web\\assets\\velocity\\VelocityAsset,craft\\web\\assets\\jqueryui\\JqueryUiAsset,craft\\web\\assets\\jquerypayment\\JqueryPaymentAsset,craft\\web\\assets\\datepickeri18n\\DatepickerI18nAsset,craft\\web\\assets\\picturefill\\PicturefillAsset,craft\\web\\assets\\selectize\\SelectizeAsset,craft\\web\\assets\\fileupload\\FileUploadAsset,craft\\web\\assets\\xregexp\\XregexpAsset,craft\\web\\assets\\fabric\\FabricAsset,craft\\web\\assets\\iframeresizer\\IframeResizerAsset,craft\\web\\assets\\vue\\VueAsset'
    'HTTP_X_REGISTERED_JS_FILES' => ',http://local.craft-base.com/cpresources/70b03163/tailwind_reset.js?v=1688471496,http://local.craft-base.com/cpresources/47dc27af/axios.js?v=1688471496,http://local.craft-base.com/cpresources/61d80f40/d3.js?v=1688471496,http://local.craft-base.com/cpresources/a0f602ab/element-resize-detector.js?v=1688471496,http://local.craft-base.com/cpresources/a5161d43/jquery.js?v=1688471496,http://local.craft-base.com/cpresources/f3eb69e9/jquery.mobile-events.js?v=1688471496,http://local.craft-base.com/cpresources/f62fb43c/velocity.js?v=1688471496,http://local.craft-base.com/cpresources/1987b0ea/garnish.js?v=1688471496,http://local.craft-base.com/cpresources/aff18d55/jquery-ui.js?v=1688471496,http://local.craft-base.com/cpresources/f3b8b68b/jquery.payment.js?v=1688471496,http://local.craft-base.com/cpresources/fdb33f4c/datepicker-en-GB.js?v=1688471496,http://local.craft-base.com/cpresources/cfe36c55/picturefill.js?v=1688471496,http://local.craft-base.com/cpresources/77a58b41/selectize.js?v=1688471496,http://local.craft-base.com/cpresources/b18a5bfe/jquery.fileupload.js?v=1688471496,http://local.craft-base.com/cpresources/c45bd155/xregexp-all.js?v=1688471496,http://local.craft-base.com/cpresources/313587fd/fabric.js?v=1688471496,http://local.craft-base.com/cpresources/6ab906f7/iframeResizer.js?v=1688471496,http://local.craft-base.com/cpresources/7bed2909/cp.js?v=1688471496,http://local.craft-base.com/cpresources/e20f6c67/vue.js?v=1688477269,http://local.craft-base.com/cpresources/809f315/js/app.js?v=1688477269'
    'HTTP_X_CSRF_TOKEN' => '••••••••••••••••••••••••••••••••••••••••••••••••••••••••••••••••••••••••••••••••••••••••••••••••••••••••••••••••••••••••••••••••••••••••••••••••••••••••••••••••••••••••••••••••••••••••••••••••••••••••••••••••••••••••••••••••••••••••••••••••••••••••••••••••••••••••••••••••••••••••••••••••••••••••••••••••••••••••••••••••••••••••••••••••••••••••••••••••••••••••••••••••••••••••••••••••••••••••'
    'HTTP_ORIGIN' => 'http://local.craft-base.com'
    'HTTP_CONNECTION' => 'keep-alive'
    'HTTP_COOKIE' => 'CraftSessionId=ttpcp82b5nghbmvvn7mfi7eg98; CRAFT_CSRF_TOKEN=e53ec9fba2d28237be6fa8760b570401489d972166d4418ef748d4b7a0bcfda8a%3A2%3A%7Bi%3A0%3Bs%3A16%3A%22CRAFT_CSRF_TOKEN%22%3Bi%3A1%3Bs%3A147%3A%22Y09P8LqXVwoT18JOZBhyWDqHDwxPi93nVLRNQJX9%7C3a0e8ea60258375ae18a520557c14a34e07f3a724347cb1bd813aa9d1d73ab31Y09P8LqXVwoT18JOZBhyWDqHDwxPi93nVLRNQJX9%7C1%22%3B%7D; d901194284f7a5314cbcfabe3e1cccca_username=5e9c64b9117a985305fd76c06df2a4a3a4bb803b44c22e04f5af5181fa7bc24aa%3A2%3A%7Bi%3A0%3Bs%3A41%3A%22d901194284f7a5314cbcfabe3e1cccca_username%22%3Bi%3A1%3Bs%3A5%3A%22admin%22%3B%7D; d901194284f7a5314cbcfabe3e1cccca_identity=81a6233dcb985c7107d4bee64de52959dde1a8c2e74cdb2c805d2a2acd07ec78a%3A2%3A%7Bi%3A0%3Bs%3A41%3A%22d901194284f7a5314cbcfabe3e1cccca_identity%22%3Bi%3A1%3Bs%3A159%3A%22%5B1%2C%22%5B%5C%22S0Dz8U8tmqQqlHkBDOarand-_AA4Ylm6xr74S6kXE9MVqwF0JkMHvbc0tLZfWirPt7sVtzy1FyU8U_aUVZ4i8wXYTVxkM0cTfdXq%5C%22%2Cnull%2C%5C%2233f7ffa60f8bb768dd0686b902d6e243%5C%22%5D%22%2C3600%5D%22%3B%7D'
    'CONTENT_LENGTH' => '0'
    'PATH' => '/usr/bin:/bin:/usr/sbin:/sbin'
    'SERVER_SIGNATURE' => ''
    'SERVER_SOFTWARE' => 'Apache/2.4.54 (Unix) OpenSSL/1.0.2u PHP/8.2.0 mod_wsgi/3.5 Python/2.7.18 mod_fastcgi/mod_fastcgi-SNAP-0910052141 mod_perl/2.0.11 Perl/v5.30.1'
    'SERVER_NAME' => 'local.craft-base.com'
    'SERVER_ADDR' => '127.0.0.1'
    'SERVER_PORT' => '80'
    'REMOTE_ADDR' => '127.0.0.1'
    'DOCUMENT_ROOT' => '/Applications/MAMP/htdocs/local.craft-base.com/public_html'
    'REQUEST_SCHEME' => 'http'
    'CONTEXT_PREFIX' => ''
    'CONTEXT_DOCUMENT_ROOT' => '/Applications/MAMP/htdocs/local.craft-base.com/public_html'
    'SERVER_ADMIN' => 'you@example.com'
    'SCRIPT_FILENAME' => '/Applications/MAMP/htdocs/local.craft-base.com/public_html/index.php'
    'REMOTE_PORT' => '60476'
    'GATEWAY_INTERFACE' => 'CGI/1.1'
    'SERVER_PROTOCOL' => 'HTTP/1.1'
    'REQUEST_METHOD' => 'POST'
    'QUERY_STRING' => 'p=admin%2Factions%2Fqueue%2Frun&v=1688478106149'
    'REQUEST_URI' => '/index.php?p=admin%2Factions%2Fqueue%2Frun&v=1688478106149'
    'SCRIPT_NAME' => '/index.php'
    'PHP_SELF' => '/index.php'
    'REQUEST_TIME_FLOAT' => 1688478106.1498
    'REQUEST_TIME' => 1688478106
    'CRAFT_APP_ID' => 'CraftCMS--b4de22d4-063f-4dc6-9e27-6f45ddaa78c9'
    'CRAFT_ENVIRONMENT' => 'dev'
    'CRAFT_SECURITY_KEY' => '••••••••••••••••••••••••••••••••'
    'CRAFT_DB_DRIVER' => 'mysql'
    'CRAFT_DB_SERVER' => '127.0.0.1'
    'CRAFT_DB_PORT' => '8889'
    'CRAFT_DB_DATABASE' => 'craft_base'
    'CRAFT_DB_USER' => 'root'
    'CRAFT_DB_PASSWORD' => '••••'
    'CRAFT_DB_SCHEMA' => ''
    'CRAFT_DB_TABLE_PREFIX' => ''
    'DEV_MODE' => 'true'
    'ALLOW_ADMIN_CHANGES' => 'true'
    'DISALLOW_ROBOTS' => 'true'
    'PRIMARY_SITE_URL' => 'http://local.craft-base.com/'
] {"userId":1} 
2023-07-04 13:41:54 [queue.INFO] [yii\db\Connection::open] Opening DB connection: mysql:host=127.0.0.1;dbname=craft_base;port=8889 {"memory":763768} 
2023-07-04 13:41:54 [queue.INFO] [yii\web\Session::open] Session started {"memory":930496} 
2023-07-04 13:41:54 [queue.INFO] [craft\queue\QueueLogBehavior::beforeExec]  [3] t9n:["app","Updating search indexes"] (attempt: 1, pid: 57831) - Started {"memory":1264096} 
2023-07-04 13:41:54 [queue.INFO] [craft\queue\QueueLogBehavior::afterExec]  [3] t9n:["app","Updating search indexes"] (attempt: 1, pid: 57831) - Done (time: 0.010s) {"memory":1498248} 
2023-07-04 13:41:54 [queue.INFO] [application] Request context:
$_GET = [
    'p' => 'admin/actions/queue/run'
    'v' => '1688478114086'
]

$_POST = []

$_FILES = []

$_COOKIE = [
    'CraftSessionId' => 'ttpcp82b5nghbmvvn7mfi7eg98'
    'CRAFT_CSRF_TOKEN' => '••••••••••••••••••••••••••••••••••••••••••••••••••••••••••••••••••••••••••••••••••••••••••••••••••••••••••••••••••••••••••••••••••••••••••••••••••••••••••••••••••••••••••••••••••••••••••••••••••••••••••••••••••••••••••••••••••••••••••••••••••••••••••••••••••'
    'd901194284f7a5314cbcfabe3e1cccca_username' => '5e9c64b9117a985305fd76c06df2a4a3a4bb803b44c22e04f5af5181fa7bc24aa:2:{i:0;s:41:\"d901194284f7a5314cbcfabe3e1cccca_username\";i:1;s:5:\"admin\";}'
    'd901194284f7a5314cbcfabe3e1cccca_identity' => '81a6233dcb985c7107d4bee64de52959dde1a8c2e74cdb2c805d2a2acd07ec78a:2:{i:0;s:41:\"d901194284f7a5314cbcfabe3e1cccca_identity\";i:1;s:159:\"[1,\"[\\\"S0Dz8U8tmqQqlHkBDOarand-_AA4Ylm6xr74S6kXE9MVqwF0JkMHvbc0tLZfWirPt7sVtzy1FyU8U_aUVZ4i8wXYTVxkM0cTfdXq\\\",null,\\\"33f7ffa60f8bb768dd0686b902d6e243\\\"]\",3600]\";}'
]

$_SESSION = [
    'abbb3e31d8d7efd3e5a22ffb6dc93e28__flash' => []
    'd901194284f7a5314cbcfabe3e1cccca__token' => '••••••••••••••••••••••••••••••••••••••••••••••••••••••••••••••••••••••••••••••••••••••••••••••••••••'
    'd901194284f7a5314cbcfabe3e1cccca__id' => 1
    '__authKey' => '••••••••••••••••••••••••••••••••••••••••••••••••••••••••••••••••••••••••••••••••••••••••••••••••••••••••••••••••••••••••••••••••••••••••••••••••'
    'd901194284f7a5314cbcfabe3e1cccca__expire' => 1688481714
    '__duration' => 3600
    '0d288d4e658c316633fd8e56f46f25d4__flash' => []
]

$_SERVER = [
    'HTTP_HOST' => 'local.craft-base.com'
    'HTTP_USER_AGENT' => 'Mozilla/5.0 (Macintosh; Intel Mac OS X 10.15; rv:109.0) Gecko/20100101 Firefox/114.0'
    'HTTP_ACCEPT' => 'application/json, text/plain, */*'
    'HTTP_ACCEPT_LANGUAGE' => 'en-GB,en;q=0.5'
    'HTTP_ACCEPT_ENCODING' => 'gzip, deflate'
    'HTTP_REFERER' => 'http://local.craft-base.com/admin/settings/globals'
    'HTTP_X_REQUESTED_WITH' => 'XMLHttpRequest'
    'HTTP_X_REGISTERED_ASSET_BUNDLES' => ',craft\\web\\assets\\admintable\\AdminTableAsset,craft\\web\\assets\\cp\\CpAsset,craft\\web\\assets\\tailwindreset\\TailwindResetAsset,craft\\web\\assets\\axios\\AxiosAsset,craft\\web\\assets\\d3\\D3Asset,craft\\web\\assets\\elementresizedetector\\ElementResizeDetectorAsset,craft\\web\\assets\\garnish\\GarnishAsset,yii\\web\\JqueryAsset,craft\\web\\assets\\jquerytouchevents\\JqueryTouchEventsAsset,craft\\web\\assets\\velocity\\VelocityAsset,craft\\web\\assets\\jqueryui\\JqueryUiAsset,craft\\web\\assets\\jquerypayment\\JqueryPaymentAsset,craft\\web\\assets\\datepickeri18n\\DatepickerI18nAsset,craft\\web\\assets\\picturefill\\PicturefillAsset,craft\\web\\assets\\selectize\\SelectizeAsset,craft\\web\\assets\\fileupload\\FileUploadAsset,craft\\web\\assets\\xregexp\\XregexpAsset,craft\\web\\assets\\fabric\\FabricAsset,craft\\web\\assets\\iframeresizer\\IframeResizerAsset,craft\\web\\assets\\vue\\VueAsset'
    'HTTP_X_REGISTERED_JS_FILES' => ',http://local.craft-base.com/cpresources/70b03163/tailwind_reset.js?v=1688471496,http://local.craft-base.com/cpresources/47dc27af/axios.js?v=1688471496,http://local.craft-base.com/cpresources/61d80f40/d3.js?v=1688471496,http://local.craft-base.com/cpresources/a0f602ab/element-resize-detector.js?v=1688471496,http://local.craft-base.com/cpresources/a5161d43/jquery.js?v=1688471496,http://local.craft-base.com/cpresources/f3eb69e9/jquery.mobile-events.js?v=1688471496,http://local.craft-base.com/cpresources/f62fb43c/velocity.js?v=1688471496,http://local.craft-base.com/cpresources/1987b0ea/garnish.js?v=1688471496,http://local.craft-base.com/cpresources/aff18d55/jquery-ui.js?v=1688471496,http://local.craft-base.com/cpresources/f3b8b68b/jquery.payment.js?v=1688471496,http://local.craft-base.com/cpresources/fdb33f4c/datepicker-en-GB.js?v=1688471496,http://local.craft-base.com/cpresources/cfe36c55/picturefill.js?v=1688471496,http://local.craft-base.com/cpresources/77a58b41/selectize.js?v=1688471496,http://local.craft-base.com/cpresources/b18a5bfe/jquery.fileupload.js?v=1688471496,http://local.craft-base.com/cpresources/c45bd155/xregexp-all.js?v=1688471496,http://local.craft-base.com/cpresources/313587fd/fabric.js?v=1688471496,http://local.craft-base.com/cpresources/6ab906f7/iframeResizer.js?v=1688471496,http://local.craft-base.com/cpresources/7bed2909/cp.js?v=1688471496,http://local.craft-base.com/cpresources/e20f6c67/vue.js?v=1688477269,http://local.craft-base.com/cpresources/809f315/js/app.js?v=1688477269'
    'HTTP_X_CSRF_TOKEN' => '••••••••••••••••••••••••••••••••••••••••••••••••••••••••••••••••••••••••••••••••••••••••••••••••••••••••••••••••••••••••••••••••••••••••••••••••••••••••••••••••••••••••••••••••••••••••••••••••••••••••••••••••••••••••••••••••••••••••••••••••••••••••••••••••••••••••••••••••••••••••••••••••••••••••••••••••••••••••••••••••••••••••••••••••••••••••••••••••••••••••••••••••••••••••••••••••••••••••'
    'HTTP_ORIGIN' => 'http://local.craft-base.com'
    'HTTP_CONNECTION' => 'keep-alive'
    'HTTP_COOKIE' => 'CraftSessionId=ttpcp82b5nghbmvvn7mfi7eg98; CRAFT_CSRF_TOKEN=e53ec9fba2d28237be6fa8760b570401489d972166d4418ef748d4b7a0bcfda8a%3A2%3A%7Bi%3A0%3Bs%3A16%3A%22CRAFT_CSRF_TOKEN%22%3Bi%3A1%3Bs%3A147%3A%22Y09P8LqXVwoT18JOZBhyWDqHDwxPi93nVLRNQJX9%7C3a0e8ea60258375ae18a520557c14a34e07f3a724347cb1bd813aa9d1d73ab31Y09P8LqXVwoT18JOZBhyWDqHDwxPi93nVLRNQJX9%7C1%22%3B%7D; d901194284f7a5314cbcfabe3e1cccca_username=5e9c64b9117a985305fd76c06df2a4a3a4bb803b44c22e04f5af5181fa7bc24aa%3A2%3A%7Bi%3A0%3Bs%3A41%3A%22d901194284f7a5314cbcfabe3e1cccca_username%22%3Bi%3A1%3Bs%3A5%3A%22admin%22%3B%7D; d901194284f7a5314cbcfabe3e1cccca_identity=81a6233dcb985c7107d4bee64de52959dde1a8c2e74cdb2c805d2a2acd07ec78a%3A2%3A%7Bi%3A0%3Bs%3A41%3A%22d901194284f7a5314cbcfabe3e1cccca_identity%22%3Bi%3A1%3Bs%3A159%3A%22%5B1%2C%22%5B%5C%22S0Dz8U8tmqQqlHkBDOarand-_AA4Ylm6xr74S6kXE9MVqwF0JkMHvbc0tLZfWirPt7sVtzy1FyU8U_aUVZ4i8wXYTVxkM0cTfdXq%5C%22%2Cnull%2C%5C%2233f7ffa60f8bb768dd0686b902d6e243%5C%22%5D%22%2C3600%5D%22%3B%7D'
    'CONTENT_LENGTH' => '0'
    'PATH' => '/usr/bin:/bin:/usr/sbin:/sbin'
    'SERVER_SIGNATURE' => ''
    'SERVER_SOFTWARE' => 'Apache/2.4.54 (Unix) OpenSSL/1.0.2u PHP/8.2.0 mod_wsgi/3.5 Python/2.7.18 mod_fastcgi/mod_fastcgi-SNAP-0910052141 mod_perl/2.0.11 Perl/v5.30.1'
    'SERVER_NAME' => 'local.craft-base.com'
    'SERVER_ADDR' => '127.0.0.1'
    'SERVER_PORT' => '80'
    'REMOTE_ADDR' => '127.0.0.1'
    'DOCUMENT_ROOT' => '/Applications/MAMP/htdocs/local.craft-base.com/public_html'
    'REQUEST_SCHEME' => 'http'
    'CONTEXT_PREFIX' => ''
    'CONTEXT_DOCUMENT_ROOT' => '/Applications/MAMP/htdocs/local.craft-base.com/public_html'
    'SERVER_ADMIN' => 'you@example.com'
    'SCRIPT_FILENAME' => '/Applications/MAMP/htdocs/local.craft-base.com/public_html/index.php'
    'REMOTE_PORT' => '60479'
    'GATEWAY_INTERFACE' => 'CGI/1.1'
    'SERVER_PROTOCOL' => 'HTTP/1.1'
    'REQUEST_METHOD' => 'POST'
    'QUERY_STRING' => 'p=admin%2Factions%2Fqueue%2Frun&v=1688478114086'
    'REQUEST_URI' => '/index.php?p=admin%2Factions%2Fqueue%2Frun&v=1688478114086'
    'SCRIPT_NAME' => '/index.php'
    'PHP_SELF' => '/index.php'
    'REQUEST_TIME_FLOAT' => 1688478114.0876
    'REQUEST_TIME' => 1688478114
    'CRAFT_APP_ID' => 'CraftCMS--b4de22d4-063f-4dc6-9e27-6f45ddaa78c9'
    'CRAFT_ENVIRONMENT' => 'dev'
    'CRAFT_SECURITY_KEY' => '••••••••••••••••••••••••••••••••'
    'CRAFT_DB_DRIVER' => 'mysql'
    'CRAFT_DB_SERVER' => '127.0.0.1'
    'CRAFT_DB_PORT' => '8889'
    'CRAFT_DB_DATABASE' => 'craft_base'
    'CRAFT_DB_USER' => 'root'
    'CRAFT_DB_PASSWORD' => '••••'
    'CRAFT_DB_SCHEMA' => ''
    'CRAFT_DB_TABLE_PREFIX' => ''
    'DEV_MODE' => 'true'
    'ALLOW_ADMIN_CHANGES' => 'true'
    'DISALLOW_ROBOTS' => 'true'
    'PRIMARY_SITE_URL' => 'http://local.craft-base.com/'
] {"userId":1} 
2023-07-04 13:46:51 [queue.INFO] [yii\db\Connection::open] Opening DB connection: mysql:host=127.0.0.1;dbname=craft_base;port=8889 {"memory":765520} 
2023-07-04 13:46:51 [queue.INFO] [yii\web\Session::open] Session started {"memory":958488} 
2023-07-04 13:46:51 [queue.INFO] [adigital\cookieconsentbanner\CookieConsentBanner::init] Cookie Consent Banner plugin loaded {"memory":1078408} 
2023-07-04 13:46:51 [queue.INFO] [nystudio107\cookies\Cookies::init] Cookies plugin loaded {"memory":1098608} 
2023-07-04 13:46:51 [queue.INFO] [craft\queue\QueueLogBehavior::beforeExec]  [4] t9n:["app","Resaving {type} entries",{"type":"Pages - Page"}] (attempt: 1, pid: 59280) - Started {"memory":1591840} 
2023-07-04 13:46:51 [queue.INFO] [craft\queue\QueueLogBehavior::afterExec]  [4] t9n:["app","Resaving {type} entries",{"type":"Pages - Page"}] (attempt: 1, pid: 59280) - Done (time: 0.007s) {"memory":1601664} 
2023-07-04 13:46:51 [queue.INFO] [application] Request context:
$_GET = [
    'p' => 'admin/actions/queue/run'
    'v' => '1688478411686'
]

$_POST = []

$_FILES = []

$_COOKIE = [
    'CraftSessionId' => 'ttpcp82b5nghbmvvn7mfi7eg98'
    'CRAFT_CSRF_TOKEN' => '••••••••••••••••••••••••••••••••••••••••••••••••••••••••••••••••••••••••••••••••••••••••••••••••••••••••••••••••••••••••••••••••••••••••••••••••••••••••••••••••••••••••••••••••••••••••••••••••••••••••••••••••••••••••••••••••••••••••••••••••••••••••••••••••••'
    'd901194284f7a5314cbcfabe3e1cccca_username' => '5e9c64b9117a985305fd76c06df2a4a3a4bb803b44c22e04f5af5181fa7bc24aa:2:{i:0;s:41:\"d901194284f7a5314cbcfabe3e1cccca_username\";i:1;s:5:\"admin\";}'
    'd901194284f7a5314cbcfabe3e1cccca_identity' => '81a6233dcb985c7107d4bee64de52959dde1a8c2e74cdb2c805d2a2acd07ec78a:2:{i:0;s:41:\"d901194284f7a5314cbcfabe3e1cccca_identity\";i:1;s:159:\"[1,\"[\\\"S0Dz8U8tmqQqlHkBDOarand-_AA4Ylm6xr74S6kXE9MVqwF0JkMHvbc0tLZfWirPt7sVtzy1FyU8U_aUVZ4i8wXYTVxkM0cTfdXq\\\",null,\\\"33f7ffa60f8bb768dd0686b902d6e243\\\"]\",3600]\";}'
    '__stripe_sid' => '5c89b1cb-3dfd-499a-85bf-649c0d1e4e052800c2'
    '__stripe_mid' => 'c28e3f6c-4161-490d-8da4-945b4befe3b3a7a8f8'
]

$_SESSION = [
    'abbb3e31d8d7efd3e5a22ffb6dc93e28__flash' => []
    'd901194284f7a5314cbcfabe3e1cccca__token' => '••••••••••••••••••••••••••••••••••••••••••••••••••••••••••••••••••••••••••••••••••••••••••••••••••••'
    'd901194284f7a5314cbcfabe3e1cccca__id' => 1
    '__authKey' => '••••••••••••••••••••••••••••••••••••••••••••••••••••••••••••••••••••••••••••••••••••••••••••••••••••••••••••••••••••••••••••••••••••••••••••••••'
    'd901194284f7a5314cbcfabe3e1cccca__expire' => 1688482011
    '__duration' => 3600
    '0d288d4e658c316633fd8e56f46f25d4__flash' => []
]

$_SERVER = [
    'HTTP_HOST' => 'local.craft-base.com'
    'HTTP_USER_AGENT' => 'Mozilla/5.0 (Macintosh; Intel Mac OS X 10.15; rv:109.0) Gecko/20100101 Firefox/114.0'
    'HTTP_ACCEPT' => 'application/json, text/plain, */*'
    'HTTP_ACCEPT_LANGUAGE' => 'en-GB,en;q=0.5'
    'HTTP_ACCEPT_ENCODING' => 'gzip, deflate'
    'HTTP_REFERER' => 'http://local.craft-base.com/admin/settings/sections/1/entrytypes'
    'HTTP_X_REQUESTED_WITH' => 'XMLHttpRequest'
    'HTTP_X_REGISTERED_ASSET_BUNDLES' => ',verbb\\cpnav\\assetbundles\\CpNavAsset,verbb\\base\\assetbundles\\CpAsset,craft\\web\\assets\\cp\\CpAsset,craft\\web\\assets\\tailwindreset\\TailwindResetAsset,craft\\web\\assets\\axios\\AxiosAsset,craft\\web\\assets\\d3\\D3Asset,craft\\web\\assets\\elementresizedetector\\ElementResizeDetectorAsset,craft\\web\\assets\\garnish\\GarnishAsset,yii\\web\\JqueryAsset,craft\\web\\assets\\jquerytouchevents\\JqueryTouchEventsAsset,craft\\web\\assets\\velocity\\VelocityAsset,craft\\web\\assets\\jqueryui\\JqueryUiAsset,craft\\web\\assets\\jquerypayment\\JqueryPaymentAsset,craft\\web\\assets\\datepickeri18n\\DatepickerI18nAsset,craft\\web\\assets\\picturefill\\PicturefillAsset,craft\\web\\assets\\selectize\\SelectizeAsset,craft\\web\\assets\\fileupload\\FileUploadAsset,craft\\web\\assets\\xregexp\\XregexpAsset,craft\\web\\assets\\fabric\\FabricAsset,craft\\web\\assets\\iframeresizer\\IframeResizerAsset,craft\\web\\assets\\admintable\\AdminTableAsset,craft\\web\\assets\\vue\\VueAsset'
    'HTTP_X_REGISTERED_JS_FILES' => ',http://local.craft-base.com/cpresources/70b03163/tailwind_reset.js?v=1688471496,http://local.craft-base.com/cpresources/47dc27af/axios.js?v=1688471496,http://local.craft-base.com/cpresources/61d80f40/d3.js?v=1688471496,http://local.craft-base.com/cpresources/a0f602ab/element-resize-detector.js?v=1688471496,http://local.craft-base.com/cpresources/a5161d43/jquery.js?v=1688471496,http://local.craft-base.com/cpresources/f3eb69e9/jquery.mobile-events.js?v=1688471496,http://local.craft-base.com/cpresources/f62fb43c/velocity.js?v=1688471496,http://local.craft-base.com/cpresources/1987b0ea/garnish.js?v=1688471496,http://local.craft-base.com/cpresources/aff18d55/jquery-ui.js?v=1688471496,http://local.craft-base.com/cpresources/f3b8b68b/jquery.payment.js?v=1688471496,http://local.craft-base.com/cpresources/fdb33f4c/datepicker-en-GB.js?v=1688471496,http://local.craft-base.com/cpresources/cfe36c55/picturefill.js?v=1688471496,http://local.craft-base.com/cpresources/77a58b41/selectize.js?v=1688471496,http://local.craft-base.com/cpresources/b18a5bfe/jquery.fileupload.js?v=1688471496,http://local.craft-base.com/cpresources/c45bd155/xregexp-all.js?v=1688471496,http://local.craft-base.com/cpresources/313587fd/fabric.js?v=1688471496,http://local.craft-base.com/cpresources/6ab906f7/iframeResizer.js?v=1688471496,http://local.craft-base.com/cpresources/7bed2909/cp.js?v=1688471496,http://local.craft-base.com/cpresources/ea050731/js/verbb-ui.js?v=1688478197,http://local.craft-base.com/cpresources/2b83d9da/js/cp-nav.js?v=1688478197,http://local.craft-base.com/cpresources/e20f6c67/vue.js?v=1688477269,http://local.craft-base.com/cpresources/809f315/js/app.js?v=1688477269'
    'HTTP_X_CSRF_TOKEN' => '••••••••••••••••••••••••••••••••••••••••••••••••••••••••••••••••••••••••••••••••••••••••••••••••••••••••••••••••••••••••••••••••••••••••••••••••••••••••••••••••••••••••••••••••••••••••••••••••••••••••••••••••••••••••••••••••••••••••••••••••••••••••••••••••••••••••••••••••••••••••••••••••••••••••••••••••••••••••••••••••••••••••••••••••••••••••••••••••••••••••••••••••••••••••••••••••••••••••'
    'HTTP_ORIGIN' => 'http://local.craft-base.com'
    'HTTP_CONNECTION' => 'keep-alive'
    'HTTP_COOKIE' => 'CraftSessionId=ttpcp82b5nghbmvvn7mfi7eg98; CRAFT_CSRF_TOKEN=e53ec9fba2d28237be6fa8760b570401489d972166d4418ef748d4b7a0bcfda8a%3A2%3A%7Bi%3A0%3Bs%3A16%3A%22CRAFT_CSRF_TOKEN%22%3Bi%3A1%3Bs%3A147%3A%22Y09P8LqXVwoT18JOZBhyWDqHDwxPi93nVLRNQJX9%7C3a0e8ea60258375ae18a520557c14a34e07f3a724347cb1bd813aa9d1d73ab31Y09P8LqXVwoT18JOZBhyWDqHDwxPi93nVLRNQJX9%7C1%22%3B%7D; d901194284f7a5314cbcfabe3e1cccca_username=5e9c64b9117a985305fd76c06df2a4a3a4bb803b44c22e04f5af5181fa7bc24aa%3A2%3A%7Bi%3A0%3Bs%3A41%3A%22d901194284f7a5314cbcfabe3e1cccca_username%22%3Bi%3A1%3Bs%3A5%3A%22admin%22%3B%7D; d901194284f7a5314cbcfabe3e1cccca_identity=81a6233dcb985c7107d4bee64de52959dde1a8c2e74cdb2c805d2a2acd07ec78a%3A2%3A%7Bi%3A0%3Bs%3A41%3A%22d901194284f7a5314cbcfabe3e1cccca_identity%22%3Bi%3A1%3Bs%3A159%3A%22%5B1%2C%22%5B%5C%22S0Dz8U8tmqQqlHkBDOarand-_AA4Ylm6xr74S6kXE9MVqwF0JkMHvbc0tLZfWirPt7sVtzy1FyU8U_aUVZ4i8wXYTVxkM0cTfdXq%5C%22%2Cnull%2C%5C%2233f7ffa60f8bb768dd0686b902d6e243%5C%22%5D%22%2C3600%5D%22%3B%7D; __stripe_sid=5c89b1cb-3dfd-499a-85bf-649c0d1e4e052800c2; __stripe_mid=c28e3f6c-4161-490d-8da4-945b4befe3b3a7a8f8'
    'CONTENT_LENGTH' => '0'
    'PATH' => '/usr/bin:/bin:/usr/sbin:/sbin'
    'SERVER_SIGNATURE' => ''
    'SERVER_SOFTWARE' => 'Apache/2.4.54 (Unix) OpenSSL/1.0.2u PHP/8.2.0 mod_wsgi/3.5 Python/2.7.18 mod_fastcgi/mod_fastcgi-SNAP-0910052141 mod_perl/2.0.11 Perl/v5.30.1'
    'SERVER_NAME' => 'local.craft-base.com'
    'SERVER_ADDR' => '127.0.0.1'
    'SERVER_PORT' => '80'
    'REMOTE_ADDR' => '127.0.0.1'
    'DOCUMENT_ROOT' => '/Applications/MAMP/htdocs/local.craft-base.com/public_html'
    'REQUEST_SCHEME' => 'http'
    'CONTEXT_PREFIX' => ''
    'CONTEXT_DOCUMENT_ROOT' => '/Applications/MAMP/htdocs/local.craft-base.com/public_html'
    'SERVER_ADMIN' => 'you@example.com'
    'SCRIPT_FILENAME' => '/Applications/MAMP/htdocs/local.craft-base.com/public_html/index.php'
    'REMOTE_PORT' => '61526'
    'GATEWAY_INTERFACE' => 'CGI/1.1'
    'SERVER_PROTOCOL' => 'HTTP/1.1'
    'REQUEST_METHOD' => 'POST'
    'QUERY_STRING' => 'p=admin%2Factions%2Fqueue%2Frun&v=1688478411686'
    'REQUEST_URI' => '/index.php?p=admin%2Factions%2Fqueue%2Frun&v=1688478411686'
    'SCRIPT_NAME' => '/index.php'
    'PHP_SELF' => '/index.php'
    'REQUEST_TIME_FLOAT' => 1688478411.687
    'REQUEST_TIME' => 1688478411
    'CRAFT_APP_ID' => 'CraftCMS--b4de22d4-063f-4dc6-9e27-6f45ddaa78c9'
    'CRAFT_ENVIRONMENT' => 'dev'
    'CRAFT_SECURITY_KEY' => '••••••••••••••••••••••••••••••••'
    'CRAFT_DB_DRIVER' => 'mysql'
    'CRAFT_DB_SERVER' => '127.0.0.1'
    'CRAFT_DB_PORT' => '8889'
    'CRAFT_DB_DATABASE' => 'craft_base'
    'CRAFT_DB_USER' => 'root'
    'CRAFT_DB_PASSWORD' => '••••'
    'CRAFT_DB_SCHEMA' => ''
    'CRAFT_DB_TABLE_PREFIX' => ''
    'DEV_MODE' => 'true'
    'ALLOW_ADMIN_CHANGES' => 'true'
    'DISALLOW_ROBOTS' => 'true'
    'PRIMARY_SITE_URL' => 'http://local.craft-base.com/'
] {"userId":1} 
2023-07-04 13:47:33 [queue.INFO] [yii\db\Connection::open] Opening DB connection: mysql:host=127.0.0.1;dbname=craft_base;port=8889 {"memory":765520} 
2023-07-04 13:47:33 [queue.INFO] [yii\web\Session::open] Session started {"memory":968184} 
2023-07-04 13:47:33 [queue.INFO] [adigital\cookieconsentbanner\CookieConsentBanner::init] Cookie Consent Banner plugin loaded {"memory":1088104} 
2023-07-04 13:47:33 [queue.INFO] [nystudio107\cookies\Cookies::init] Cookies plugin loaded {"memory":1108304} 
2023-07-04 13:47:33 [queue.INFO] [craft\queue\QueueLogBehavior::beforeExec]  [6] t9n:["app","Updating search indexes"] (attempt: 1, pid: 59420) - Started {"memory":1482280} 
2023-07-04 13:47:33 [queue.INFO] [craft\queue\QueueLogBehavior::afterExec]  [6] t9n:["app","Updating search indexes"] (attempt: 1, pid: 59420) - Done (time: 0.025s) {"memory":1833392} 
2023-07-04 13:47:33 [queue.INFO] [craft\queue\QueueLogBehavior::beforeExec]  [8] t9n:["app","Updating search indexes"] (attempt: 1, pid: 59420) - Started {"memory":1836840} 
2023-07-04 13:47:33 [queue.INFO] [craft\queue\QueueLogBehavior::afterExec]  [8] t9n:["app","Updating search indexes"] (attempt: 1, pid: 59420) - Done (time: 0.005s) {"memory":1876352} 
2023-07-04 13:47:33 [queue.INFO] [craft\queue\QueueLogBehavior::beforeExec]  [5] t9n:["app","Pruning extra revisions"] (attempt: 1, pid: 59420) - Started {"memory":1880120} 
2023-07-04 13:47:33 [queue.INFO] [craft\queue\QueueLogBehavior::afterExec]  [5] t9n:["app","Pruning extra revisions"] (attempt: 1, pid: 59420) - Done (time: 0.002s) {"memory":1903312} 
2023-07-04 13:47:33 [queue.INFO] [craft\queue\QueueLogBehavior::beforeExec]  [7] t9n:["app","Pruning extra revisions"] (attempt: 1, pid: 59420) - Started {"memory":1906760} 
2023-07-04 13:47:33 [queue.INFO] [craft\queue\QueueLogBehavior::afterExec]  [7] t9n:["app","Pruning extra revisions"] (attempt: 1, pid: 59420) - Done (time: 0.002s) {"memory":1929440} 
2023-07-04 13:47:33 [queue.INFO] [application] Request context:
$_GET = [
    'p' => 'admin/actions/queue/run'
    'v' => '1688478453565'
]

$_POST = []

$_FILES = []

$_COOKIE = [
    'CraftSessionId' => 'ttpcp82b5nghbmvvn7mfi7eg98'
    'CRAFT_CSRF_TOKEN' => '••••••••••••••••••••••••••••••••••••••••••••••••••••••••••••••••••••••••••••••••••••••••••••••••••••••••••••••••••••••••••••••••••••••••••••••••••••••••••••••••••••••••••••••••••••••••••••••••••••••••••••••••••••••••••••••••••••••••••••••••••••••••••••••••••'
    'd901194284f7a5314cbcfabe3e1cccca_username' => '5e9c64b9117a985305fd76c06df2a4a3a4bb803b44c22e04f5af5181fa7bc24aa:2:{i:0;s:41:\"d901194284f7a5314cbcfabe3e1cccca_username\";i:1;s:5:\"admin\";}'
    'd901194284f7a5314cbcfabe3e1cccca_identity' => '81a6233dcb985c7107d4bee64de52959dde1a8c2e74cdb2c805d2a2acd07ec78a:2:{i:0;s:41:\"d901194284f7a5314cbcfabe3e1cccca_identity\";i:1;s:159:\"[1,\"[\\\"S0Dz8U8tmqQqlHkBDOarand-_AA4Ylm6xr74S6kXE9MVqwF0JkMHvbc0tLZfWirPt7sVtzy1FyU8U_aUVZ4i8wXYTVxkM0cTfdXq\\\",null,\\\"33f7ffa60f8bb768dd0686b902d6e243\\\"]\",3600]\";}'
    '__stripe_sid' => '5c89b1cb-3dfd-499a-85bf-649c0d1e4e052800c2'
    '__stripe_mid' => 'c28e3f6c-4161-490d-8da4-945b4befe3b3a7a8f8'
]

$_SESSION = [
    'abbb3e31d8d7efd3e5a22ffb6dc93e28__flash' => []
    'd901194284f7a5314cbcfabe3e1cccca__token' => '••••••••••••••••••••••••••••••••••••••••••••••••••••••••••••••••••••••••••••••••••••••••••••••••••••'
    'd901194284f7a5314cbcfabe3e1cccca__id' => 1
    '__authKey' => '••••••••••••••••••••••••••••••••••••••••••••••••••••••••••••••••••••••••••••••••••••••••••••••••••••••••••••••••••••••••••••••••••••••••••••••••'
    'd901194284f7a5314cbcfabe3e1cccca__expire' => 1688482053
    '__duration' => 3600
    '0d288d4e658c316633fd8e56f46f25d4__flash' => []
]

$_SERVER = [
    'HTTP_HOST' => 'local.craft-base.com'
    'HTTP_USER_AGENT' => 'Mozilla/5.0 (Macintosh; Intel Mac OS X 10.15; rv:109.0) Gecko/20100101 Firefox/114.0'
    'HTTP_ACCEPT' => 'application/json, text/plain, */*'
    'HTTP_ACCEPT_LANGUAGE' => 'en-GB,en;q=0.5'
    'HTTP_ACCEPT_ENCODING' => 'gzip, deflate'
    'HTTP_REFERER' => 'http://local.craft-base.com/admin/settings/sections/2/entrytypes'
    'HTTP_X_REQUESTED_WITH' => 'XMLHttpRequest'
    'HTTP_X_REGISTERED_ASSET_BUNDLES' => ',verbb\\cpnav\\assetbundles\\CpNavAsset,verbb\\base\\assetbundles\\CpAsset,craft\\web\\assets\\cp\\CpAsset,craft\\web\\assets\\tailwindreset\\TailwindResetAsset,craft\\web\\assets\\axios\\AxiosAsset,craft\\web\\assets\\d3\\D3Asset,craft\\web\\assets\\elementresizedetector\\ElementResizeDetectorAsset,craft\\web\\assets\\garnish\\GarnishAsset,yii\\web\\JqueryAsset,craft\\web\\assets\\jquerytouchevents\\JqueryTouchEventsAsset,craft\\web\\assets\\velocity\\VelocityAsset,craft\\web\\assets\\jqueryui\\JqueryUiAsset,craft\\web\\assets\\jquerypayment\\JqueryPaymentAsset,craft\\web\\assets\\datepickeri18n\\DatepickerI18nAsset,craft\\web\\assets\\picturefill\\PicturefillAsset,craft\\web\\assets\\selectize\\SelectizeAsset,craft\\web\\assets\\fileupload\\FileUploadAsset,craft\\web\\assets\\xregexp\\XregexpAsset,craft\\web\\assets\\fabric\\FabricAsset,craft\\web\\assets\\iframeresizer\\IframeResizerAsset,craft\\web\\assets\\admintable\\AdminTableAsset,craft\\web\\assets\\vue\\VueAsset'
    'HTTP_X_REGISTERED_JS_FILES' => ',http://local.craft-base.com/cpresources/70b03163/tailwind_reset.js?v=1688471496,http://local.craft-base.com/cpresources/47dc27af/axios.js?v=1688471496,http://local.craft-base.com/cpresources/61d80f40/d3.js?v=1688471496,http://local.craft-base.com/cpresources/a0f602ab/element-resize-detector.js?v=1688471496,http://local.craft-base.com/cpresources/a5161d43/jquery.js?v=1688471496,http://local.craft-base.com/cpresources/f3eb69e9/jquery.mobile-events.js?v=1688471496,http://local.craft-base.com/cpresources/f62fb43c/velocity.js?v=1688471496,http://local.craft-base.com/cpresources/1987b0ea/garnish.js?v=1688471496,http://local.craft-base.com/cpresources/aff18d55/jquery-ui.js?v=1688471496,http://local.craft-base.com/cpresources/f3b8b68b/jquery.payment.js?v=1688471496,http://local.craft-base.com/cpresources/fdb33f4c/datepicker-en-GB.js?v=1688471496,http://local.craft-base.com/cpresources/cfe36c55/picturefill.js?v=1688471496,http://local.craft-base.com/cpresources/77a58b41/selectize.js?v=1688471496,http://local.craft-base.com/cpresources/b18a5bfe/jquery.fileupload.js?v=1688471496,http://local.craft-base.com/cpresources/c45bd155/xregexp-all.js?v=1688471496,http://local.craft-base.com/cpresources/313587fd/fabric.js?v=1688471496,http://local.craft-base.com/cpresources/6ab906f7/iframeResizer.js?v=1688471496,http://local.craft-base.com/cpresources/7bed2909/cp.js?v=1688471496,http://local.craft-base.com/cpresources/ea050731/js/verbb-ui.js?v=1688478197,http://local.craft-base.com/cpresources/2b83d9da/js/cp-nav.js?v=1688478197,http://local.craft-base.com/cpresources/e20f6c67/vue.js?v=1688477269,http://local.craft-base.com/cpresources/809f315/js/app.js?v=1688477269'
    'HTTP_X_CSRF_TOKEN' => '••••••••••••••••••••••••••••••••••••••••••••••••••••••••••••••••••••••••••••••••••••••••••••••••••••••••••••••••••••••••••••••••••••••••••••••••••••••••••••••••••••••••••••••••••••••••••••••••••••••••••••••••••••••••••••••••••••••••••••••••••••••••••••••••••••••••••••••••••••••••••••••••••••••••••••••••••••••••••••••••••••••••••••••••••••••••••••••••••••••••••••••••••••••••••••••••••••••••'
    'HTTP_ORIGIN' => 'http://local.craft-base.com'
    'HTTP_CONNECTION' => 'keep-alive'
    'HTTP_COOKIE' => 'CraftSessionId=ttpcp82b5nghbmvvn7mfi7eg98; CRAFT_CSRF_TOKEN=e53ec9fba2d28237be6fa8760b570401489d972166d4418ef748d4b7a0bcfda8a%3A2%3A%7Bi%3A0%3Bs%3A16%3A%22CRAFT_CSRF_TOKEN%22%3Bi%3A1%3Bs%3A147%3A%22Y09P8LqXVwoT18JOZBhyWDqHDwxPi93nVLRNQJX9%7C3a0e8ea60258375ae18a520557c14a34e07f3a724347cb1bd813aa9d1d73ab31Y09P8LqXVwoT18JOZBhyWDqHDwxPi93nVLRNQJX9%7C1%22%3B%7D; d901194284f7a5314cbcfabe3e1cccca_username=5e9c64b9117a985305fd76c06df2a4a3a4bb803b44c22e04f5af5181fa7bc24aa%3A2%3A%7Bi%3A0%3Bs%3A41%3A%22d901194284f7a5314cbcfabe3e1cccca_username%22%3Bi%3A1%3Bs%3A5%3A%22admin%22%3B%7D; d901194284f7a5314cbcfabe3e1cccca_identity=81a6233dcb985c7107d4bee64de52959dde1a8c2e74cdb2c805d2a2acd07ec78a%3A2%3A%7Bi%3A0%3Bs%3A41%3A%22d901194284f7a5314cbcfabe3e1cccca_identity%22%3Bi%3A1%3Bs%3A159%3A%22%5B1%2C%22%5B%5C%22S0Dz8U8tmqQqlHkBDOarand-_AA4Ylm6xr74S6kXE9MVqwF0JkMHvbc0tLZfWirPt7sVtzy1FyU8U_aUVZ4i8wXYTVxkM0cTfdXq%5C%22%2Cnull%2C%5C%2233f7ffa60f8bb768dd0686b902d6e243%5C%22%5D%22%2C3600%5D%22%3B%7D; __stripe_sid=5c89b1cb-3dfd-499a-85bf-649c0d1e4e052800c2; __stripe_mid=c28e3f6c-4161-490d-8da4-945b4befe3b3a7a8f8'
    'CONTENT_LENGTH' => '0'
    'PATH' => '/usr/bin:/bin:/usr/sbin:/sbin'
    'SERVER_SIGNATURE' => ''
    'SERVER_SOFTWARE' => 'Apache/2.4.54 (Unix) OpenSSL/1.0.2u PHP/8.2.0 mod_wsgi/3.5 Python/2.7.18 mod_fastcgi/mod_fastcgi-SNAP-0910052141 mod_perl/2.0.11 Perl/v5.30.1'
    'SERVER_NAME' => 'local.craft-base.com'
    'SERVER_ADDR' => '127.0.0.1'
    'SERVER_PORT' => '80'
    'REMOTE_ADDR' => '127.0.0.1'
    'DOCUMENT_ROOT' => '/Applications/MAMP/htdocs/local.craft-base.com/public_html'
    'REQUEST_SCHEME' => 'http'
    'CONTEXT_PREFIX' => ''
    'CONTEXT_DOCUMENT_ROOT' => '/Applications/MAMP/htdocs/local.craft-base.com/public_html'
    'SERVER_ADMIN' => 'you@example.com'
    'SCRIPT_FILENAME' => '/Applications/MAMP/htdocs/local.craft-base.com/public_html/index.php'
    'REMOTE_PORT' => '61757'
    'GATEWAY_INTERFACE' => 'CGI/1.1'
    'SERVER_PROTOCOL' => 'HTTP/1.1'
    'REQUEST_METHOD' => 'POST'
    'QUERY_STRING' => 'p=admin%2Factions%2Fqueue%2Frun&v=1688478453565'
    'REQUEST_URI' => '/index.php?p=admin%2Factions%2Fqueue%2Frun&v=1688478453565'
    'SCRIPT_NAME' => '/index.php'
    'PHP_SELF' => '/index.php'
    'REQUEST_TIME_FLOAT' => 1688478453.5657
    'REQUEST_TIME' => 1688478453
    'CRAFT_APP_ID' => 'CraftCMS--b4de22d4-063f-4dc6-9e27-6f45ddaa78c9'
    'CRAFT_ENVIRONMENT' => 'dev'
    'CRAFT_SECURITY_KEY' => '••••••••••••••••••••••••••••••••'
    'CRAFT_DB_DRIVER' => 'mysql'
    'CRAFT_DB_SERVER' => '127.0.0.1'
    'CRAFT_DB_PORT' => '8889'
    'CRAFT_DB_DATABASE' => 'craft_base'
    'CRAFT_DB_USER' => 'root'
    'CRAFT_DB_PASSWORD' => '••••'
    'CRAFT_DB_SCHEMA' => ''
    'CRAFT_DB_TABLE_PREFIX' => ''
    'DEV_MODE' => 'true'
    'ALLOW_ADMIN_CHANGES' => 'true'
    'DISALLOW_ROBOTS' => 'true'
    'PRIMARY_SITE_URL' => 'http://local.craft-base.com/'
] {"userId":1} 
2023-07-04 13:48:01 [queue.INFO] [yii\db\Connection::open] Opening DB connection: mysql:host=127.0.0.1;dbname=craft_base;port=8889 {"memory":765472} 
2023-07-04 13:48:01 [queue.INFO] [yii\web\Session::open] Session started {"memory":971648} 
2023-07-04 13:48:01 [queue.INFO] [adigital\cookieconsentbanner\CookieConsentBanner::init] Cookie Consent Banner plugin loaded {"memory":1091568} 
2023-07-04 13:48:01 [queue.INFO] [nystudio107\cookies\Cookies::init] Cookies plugin loaded {"memory":1111768} 
2023-07-04 13:48:01 [queue.INFO] [craft\queue\QueueLogBehavior::beforeExec]  [10] t9n:["app","Updating search indexes"] (attempt: 1, pid: 59353) - Started {"memory":1485776} 
2023-07-04 13:48:01 [queue.INFO] [craft\queue\QueueLogBehavior::afterExec]  [10] t9n:["app","Updating search indexes"] (attempt: 1, pid: 59353) - Done (time: 0.016s) {"memory":1838392} 
2023-07-04 13:48:01 [queue.INFO] [craft\queue\QueueLogBehavior::beforeExec]  [9] t9n:["app","Pruning extra revisions"] (attempt: 1, pid: 59353) - Started {"memory":1841840} 
2023-07-04 13:48:01 [queue.INFO] [craft\queue\QueueLogBehavior::afterExec]  [9] t9n:["app","Pruning extra revisions"] (attempt: 1, pid: 59353) - Done (time: 0.002s) {"memory":1865032} 
2023-07-04 13:48:01 [queue.INFO] [application] Request context:
$_GET = [
    'p' => 'admin/actions/queue/run'
    'v' => '1688478481517'
]

$_POST = []

$_FILES = []

$_COOKIE = [
    'CraftSessionId' => 'ttpcp82b5nghbmvvn7mfi7eg98'
    'CRAFT_CSRF_TOKEN' => '••••••••••••••••••••••••••••••••••••••••••••••••••••••••••••••••••••••••••••••••••••••••••••••••••••••••••••••••••••••••••••••••••••••••••••••••••••••••••••••••••••••••••••••••••••••••••••••••••••••••••••••••••••••••••••••••••••••••••••••••••••••••••••••••••'
    'd901194284f7a5314cbcfabe3e1cccca_username' => '5e9c64b9117a985305fd76c06df2a4a3a4bb803b44c22e04f5af5181fa7bc24aa:2:{i:0;s:41:\"d901194284f7a5314cbcfabe3e1cccca_username\";i:1;s:5:\"admin\";}'
    'd901194284f7a5314cbcfabe3e1cccca_identity' => '81a6233dcb985c7107d4bee64de52959dde1a8c2e74cdb2c805d2a2acd07ec78a:2:{i:0;s:41:\"d901194284f7a5314cbcfabe3e1cccca_identity\";i:1;s:159:\"[1,\"[\\\"S0Dz8U8tmqQqlHkBDOarand-_AA4Ylm6xr74S6kXE9MVqwF0JkMHvbc0tLZfWirPt7sVtzy1FyU8U_aUVZ4i8wXYTVxkM0cTfdXq\\\",null,\\\"33f7ffa60f8bb768dd0686b902d6e243\\\"]\",3600]\";}'
    '__stripe_sid' => '5c89b1cb-3dfd-499a-85bf-649c0d1e4e052800c2'
    '__stripe_mid' => 'c28e3f6c-4161-490d-8da4-945b4befe3b3a7a8f8'
]

$_SESSION = [
    'abbb3e31d8d7efd3e5a22ffb6dc93e28__flash' => []
    'd901194284f7a5314cbcfabe3e1cccca__token' => '••••••••••••••••••••••••••••••••••••••••••••••••••••••••••••••••••••••••••••••••••••••••••••••••••••'
    'd901194284f7a5314cbcfabe3e1cccca__id' => 1
    '__authKey' => '••••••••••••••••••••••••••••••••••••••••••••••••••••••••••••••••••••••••••••••••••••••••••••••••••••••••••••••••••••••••••••••••••••••••••••••••'
    'd901194284f7a5314cbcfabe3e1cccca__expire' => 1688482081
    '__duration' => 3600
    '0d288d4e658c316633fd8e56f46f25d4__flash' => []
]

$_SERVER = [
    'HTTP_HOST' => 'local.craft-base.com'
    'HTTP_USER_AGENT' => 'Mozilla/5.0 (Macintosh; Intel Mac OS X 10.15; rv:109.0) Gecko/20100101 Firefox/114.0'
    'HTTP_ACCEPT' => 'application/json, text/plain, */*'
    'HTTP_ACCEPT_LANGUAGE' => 'en-GB,en;q=0.5'
    'HTTP_ACCEPT_ENCODING' => 'gzip, deflate'
    'HTTP_REFERER' => 'http://local.craft-base.com/admin/settings/sections'
    'HTTP_X_REQUESTED_WITH' => 'XMLHttpRequest'
    'HTTP_X_REGISTERED_ASSET_BUNDLES' => ',verbb\\cpnav\\assetbundles\\CpNavAsset,verbb\\base\\assetbundles\\CpAsset,craft\\web\\assets\\cp\\CpAsset,craft\\web\\assets\\tailwindreset\\TailwindResetAsset,craft\\web\\assets\\axios\\AxiosAsset,craft\\web\\assets\\d3\\D3Asset,craft\\web\\assets\\elementresizedetector\\ElementResizeDetectorAsset,craft\\web\\assets\\garnish\\GarnishAsset,yii\\web\\JqueryAsset,craft\\web\\assets\\jquerytouchevents\\JqueryTouchEventsAsset,craft\\web\\assets\\velocity\\VelocityAsset,craft\\web\\assets\\jqueryui\\JqueryUiAsset,craft\\web\\assets\\jquerypayment\\JqueryPaymentAsset,craft\\web\\assets\\datepickeri18n\\DatepickerI18nAsset,craft\\web\\assets\\picturefill\\PicturefillAsset,craft\\web\\assets\\selectize\\SelectizeAsset,craft\\web\\assets\\fileupload\\FileUploadAsset,craft\\web\\assets\\xregexp\\XregexpAsset,craft\\web\\assets\\fabric\\FabricAsset,craft\\web\\assets\\iframeresizer\\IframeResizerAsset,craft\\web\\assets\\admintable\\AdminTableAsset,craft\\web\\assets\\vue\\VueAsset'
    'HTTP_X_REGISTERED_JS_FILES' => ',http://local.craft-base.com/cpresources/70b03163/tailwind_reset.js?v=1688471496,http://local.craft-base.com/cpresources/47dc27af/axios.js?v=1688471496,http://local.craft-base.com/cpresources/61d80f40/d3.js?v=1688471496,http://local.craft-base.com/cpresources/a0f602ab/element-resize-detector.js?v=1688471496,http://local.craft-base.com/cpresources/a5161d43/jquery.js?v=1688471496,http://local.craft-base.com/cpresources/f3eb69e9/jquery.mobile-events.js?v=1688471496,http://local.craft-base.com/cpresources/f62fb43c/velocity.js?v=1688471496,http://local.craft-base.com/cpresources/1987b0ea/garnish.js?v=1688471496,http://local.craft-base.com/cpresources/aff18d55/jquery-ui.js?v=1688471496,http://local.craft-base.com/cpresources/f3b8b68b/jquery.payment.js?v=1688471496,http://local.craft-base.com/cpresources/fdb33f4c/datepicker-en-GB.js?v=1688471496,http://local.craft-base.com/cpresources/cfe36c55/picturefill.js?v=1688471496,http://local.craft-base.com/cpresources/77a58b41/selectize.js?v=1688471496,http://local.craft-base.com/cpresources/b18a5bfe/jquery.fileupload.js?v=1688471496,http://local.craft-base.com/cpresources/c45bd155/xregexp-all.js?v=1688471496,http://local.craft-base.com/cpresources/313587fd/fabric.js?v=1688471496,http://local.craft-base.com/cpresources/6ab906f7/iframeResizer.js?v=1688471496,http://local.craft-base.com/cpresources/7bed2909/cp.js?v=1688471496,http://local.craft-base.com/cpresources/ea050731/js/verbb-ui.js?v=1688478197,http://local.craft-base.com/cpresources/2b83d9da/js/cp-nav.js?v=1688478197,http://local.craft-base.com/cpresources/e20f6c67/vue.js?v=1688477269,http://local.craft-base.com/cpresources/809f315/js/app.js?v=1688477269'
    'HTTP_X_CSRF_TOKEN' => '••••••••••••••••••••••••••••••••••••••••••••••••••••••••••••••••••••••••••••••••••••••••••••••••••••••••••••••••••••••••••••••••••••••••••••••••••••••••••••••••••••••••••••••••••••••••••••••••••••••••••••••••••••••••••••••••••••••••••••••••••••••••••••••••••••••••••••••••••••••••••••••••••••••••••••••••••••••••••••••••••••••••••••••••••••••••••••••••••••••••••••••••••••••••••••••••••••••••'
    'HTTP_ORIGIN' => 'http://local.craft-base.com'
    'HTTP_CONNECTION' => 'keep-alive'
    'HTTP_COOKIE' => 'CraftSessionId=ttpcp82b5nghbmvvn7mfi7eg98; CRAFT_CSRF_TOKEN=e53ec9fba2d28237be6fa8760b570401489d972166d4418ef748d4b7a0bcfda8a%3A2%3A%7Bi%3A0%3Bs%3A16%3A%22CRAFT_CSRF_TOKEN%22%3Bi%3A1%3Bs%3A147%3A%22Y09P8LqXVwoT18JOZBhyWDqHDwxPi93nVLRNQJX9%7C3a0e8ea60258375ae18a520557c14a34e07f3a724347cb1bd813aa9d1d73ab31Y09P8LqXVwoT18JOZBhyWDqHDwxPi93nVLRNQJX9%7C1%22%3B%7D; d901194284f7a5314cbcfabe3e1cccca_username=5e9c64b9117a985305fd76c06df2a4a3a4bb803b44c22e04f5af5181fa7bc24aa%3A2%3A%7Bi%3A0%3Bs%3A41%3A%22d901194284f7a5314cbcfabe3e1cccca_username%22%3Bi%3A1%3Bs%3A5%3A%22admin%22%3B%7D; d901194284f7a5314cbcfabe3e1cccca_identity=81a6233dcb985c7107d4bee64de52959dde1a8c2e74cdb2c805d2a2acd07ec78a%3A2%3A%7Bi%3A0%3Bs%3A41%3A%22d901194284f7a5314cbcfabe3e1cccca_identity%22%3Bi%3A1%3Bs%3A159%3A%22%5B1%2C%22%5B%5C%22S0Dz8U8tmqQqlHkBDOarand-_AA4Ylm6xr74S6kXE9MVqwF0JkMHvbc0tLZfWirPt7sVtzy1FyU8U_aUVZ4i8wXYTVxkM0cTfdXq%5C%22%2Cnull%2C%5C%2233f7ffa60f8bb768dd0686b902d6e243%5C%22%5D%22%2C3600%5D%22%3B%7D; __stripe_sid=5c89b1cb-3dfd-499a-85bf-649c0d1e4e052800c2; __stripe_mid=c28e3f6c-4161-490d-8da4-945b4befe3b3a7a8f8'
    'CONTENT_LENGTH' => '0'
    'PATH' => '/usr/bin:/bin:/usr/sbin:/sbin'
    'SERVER_SIGNATURE' => ''
    'SERVER_SOFTWARE' => 'Apache/2.4.54 (Unix) OpenSSL/1.0.2u PHP/8.2.0 mod_wsgi/3.5 Python/2.7.18 mod_fastcgi/mod_fastcgi-SNAP-0910052141 mod_perl/2.0.11 Perl/v5.30.1'
    'SERVER_NAME' => 'local.craft-base.com'
    'SERVER_ADDR' => '127.0.0.1'
    'SERVER_PORT' => '80'
    'REMOTE_ADDR' => '127.0.0.1'
    'DOCUMENT_ROOT' => '/Applications/MAMP/htdocs/local.craft-base.com/public_html'
    'REQUEST_SCHEME' => 'http'
    'CONTEXT_PREFIX' => ''
    'CONTEXT_DOCUMENT_ROOT' => '/Applications/MAMP/htdocs/local.craft-base.com/public_html'
    'SERVER_ADMIN' => 'you@example.com'
    'SCRIPT_FILENAME' => '/Applications/MAMP/htdocs/local.craft-base.com/public_html/index.php'
    'REMOTE_PORT' => '61838'
    'GATEWAY_INTERFACE' => 'CGI/1.1'
    'SERVER_PROTOCOL' => 'HTTP/1.1'
    'REQUEST_METHOD' => 'POST'
    'QUERY_STRING' => 'p=admin%2Factions%2Fqueue%2Frun&v=1688478481517'
    'REQUEST_URI' => '/index.php?p=admin%2Factions%2Fqueue%2Frun&v=1688478481517'
    'SCRIPT_NAME' => '/index.php'
    'PHP_SELF' => '/index.php'
    'REQUEST_TIME_FLOAT' => 1688478481.5189
    'REQUEST_TIME' => 1688478481
    'CRAFT_APP_ID' => 'CraftCMS--b4de22d4-063f-4dc6-9e27-6f45ddaa78c9'
    'CRAFT_ENVIRONMENT' => 'dev'
    'CRAFT_SECURITY_KEY' => '••••••••••••••••••••••••••••••••'
    'CRAFT_DB_DRIVER' => 'mysql'
    'CRAFT_DB_SERVER' => '127.0.0.1'
    'CRAFT_DB_PORT' => '8889'
    'CRAFT_DB_DATABASE' => 'craft_base'
    'CRAFT_DB_USER' => 'root'
    'CRAFT_DB_PASSWORD' => '••••'
    'CRAFT_DB_SCHEMA' => ''
    'CRAFT_DB_TABLE_PREFIX' => ''
    'DEV_MODE' => 'true'
    'ALLOW_ADMIN_CHANGES' => 'true'
    'DISALLOW_ROBOTS' => 'true'
    'PRIMARY_SITE_URL' => 'http://local.craft-base.com/'
] {"userId":1} 
